[0.007s] Invoking command in '/home/ian/Documents/ARUS/proyect_academy/build/my_simulator_interfaces': CMAKE_PREFIX_PATH=${CMAKE_PREFIX_PATH}:/opt/ros/humble /usr/bin/cmake --build /home/ian/Documents/ARUS/proyect_academy/build/my_simulator_interfaces -- -j4 -l4
[0.022s] -- Found ament_cmake: 1.3.12 (/opt/ros/humble/share/ament_cmake/cmake)
[0.107s] -- Found geometry_msgs: 4.9.0 (/opt/ros/humble/share/geometry_msgs/cmake)
[0.122s] -- Found rosidl_generator_c: 3.1.7 (/opt/ros/humble/share/rosidl_generator_c/cmake)
[0.124s] -- Found rosidl_adapter: 3.1.7 (/opt/ros/humble/share/rosidl_adapter/cmake)
[0.129s] -- Found rosidl_generator_cpp: 3.1.7 (/opt/ros/humble/share/rosidl_generator_cpp/cmake)
[0.134s] -- Using all available rosidl_typesupport_c: rosidl_typesupport_fastrtps_c;rosidl_typesupport_introspection_c
[0.143s] -- Using all available rosidl_typesupport_cpp: rosidl_typesupport_fastrtps_cpp;rosidl_typesupport_introspection_cpp
[0.163s] -- Found rosidl_default_generators: 1.2.0 (/opt/ros/humble/share/rosidl_default_generators/cmake)
[0.205s] -- Configuring done
[0.206s] -- Generating done
[0.208s] -- Build files have been written to: /home/ian/Documents/ARUS/proyect_academy/build/my_simulator_interfaces
[0.223s] Invoked command in '/home/ian/Documents/ARUS/proyect_academy/build/my_simulator_interfaces' returned '0': CMAKE_PREFIX_PATH=${CMAKE_PREFIX_PATH}:/opt/ros/humble /usr/bin/cmake --build /home/ian/Documents/ARUS/proyect_academy/build/my_simulator_interfaces -- -j4 -l4
[0.229s] Invoking command in '/home/ian/Documents/ARUS/proyect_academy/build/my_simulator_interfaces': CMAKE_PREFIX_PATH=${CMAKE_PREFIX_PATH}:/opt/ros/humble /usr/bin/cmake --install /home/ian/Documents/ARUS/proyect_academy/build/my_simulator_interfaces
[0.233s] -- Install configuration: ""
[0.234s] -- Up-to-date: /home/ian/Documents/ARUS/proyect_academy/install/my_simulator_interfaces/share/ament_index/resource_index/package_run_dependencies/my_simulator_interfaces
[0.234s] -- Up-to-date: /home/ian/Documents/ARUS/proyect_academy/install/my_simulator_interfaces/share/ament_index/resource_index/parent_prefix_path/my_simulator_interfaces
[0.234s] -- Up-to-date: /home/ian/Documents/ARUS/proyect_academy/install/my_simulator_interfaces/share/my_simulator_interfaces/environment/ament_prefix_path.sh
[0.234s] -- Installing: /home/ian/Documents/ARUS/proyect_academy/install/my_simulator_interfaces/share/my_simulator_interfaces/environment/ament_prefix_path.dsv
[0.234s] -- Up-to-date: /home/ian/Documents/ARUS/proyect_academy/install/my_simulator_interfaces/share/my_simulator_interfaces/environment/path.sh
[0.235s] -- Installing: /home/ian/Documents/ARUS/proyect_academy/install/my_simulator_interfaces/share/my_simulator_interfaces/environment/path.dsv
[0.235s] -- Up-to-date: /home/ian/Documents/ARUS/proyect_academy/install/my_simulator_interfaces/share/my_simulator_interfaces/local_setup.bash
[0.235s] -- Installing: /home/ian/Documents/ARUS/proyect_academy/install/my_simulator_interfaces/share/my_simulator_interfaces/local_setup.sh
[0.236s] -- Up-to-date: /home/ian/Documents/ARUS/proyect_academy/install/my_simulator_interfaces/share/my_simulator_interfaces/local_setup.zsh
[0.236s] -- Installing: /home/ian/Documents/ARUS/proyect_academy/install/my_simulator_interfaces/share/my_simulator_interfaces/local_setup.dsv
[0.236s] -- Installing: /home/ian/Documents/ARUS/proyect_academy/install/my_simulator_interfaces/share/my_simulator_interfaces/package.dsv
[0.236s] -- Up-to-date: /home/ian/Documents/ARUS/proyect_academy/install/my_simulator_interfaces/share/ament_index/resource_index/packages/my_simulator_interfaces
[0.236s] -- Installing: /home/ian/Documents/ARUS/proyect_academy/install/my_simulator_interfaces/share/my_simulator_interfaces/cmake/ament_cmake_export_dependencies-extras.cmake
[0.236s] -- Installing: /home/ian/Documents/ARUS/proyect_academy/install/my_simulator_interfaces/share/my_simulator_interfaces/cmake/my_simulator_interfacesConfig.cmake
[0.236s] -- Up-to-date: /home/ian/Documents/ARUS/proyect_academy/install/my_simulator_interfaces/share/my_simulator_interfaces/cmake/my_simulator_interfacesConfig-version.cmake
[0.236s] -- Installing: /home/ian/Documents/ARUS/proyect_academy/install/my_simulator_interfaces/share/my_simulator_interfaces/package.xml
[0.238s] Invoked command in '/home/ian/Documents/ARUS/proyect_academy/build/my_simulator_interfaces' returned '0': CMAKE_PREFIX_PATH=${CMAKE_PREFIX_PATH}:/opt/ros/humble /usr/bin/cmake --install /home/ian/Documents/ARUS/proyect_academy/build/my_simulator_interfaces
