[0.010s] Invoking command in '/home/ian/Documents/ARUS/proyect_academy/build/my_simulator': AMENT_PREFIX_PATH=/home/ian/Documents/ARUS/proyect_academy/install/my_simulator_interfaces:${AMENT_PREFIX_PATH} CMAKE_PREFIX_PATH=/home/ian/Documents/ARUS/proyect_academy/install/my_simulator_interfaces:/opt/ros/humble LD_LIBRARY_PATH=/home/ian/Documents/ARUS/proyect_academy/install/my_simulator_interfaces/lib:${LD_LIBRARY_PATH} PYTHONPATH=/home/ian/Documents/ARUS/proyect_academy/install/my_simulator_interfaces/local/lib/python3.10/dist-packages:${PYTHONPATH} /usr/bin/cmake --build /home/ian/Documents/ARUS/proyect_academy/build/my_simulator -- -j4 -l4
[0.091s] [35m[1mConsolidate compiler generated dependencies of target CommandPublisher[0m
[0.105s] [ 40%] [32mBuilding CXX object CMakeFiles/my_simulator.dir/src/my_simulator.cpp.o[0m
[0.105s] [ 40%] [32mBuilding CXX object CMakeFiles/my_simulator.dir/src/main.cpp.o[0m
[0.110s] [ 80%] Built target CommandPublisher
[11.090s] [100%] [32m[1mLinking CXX executable my_simulator[0m
[11.741s] [100%] Built target my_simulator
[11.752s] Invoked command in '/home/ian/Documents/ARUS/proyect_academy/build/my_simulator' returned '0': AMENT_PREFIX_PATH=/home/ian/Documents/ARUS/proyect_academy/install/my_simulator_interfaces:${AMENT_PREFIX_PATH} CMAKE_PREFIX_PATH=/home/ian/Documents/ARUS/proyect_academy/install/my_simulator_interfaces:/opt/ros/humble LD_LIBRARY_PATH=/home/ian/Documents/ARUS/proyect_academy/install/my_simulator_interfaces/lib:${LD_LIBRARY_PATH} PYTHONPATH=/home/ian/Documents/ARUS/proyect_academy/install/my_simulator_interfaces/local/lib/python3.10/dist-packages:${PYTHONPATH} /usr/bin/cmake --build /home/ian/Documents/ARUS/proyect_academy/build/my_simulator -- -j4 -l4
[11.756s] Invoking command in '/home/ian/Documents/ARUS/proyect_academy/build/my_simulator': AMENT_PREFIX_PATH=/home/ian/Documents/ARUS/proyect_academy/install/my_simulator_interfaces:${AMENT_PREFIX_PATH} CMAKE_PREFIX_PATH=/home/ian/Documents/ARUS/proyect_academy/install/my_simulator_interfaces:/opt/ros/humble LD_LIBRARY_PATH=/home/ian/Documents/ARUS/proyect_academy/install/my_simulator_interfaces/lib:${LD_LIBRARY_PATH} PYTHONPATH=/home/ian/Documents/ARUS/proyect_academy/install/my_simulator_interfaces/local/lib/python3.10/dist-packages:${PYTHONPATH} /usr/bin/cmake --install /home/ian/Documents/ARUS/proyect_academy/build/my_simulator
[11.764s] -- Install configuration: ""
[11.764s] -- Installing: /home/ian/Documents/ARUS/proyect_academy/install/my_simulator/lib/my_simulator/my_simulator
[11.770s] -- Set runtime path of "/home/ian/Documents/ARUS/proyect_academy/install/my_simulator/lib/my_simulator/my_simulator" to ""
[11.773s] -- Up-to-date: /home/ian/Documents/ARUS/proyect_academy/install/my_simulator/lib/my_simulator/CommandPublisher
[11.773s] -- Up-to-date: /home/ian/Documents/ARUS/proyect_academy/install/my_simulator/share/my_simulator/launch
[11.773s] -- Up-to-date: /home/ian/Documents/ARUS/proyect_academy/install/my_simulator/share/my_simulator/launch/my_simulator_launch.py
[11.773s] -- Up-to-date: /home/ian/Documents/ARUS/proyect_academy/install/my_simulator/share/my_simulator/config
[11.773s] -- Up-to-date: /home/ian/Documents/ARUS/proyect_academy/install/my_simulator/share/my_simulator/config/my_simulator.rviz
[11.773s] -- Up-to-date: /home/ian/Documents/ARUS/proyect_academy/install/my_simulator/share/ament_index/resource_index/package_run_dependencies/my_simulator
[11.773s] -- Up-to-date: /home/ian/Documents/ARUS/proyect_academy/install/my_simulator/share/ament_index/resource_index/parent_prefix_path/my_simulator
[11.773s] -- Up-to-date: /home/ian/Documents/ARUS/proyect_academy/install/my_simulator/share/my_simulator/environment/ament_prefix_path.sh
[11.773s] -- Up-to-date: /home/ian/Documents/ARUS/proyect_academy/install/my_simulator/share/my_simulator/environment/ament_prefix_path.dsv
[11.773s] -- Up-to-date: /home/ian/Documents/ARUS/proyect_academy/install/my_simulator/share/my_simulator/environment/path.sh
[11.773s] -- Up-to-date: /home/ian/Documents/ARUS/proyect_academy/install/my_simulator/share/my_simulator/environment/path.dsv
[11.773s] -- Up-to-date: /home/ian/Documents/ARUS/proyect_academy/install/my_simulator/share/my_simulator/local_setup.bash
[11.773s] -- Up-to-date: /home/ian/Documents/ARUS/proyect_academy/install/my_simulator/share/my_simulator/local_setup.sh
[11.774s] -- Up-to-date: /home/ian/Documents/ARUS/proyect_academy/install/my_simulator/share/my_simulator/local_setup.zsh
[11.774s] -- Up-to-date: /home/ian/Documents/ARUS/proyect_academy/install/my_simulator/share/my_simulator/local_setup.dsv
[11.774s] -- Installing: /home/ian/Documents/ARUS/proyect_academy/install/my_simulator/share/my_simulator/package.dsv
[11.774s] -- Up-to-date: /home/ian/Documents/ARUS/proyect_academy/install/my_simulator/share/ament_index/resource_index/packages/my_simulator
[11.774s] -- Up-to-date: /home/ian/Documents/ARUS/proyect_academy/install/my_simulator/share/my_simulator/cmake/my_simulatorConfig.cmake
[11.774s] -- Up-to-date: /home/ian/Documents/ARUS/proyect_academy/install/my_simulator/share/my_simulator/cmake/my_simulatorConfig-version.cmake
[11.774s] -- Up-to-date: /home/ian/Documents/ARUS/proyect_academy/install/my_simulator/share/my_simulator/package.xml
[11.777s] Invoked command in '/home/ian/Documents/ARUS/proyect_academy/build/my_simulator' returned '0': AMENT_PREFIX_PATH=/home/ian/Documents/ARUS/proyect_academy/install/my_simulator_interfaces:${AMENT_PREFIX_PATH} CMAKE_PREFIX_PATH=/home/ian/Documents/ARUS/proyect_academy/install/my_simulator_interfaces:/opt/ros/humble LD_LIBRARY_PATH=/home/ian/Documents/ARUS/proyect_academy/install/my_simulator_interfaces/lib:${LD_LIBRARY_PATH} PYTHONPATH=/home/ian/Documents/ARUS/proyect_academy/install/my_simulator_interfaces/local/lib/python3.10/dist-packages:${PYTHONPATH} /usr/bin/cmake --install /home/ian/Documents/ARUS/proyect_academy/build/my_simulator
