[0.007s] Invoking command in '/home/ian/Documents/ARUS/proyect_academy/build/my_simulator': CMAKE_PREFIX_PATH=/home/ian/Documents/ARUS/proyect_academy/install/my_simulator_interfaces:/home/ian/Documents/ARUS/proyect_academy/install/my_simulator:/opt/ros/humble /usr/bin/cmake --build /home/ian/Documents/ARUS/proyect_academy/build/my_simulator -- -j4 -l4
[0.036s] [35m[1mConsolidate compiler generated dependencies of target CommandPublisher[0m
[0.047s] [ 20%] [32mBuilding CXX object CMakeFiles/my_simulator.dir/src/my_simulator.cpp.o[0m
[0.048s] [ 60%] Built target CommandPublisher
[6.160s] [ 80%] [32m[1mLinking CXX executable my_simulator[0m
[6.509s] [100%] Built target my_simulator
[6.523s] Invoked command in '/home/ian/Documents/ARUS/proyect_academy/build/my_simulator' returned '0': CMAKE_PREFIX_PATH=/home/ian/Documents/ARUS/proyect_academy/install/my_simulator_interfaces:/home/ian/Documents/ARUS/proyect_academy/install/my_simulator:/opt/ros/humble /usr/bin/cmake --build /home/ian/Documents/ARUS/proyect_academy/build/my_simulator -- -j4 -l4
[6.523s] Invoking command in '/home/ian/Documents/ARUS/proyect_academy/build/my_simulator': CMAKE_PREFIX_PATH=/home/ian/Documents/ARUS/proyect_academy/install/my_simulator_interfaces:/home/ian/Documents/ARUS/proyect_academy/install/my_simulator:/opt/ros/humble /usr/bin/cmake --install /home/ian/Documents/ARUS/proyect_academy/build/my_simulator
[6.528s] -- Install configuration: ""
[6.528s] -- Installing: /home/ian/Documents/ARUS/proyect_academy/install/my_simulator/lib/my_simulator/my_simulator
[6.534s] -- Set runtime path of "/home/ian/Documents/ARUS/proyect_academy/install/my_simulator/lib/my_simulator/my_simulator" to ""
[6.534s] -- Up-to-date: /home/ian/Documents/ARUS/proyect_academy/install/my_simulator/lib/my_simulator/CommandPublisher
[6.534s] -- Up-to-date: /home/ian/Documents/ARUS/proyect_academy/install/my_simulator/share/my_simulator/launch
[6.534s] -- Up-to-date: /home/ian/Documents/ARUS/proyect_academy/install/my_simulator/share/my_simulator/launch/my_simulator_launch.py
[6.534s] -- Up-to-date: /home/ian/Documents/ARUS/proyect_academy/install/my_simulator/share/my_simulator/config
[6.534s] -- Up-to-date: /home/ian/Documents/ARUS/proyect_academy/install/my_simulator/share/my_simulator/config/my_simulator.rviz
[6.534s] -- Up-to-date: /home/ian/Documents/ARUS/proyect_academy/install/my_simulator/share/ament_index/resource_index/package_run_dependencies/my_simulator
[6.534s] -- Up-to-date: /home/ian/Documents/ARUS/proyect_academy/install/my_simulator/share/ament_index/resource_index/parent_prefix_path/my_simulator
[6.535s] -- Up-to-date: /home/ian/Documents/ARUS/proyect_academy/install/my_simulator/share/my_simulator/environment/ament_prefix_path.sh
[6.535s] -- Up-to-date: /home/ian/Documents/ARUS/proyect_academy/install/my_simulator/share/my_simulator/environment/ament_prefix_path.dsv
[6.535s] -- Up-to-date: /home/ian/Documents/ARUS/proyect_academy/install/my_simulator/share/my_simulator/environment/path.sh
[6.535s] -- Up-to-date: /home/ian/Documents/ARUS/proyect_academy/install/my_simulator/share/my_simulator/environment/path.dsv
[6.535s] -- Up-to-date: /home/ian/Documents/ARUS/proyect_academy/install/my_simulator/share/my_simulator/local_setup.bash
[6.535s] -- Up-to-date: /home/ian/Documents/ARUS/proyect_academy/install/my_simulator/share/my_simulator/local_setup.sh
[6.535s] -- Up-to-date: /home/ian/Documents/ARUS/proyect_academy/install/my_simulator/share/my_simulator/local_setup.zsh
[6.535s] -- Up-to-date: /home/ian/Documents/ARUS/proyect_academy/install/my_simulator/share/my_simulator/local_setup.dsv
[6.537s] -- Installing: /home/ian/Documents/ARUS/proyect_academy/install/my_simulator/share/my_simulator/package.dsv
[6.537s] -- Up-to-date: /home/ian/Documents/ARUS/proyect_academy/install/my_simulator/share/ament_index/resource_index/packages/my_simulator
[6.537s] -- Up-to-date: /home/ian/Documents/ARUS/proyect_academy/install/my_simulator/share/my_simulator/cmake/my_simulatorConfig.cmake
[6.537s] -- Up-to-date: /home/ian/Documents/ARUS/proyect_academy/install/my_simulator/share/my_simulator/cmake/my_simulatorConfig-version.cmake
[6.537s] -- Up-to-date: /home/ian/Documents/ARUS/proyect_academy/install/my_simulator/share/my_simulator/package.xml
[6.539s] Invoked command in '/home/ian/Documents/ARUS/proyect_academy/build/my_simulator' returned '0': CMAKE_PREFIX_PATH=/home/ian/Documents/ARUS/proyect_academy/install/my_simulator_interfaces:/home/ian/Documents/ARUS/proyect_academy/install/my_simulator:/opt/ros/humble /usr/bin/cmake --install /home/ian/Documents/ARUS/proyect_academy/build/my_simulator
