[0.737s] DEBUG:colcon:Command line arguments: ['/usr/bin/colcon', 'build']
[0.737s] DEBUG:colcon:Parsed command line arguments: Namespace(log_base=None, log_level=None, verb_name='build', build_base='build', install_base='install', merge_install=False, symlink_install=False, test_result_base=None, continue_on_error=False, executor='parallel', parallel_workers=4, event_handlers=None, ignore_user_meta=False, metas=['./colcon.meta'], base_paths=['.'], packages_ignore=None, packages_ignore_regex=None, paths=None, packages_up_to=None, packages_up_to_regex=None, packages_above=None, packages_above_and_dependencies=None, packages_above_depth=None, packages_select_by_dep=None, packages_skip_by_dep=None, packages_skip_up_to=None, packages_select_build_failed=False, packages_skip_build_finished=False, packages_select_test_failures=False, packages_skip_test_passed=False, packages_select=None, packages_skip=None, packages_select_regex=None, packages_skip_regex=None, packages_start=None, packages_end=None, allow_overriding=[], cmake_args=None, cmake_target=None, cmake_target_skip_unavailable=False, cmake_clean_cache=False, cmake_clean_first=False, cmake_force_configure=False, ament_cmake_args=None, catkin_cmake_args=None, catkin_skip_building_tests=False, mixin_files=None, mixin=None, verb_parser=<colcon_mixin.mixin.mixin_argument.MixinArgumentDecorator object at 0x70a23d96d270>, verb_extension=<colcon_core.verb.build.BuildVerb object at 0x70a23da76170>, main=<bound method BuildVerb.main of <colcon_core.verb.build.BuildVerb object at 0x70a23da76170>>, mixin_verb=('build',))
[1.238s] Level 1:colcon.colcon_core.package_discovery:discover_packages(colcon_meta) check parameters
[1.238s] Level 1:colcon.colcon_core.package_discovery:discover_packages(recursive) check parameters
[1.238s] Level 1:colcon.colcon_core.package_discovery:discover_packages(ignore) check parameters
[1.238s] Level 1:colcon.colcon_core.package_discovery:discover_packages(path) check parameters
[1.238s] Level 1:colcon.colcon_core.package_discovery:discover_packages(colcon_meta) discover
[1.239s] Level 1:colcon.colcon_core.package_discovery:discover_packages(recursive) discover
[1.239s] INFO:colcon.colcon_core.package_discovery:Crawling recursively for packages in '/home/ian/Documents/ARUS/proyect_academy'
[1.239s] Level 1:colcon.colcon_core.package_identification:_identify(.) by extensions ['ignore', 'ignore_ament_install']
[1.239s] Level 1:colcon.colcon_core.package_identification:_identify(.) by extension 'ignore'
[1.239s] Level 1:colcon.colcon_core.package_identification:_identify(.) by extension 'ignore_ament_install'
[1.239s] Level 1:colcon.colcon_core.package_identification:_identify(.) by extensions ['colcon_pkg']
[1.239s] Level 1:colcon.colcon_core.package_identification:_identify(.) by extension 'colcon_pkg'
[1.239s] Level 1:colcon.colcon_core.package_identification:_identify(.) by extensions ['colcon_meta']
[1.240s] Level 1:colcon.colcon_core.package_identification:_identify(.) by extension 'colcon_meta'
[1.240s] Level 1:colcon.colcon_core.package_identification:_identify(.) by extensions ['ros']
[1.240s] Level 1:colcon.colcon_core.package_identification:_identify(.) by extension 'ros'
[1.253s] Level 1:colcon.colcon_core.package_identification:_identify(.) by extensions ['cmake', 'python']
[1.253s] Level 1:colcon.colcon_core.package_identification:_identify(.) by extension 'cmake'
[1.253s] Level 1:colcon.colcon_core.package_identification:_identify(.) by extension 'python'
[1.253s] Level 1:colcon.colcon_core.package_identification:_identify(.) by extensions ['python_setup_py']
[1.253s] Level 1:colcon.colcon_core.package_identification:_identify(.) by extension 'python_setup_py'
[1.253s] Level 1:colcon.colcon_core.package_identification:_identify(build) by extensions ['ignore', 'ignore_ament_install']
[1.254s] Level 1:colcon.colcon_core.package_identification:_identify(build) by extension 'ignore'
[1.254s] Level 1:colcon.colcon_core.package_identification:_identify(build) ignored
[1.254s] Level 1:colcon.colcon_core.package_identification:_identify(install) by extensions ['ignore', 'ignore_ament_install']
[1.254s] Level 1:colcon.colcon_core.package_identification:_identify(install) by extension 'ignore'
[1.254s] Level 1:colcon.colcon_core.package_identification:_identify(install) ignored
[1.254s] Level 1:colcon.colcon_core.package_identification:_identify(log) by extensions ['ignore', 'ignore_ament_install']
[1.254s] Level 1:colcon.colcon_core.package_identification:_identify(log) by extension 'ignore'
[1.254s] Level 1:colcon.colcon_core.package_identification:_identify(log) ignored
[1.254s] Level 1:colcon.colcon_core.package_identification:_identify(src) by extensions ['ignore', 'ignore_ament_install']
[1.254s] Level 1:colcon.colcon_core.package_identification:_identify(src) by extension 'ignore'
[1.255s] Level 1:colcon.colcon_core.package_identification:_identify(src) by extension 'ignore_ament_install'
[1.255s] Level 1:colcon.colcon_core.package_identification:_identify(src) by extensions ['colcon_pkg']
[1.255s] Level 1:colcon.colcon_core.package_identification:_identify(src) by extension 'colcon_pkg'
[1.255s] Level 1:colcon.colcon_core.package_identification:_identify(src) by extensions ['colcon_meta']
[1.255s] Level 1:colcon.colcon_core.package_identification:_identify(src) by extension 'colcon_meta'
[1.255s] Level 1:colcon.colcon_core.package_identification:_identify(src) by extensions ['ros']
[1.255s] Level 1:colcon.colcon_core.package_identification:_identify(src) by extension 'ros'
[1.255s] Level 1:colcon.colcon_core.package_identification:_identify(src) by extensions ['cmake', 'python']
[1.255s] Level 1:colcon.colcon_core.package_identification:_identify(src) by extension 'cmake'
[1.255s] Level 1:colcon.colcon_core.package_identification:_identify(src) by extension 'python'
[1.255s] Level 1:colcon.colcon_core.package_identification:_identify(src) by extensions ['python_setup_py']
[1.255s] Level 1:colcon.colcon_core.package_identification:_identify(src) by extension 'python_setup_py'
[1.255s] Level 1:colcon.colcon_core.package_identification:_identify(src/my_simulator) by extensions ['ignore', 'ignore_ament_install']
[1.255s] Level 1:colcon.colcon_core.package_identification:_identify(src/my_simulator) by extension 'ignore'
[1.255s] Level 1:colcon.colcon_core.package_identification:_identify(src/my_simulator) by extension 'ignore_ament_install'
[1.255s] Level 1:colcon.colcon_core.package_identification:_identify(src/my_simulator) by extensions ['colcon_pkg']
[1.255s] Level 1:colcon.colcon_core.package_identification:_identify(src/my_simulator) by extension 'colcon_pkg'
[1.255s] Level 1:colcon.colcon_core.package_identification:_identify(src/my_simulator) by extensions ['colcon_meta']
[1.255s] Level 1:colcon.colcon_core.package_identification:_identify(src/my_simulator) by extension 'colcon_meta'
[1.256s] Level 1:colcon.colcon_core.package_identification:_identify(src/my_simulator) by extensions ['ros']
[1.256s] Level 1:colcon.colcon_core.package_identification:_identify(src/my_simulator) by extension 'ros'
[1.261s] DEBUG:colcon.colcon_core.package_identification:Package 'src/my_simulator' with type 'ros.ament_cmake' and name 'my_simulator'
[1.261s] Level 1:colcon.colcon_core.package_identification:_identify(src/my_simulator_interfaces) by extensions ['ignore', 'ignore_ament_install']
[1.261s] Level 1:colcon.colcon_core.package_identification:_identify(src/my_simulator_interfaces) by extension 'ignore'
[1.262s] Level 1:colcon.colcon_core.package_identification:_identify(src/my_simulator_interfaces) by extension 'ignore_ament_install'
[1.262s] Level 1:colcon.colcon_core.package_identification:_identify(src/my_simulator_interfaces) by extensions ['colcon_pkg']
[1.262s] Level 1:colcon.colcon_core.package_identification:_identify(src/my_simulator_interfaces) by extension 'colcon_pkg'
[1.262s] Level 1:colcon.colcon_core.package_identification:_identify(src/my_simulator_interfaces) by extensions ['colcon_meta']
[1.262s] Level 1:colcon.colcon_core.package_identification:_identify(src/my_simulator_interfaces) by extension 'colcon_meta'
[1.262s] Level 1:colcon.colcon_core.package_identification:_identify(src/my_simulator_interfaces) by extensions ['ros']
[1.262s] Level 1:colcon.colcon_core.package_identification:_identify(src/my_simulator_interfaces) by extension 'ros'
[1.263s] DEBUG:colcon.colcon_core.package_identification:Package 'src/my_simulator_interfaces' with type 'ros.ament_cmake' and name 'my_simulator_interfaces'
[1.263s] Level 1:colcon.colcon_core.package_discovery:discover_packages(recursive) using defaults
[1.263s] Level 1:colcon.colcon_core.package_discovery:discover_packages(ignore) discover
[1.263s] Level 1:colcon.colcon_core.package_discovery:discover_packages(ignore) using defaults
[1.263s] Level 1:colcon.colcon_core.package_discovery:discover_packages(path) discover
[1.263s] Level 1:colcon.colcon_core.package_discovery:discover_packages(path) using defaults
[1.324s] Level 1:colcon.colcon_core.package_discovery:discover_packages(prefix_path) check parameters
[1.324s] Level 1:colcon.colcon_core.package_discovery:discover_packages(prefix_path) discover
[1.331s] DEBUG:colcon.colcon_installed_package_information.package_discovery:Found 273 installed packages in /opt/ros/humble
[1.332s] Level 1:colcon.colcon_core.package_discovery:discover_packages(prefix_path) using defaults
[1.368s] Level 5:colcon.colcon_core.verb:set package 'my_simulator_interfaces' build argument 'cmake_args' from command line to 'None'
[1.368s] Level 5:colcon.colcon_core.verb:set package 'my_simulator_interfaces' build argument 'cmake_target' from command line to 'None'
[1.368s] Level 5:colcon.colcon_core.verb:set package 'my_simulator_interfaces' build argument 'cmake_target_skip_unavailable' from command line to 'False'
[1.368s] Level 5:colcon.colcon_core.verb:set package 'my_simulator_interfaces' build argument 'cmake_clean_cache' from command line to 'False'
[1.368s] Level 5:colcon.colcon_core.verb:set package 'my_simulator_interfaces' build argument 'cmake_clean_first' from command line to 'False'
[1.368s] Level 5:colcon.colcon_core.verb:set package 'my_simulator_interfaces' build argument 'cmake_force_configure' from command line to 'False'
[1.368s] Level 5:colcon.colcon_core.verb:set package 'my_simulator_interfaces' build argument 'ament_cmake_args' from command line to 'None'
[1.368s] Level 5:colcon.colcon_core.verb:set package 'my_simulator_interfaces' build argument 'catkin_cmake_args' from command line to 'None'
[1.368s] Level 5:colcon.colcon_core.verb:set package 'my_simulator_interfaces' build argument 'catkin_skip_building_tests' from command line to 'False'
[1.368s] DEBUG:colcon.colcon_core.verb:Building package 'my_simulator_interfaces' with the following arguments: {'ament_cmake_args': None, 'build_base': '/home/ian/Documents/ARUS/proyect_academy/build/my_simulator_interfaces', 'catkin_cmake_args': None, 'catkin_skip_building_tests': False, 'cmake_args': None, 'cmake_clean_cache': False, 'cmake_clean_first': False, 'cmake_force_configure': False, 'cmake_target': None, 'cmake_target_skip_unavailable': False, 'install_base': '/home/ian/Documents/ARUS/proyect_academy/install/my_simulator_interfaces', 'merge_install': False, 'path': '/home/ian/Documents/ARUS/proyect_academy/src/my_simulator_interfaces', 'symlink_install': False, 'test_result_base': None}
[1.369s] Level 5:colcon.colcon_core.verb:set package 'my_simulator' build argument 'cmake_args' from command line to 'None'
[1.369s] Level 5:colcon.colcon_core.verb:set package 'my_simulator' build argument 'cmake_target' from command line to 'None'
[1.369s] Level 5:colcon.colcon_core.verb:set package 'my_simulator' build argument 'cmake_target_skip_unavailable' from command line to 'False'
[1.369s] Level 5:colcon.colcon_core.verb:set package 'my_simulator' build argument 'cmake_clean_cache' from command line to 'False'
[1.369s] Level 5:colcon.colcon_core.verb:set package 'my_simulator' build argument 'cmake_clean_first' from command line to 'False'
[1.369s] Level 5:colcon.colcon_core.verb:set package 'my_simulator' build argument 'cmake_force_configure' from command line to 'False'
[1.369s] Level 5:colcon.colcon_core.verb:set package 'my_simulator' build argument 'ament_cmake_args' from command line to 'None'
[1.369s] Level 5:colcon.colcon_core.verb:set package 'my_simulator' build argument 'catkin_cmake_args' from command line to 'None'
[1.369s] Level 5:colcon.colcon_core.verb:set package 'my_simulator' build argument 'catkin_skip_building_tests' from command line to 'False'
[1.369s] DEBUG:colcon.colcon_core.verb:Building package 'my_simulator' with the following arguments: {'ament_cmake_args': None, 'build_base': '/home/ian/Documents/ARUS/proyect_academy/build/my_simulator', 'catkin_cmake_args': None, 'catkin_skip_building_tests': False, 'cmake_args': None, 'cmake_clean_cache': False, 'cmake_clean_first': False, 'cmake_force_configure': False, 'cmake_target': None, 'cmake_target_skip_unavailable': False, 'install_base': '/home/ian/Documents/ARUS/proyect_academy/install/my_simulator', 'merge_install': False, 'path': '/home/ian/Documents/ARUS/proyect_academy/src/my_simulator', 'symlink_install': False, 'test_result_base': None}
[1.369s] INFO:colcon.colcon_core.executor:Executing jobs using 'parallel' executor
[1.370s] DEBUG:colcon.colcon_parallel_executor.executor.parallel:run_until_complete
[1.371s] INFO:colcon.colcon_ros.task.ament_cmake.build:Building ROS package in '/home/ian/Documents/ARUS/proyect_academy/src/my_simulator_interfaces' with build type 'ament_cmake'
[1.371s] INFO:colcon.colcon_cmake.task.cmake.build:Building CMake package in '/home/ian/Documents/ARUS/proyect_academy/src/my_simulator_interfaces'
[1.384s] INFO:colcon.colcon_core.plugin_system:Skipping extension 'colcon_core.shell.bat': Not used on non-Windows systems
[1.385s] INFO:colcon.colcon_core.shell:Skip shell extension 'powershell' for command environment: Not usable outside of PowerShell
[1.385s] DEBUG:colcon.colcon_core.shell:Skip shell extension 'dsv' for command environment
[1.403s] DEBUG:colcon.colcon_core.event_handler.log_command:Invoking command in '/home/ian/Documents/ARUS/proyect_academy/build/my_simulator_interfaces': CMAKE_PREFIX_PATH=/opt/ros/humble /usr/bin/cmake --build /home/ian/Documents/ARUS/proyect_academy/build/my_simulator_interfaces -- -j4 -l4
[1.851s] DEBUG:colcon.colcon_core.event_handler.log_command:Invoked command in '/home/ian/Documents/ARUS/proyect_academy/build/my_simulator_interfaces' returned '0': CMAKE_PREFIX_PATH=/opt/ros/humble /usr/bin/cmake --build /home/ian/Documents/ARUS/proyect_academy/build/my_simulator_interfaces -- -j4 -l4
[1.862s] DEBUG:colcon.colcon_core.event_handler.log_command:Invoking command in '/home/ian/Documents/ARUS/proyect_academy/build/my_simulator_interfaces': CMAKE_PREFIX_PATH=/opt/ros/humble /usr/bin/cmake --install /home/ian/Documents/ARUS/proyect_academy/build/my_simulator_interfaces
[1.938s] Level 1:colcon.colcon_core.environment:create_environment_scripts_only(my_simulator_interfaces)
[1.939s] DEBUG:colcon.colcon_core.event_handler.log_command:Invoked command in '/home/ian/Documents/ARUS/proyect_academy/build/my_simulator_interfaces' returned '0': CMAKE_PREFIX_PATH=/opt/ros/humble /usr/bin/cmake --install /home/ian/Documents/ARUS/proyect_academy/build/my_simulator_interfaces
[1.951s] Level 1:colcon.colcon_core.environment:checking '/home/ian/Documents/ARUS/proyect_academy/install/my_simulator_interfaces' for CMake module files
[1.951s] Level 1:colcon.colcon_core.environment:checking '/home/ian/Documents/ARUS/proyect_academy/install/my_simulator_interfaces' for CMake config files
[1.952s] Level 1:colcon.colcon_core.shell:create_environment_hook('my_simulator_interfaces', 'cmake_prefix_path')
[1.952s] INFO:colcon.colcon_core.shell:Creating environment hook '/home/ian/Documents/ARUS/proyect_academy/install/my_simulator_interfaces/share/my_simulator_interfaces/hook/cmake_prefix_path.ps1'
[1.954s] INFO:colcon.colcon_core.shell:Creating environment descriptor '/home/ian/Documents/ARUS/proyect_academy/install/my_simulator_interfaces/share/my_simulator_interfaces/hook/cmake_prefix_path.dsv'
[1.955s] INFO:colcon.colcon_core.shell:Creating environment hook '/home/ian/Documents/ARUS/proyect_academy/install/my_simulator_interfaces/share/my_simulator_interfaces/hook/cmake_prefix_path.sh'
[1.956s] Level 1:colcon.colcon_core.environment:checking '/home/ian/Documents/ARUS/proyect_academy/install/my_simulator_interfaces/lib'
[1.957s] Level 1:colcon.colcon_core.shell:create_environment_hook('my_simulator_interfaces', 'ld_library_path_lib')
[1.957s] INFO:colcon.colcon_core.shell:Creating environment hook '/home/ian/Documents/ARUS/proyect_academy/install/my_simulator_interfaces/share/my_simulator_interfaces/hook/ld_library_path_lib.ps1'
[1.957s] INFO:colcon.colcon_core.shell:Creating environment descriptor '/home/ian/Documents/ARUS/proyect_academy/install/my_simulator_interfaces/share/my_simulator_interfaces/hook/ld_library_path_lib.dsv'
[1.958s] INFO:colcon.colcon_core.shell:Creating environment hook '/home/ian/Documents/ARUS/proyect_academy/install/my_simulator_interfaces/share/my_simulator_interfaces/hook/ld_library_path_lib.sh'
[1.958s] Level 1:colcon.colcon_core.environment:checking '/home/ian/Documents/ARUS/proyect_academy/install/my_simulator_interfaces/bin'
[1.958s] Level 1:colcon.colcon_core.environment:checking '/home/ian/Documents/ARUS/proyect_academy/install/my_simulator_interfaces/lib/pkgconfig/my_simulator_interfaces.pc'
[1.959s] Level 1:colcon.colcon_core.environment:checking '/home/ian/Documents/ARUS/proyect_academy/install/my_simulator_interfaces/lib/python3.10/site-packages'
[1.959s] Level 1:colcon.colcon_core.environment:checking '/home/ian/Documents/ARUS/proyect_academy/install/my_simulator_interfaces/bin'
[1.959s] INFO:colcon.colcon_core.shell:Creating package script '/home/ian/Documents/ARUS/proyect_academy/install/my_simulator_interfaces/share/my_simulator_interfaces/package.ps1'
[1.961s] INFO:colcon.colcon_core.shell:Creating package descriptor '/home/ian/Documents/ARUS/proyect_academy/install/my_simulator_interfaces/share/my_simulator_interfaces/package.dsv'
[1.962s] INFO:colcon.colcon_core.shell:Creating package script '/home/ian/Documents/ARUS/proyect_academy/install/my_simulator_interfaces/share/my_simulator_interfaces/package.sh'
[1.963s] INFO:colcon.colcon_core.shell:Creating package script '/home/ian/Documents/ARUS/proyect_academy/install/my_simulator_interfaces/share/my_simulator_interfaces/package.bash'
[1.965s] INFO:colcon.colcon_core.shell:Creating package script '/home/ian/Documents/ARUS/proyect_academy/install/my_simulator_interfaces/share/my_simulator_interfaces/package.zsh'
[1.966s] Level 1:colcon.colcon_core.environment:create_file_with_runtime_dependencies(/home/ian/Documents/ARUS/proyect_academy/install/my_simulator_interfaces/share/colcon-core/packages/my_simulator_interfaces)
[1.967s] Level 1:colcon.colcon_core.environment:create_environment_scripts_only(my_simulator_interfaces)
[1.968s] Level 1:colcon.colcon_core.environment:checking '/home/ian/Documents/ARUS/proyect_academy/install/my_simulator_interfaces' for CMake module files
[1.968s] Level 1:colcon.colcon_core.environment:checking '/home/ian/Documents/ARUS/proyect_academy/install/my_simulator_interfaces' for CMake config files
[1.969s] Level 1:colcon.colcon_core.shell:create_environment_hook('my_simulator_interfaces', 'cmake_prefix_path')
[1.969s] INFO:colcon.colcon_core.shell:Creating environment hook '/home/ian/Documents/ARUS/proyect_academy/install/my_simulator_interfaces/share/my_simulator_interfaces/hook/cmake_prefix_path.ps1'
[1.969s] INFO:colcon.colcon_core.shell:Creating environment descriptor '/home/ian/Documents/ARUS/proyect_academy/install/my_simulator_interfaces/share/my_simulator_interfaces/hook/cmake_prefix_path.dsv'
[1.970s] INFO:colcon.colcon_core.shell:Creating environment hook '/home/ian/Documents/ARUS/proyect_academy/install/my_simulator_interfaces/share/my_simulator_interfaces/hook/cmake_prefix_path.sh'
[1.971s] Level 1:colcon.colcon_core.environment:checking '/home/ian/Documents/ARUS/proyect_academy/install/my_simulator_interfaces/lib'
[1.971s] Level 1:colcon.colcon_core.shell:create_environment_hook('my_simulator_interfaces', 'ld_library_path_lib')
[1.971s] INFO:colcon.colcon_core.shell:Creating environment hook '/home/ian/Documents/ARUS/proyect_academy/install/my_simulator_interfaces/share/my_simulator_interfaces/hook/ld_library_path_lib.ps1'
[1.971s] INFO:colcon.colcon_core.shell:Creating environment descriptor '/home/ian/Documents/ARUS/proyect_academy/install/my_simulator_interfaces/share/my_simulator_interfaces/hook/ld_library_path_lib.dsv'
[1.972s] INFO:colcon.colcon_core.shell:Creating environment hook '/home/ian/Documents/ARUS/proyect_academy/install/my_simulator_interfaces/share/my_simulator_interfaces/hook/ld_library_path_lib.sh'
[1.973s] Level 1:colcon.colcon_core.environment:checking '/home/ian/Documents/ARUS/proyect_academy/install/my_simulator_interfaces/bin'
[1.973s] Level 1:colcon.colcon_core.environment:checking '/home/ian/Documents/ARUS/proyect_academy/install/my_simulator_interfaces/lib/pkgconfig/my_simulator_interfaces.pc'
[1.973s] Level 1:colcon.colcon_core.environment:checking '/home/ian/Documents/ARUS/proyect_academy/install/my_simulator_interfaces/lib/python3.10/site-packages'
[1.974s] Level 1:colcon.colcon_core.environment:checking '/home/ian/Documents/ARUS/proyect_academy/install/my_simulator_interfaces/bin'
[1.974s] INFO:colcon.colcon_core.shell:Creating package script '/home/ian/Documents/ARUS/proyect_academy/install/my_simulator_interfaces/share/my_simulator_interfaces/package.ps1'
[1.975s] INFO:colcon.colcon_core.shell:Creating package descriptor '/home/ian/Documents/ARUS/proyect_academy/install/my_simulator_interfaces/share/my_simulator_interfaces/package.dsv'
[1.975s] INFO:colcon.colcon_core.shell:Creating package script '/home/ian/Documents/ARUS/proyect_academy/install/my_simulator_interfaces/share/my_simulator_interfaces/package.sh'
[1.976s] INFO:colcon.colcon_core.shell:Creating package script '/home/ian/Documents/ARUS/proyect_academy/install/my_simulator_interfaces/share/my_simulator_interfaces/package.bash'
[1.976s] INFO:colcon.colcon_core.shell:Creating package script '/home/ian/Documents/ARUS/proyect_academy/install/my_simulator_interfaces/share/my_simulator_interfaces/package.zsh'
[1.977s] Level 1:colcon.colcon_core.environment:create_file_with_runtime_dependencies(/home/ian/Documents/ARUS/proyect_academy/install/my_simulator_interfaces/share/colcon-core/packages/my_simulator_interfaces)
[1.977s] INFO:colcon.colcon_ros.task.ament_cmake.build:Building ROS package in '/home/ian/Documents/ARUS/proyect_academy/src/my_simulator' with build type 'ament_cmake'
[1.977s] INFO:colcon.colcon_cmake.task.cmake.build:Building CMake package in '/home/ian/Documents/ARUS/proyect_academy/src/my_simulator'
[1.978s] INFO:colcon.colcon_core.shell:Skip shell extension 'powershell' for command environment: Not usable outside of PowerShell
[1.978s] DEBUG:colcon.colcon_core.shell:Skip shell extension 'dsv' for command environment
[1.989s] DEBUG:colcon.colcon_core.event_handler.log_command:Invoking command in '/home/ian/Documents/ARUS/proyect_academy/build/my_simulator': AMENT_PREFIX_PATH=/home/ian/Documents/ARUS/proyect_academy/install/my_simulator_interfaces:${AMENT_PREFIX_PATH} CMAKE_PREFIX_PATH=/home/ian/Documents/ARUS/proyect_academy/install/my_simulator_interfaces:/opt/ros/humble LD_LIBRARY_PATH=/home/ian/Documents/ARUS/proyect_academy/install/my_simulator_interfaces/lib:${LD_LIBRARY_PATH} PYTHONPATH=/home/ian/Documents/ARUS/proyect_academy/install/my_simulator_interfaces/local/lib/python3.10/dist-packages:${PYTHONPATH} /usr/bin/cmake --build /home/ian/Documents/ARUS/proyect_academy/build/my_simulator -- -j4 -l4
[13.730s] DEBUG:colcon.colcon_core.event_handler.log_command:Invoked command in '/home/ian/Documents/ARUS/proyect_academy/build/my_simulator' returned '0': AMENT_PREFIX_PATH=/home/ian/Documents/ARUS/proyect_academy/install/my_simulator_interfaces:${AMENT_PREFIX_PATH} CMAKE_PREFIX_PATH=/home/ian/Documents/ARUS/proyect_academy/install/my_simulator_interfaces:/opt/ros/humble LD_LIBRARY_PATH=/home/ian/Documents/ARUS/proyect_academy/install/my_simulator_interfaces/lib:${LD_LIBRARY_PATH} PYTHONPATH=/home/ian/Documents/ARUS/proyect_academy/install/my_simulator_interfaces/local/lib/python3.10/dist-packages:${PYTHONPATH} /usr/bin/cmake --build /home/ian/Documents/ARUS/proyect_academy/build/my_simulator -- -j4 -l4
[13.735s] DEBUG:colcon.colcon_core.event_handler.log_command:Invoking command in '/home/ian/Documents/ARUS/proyect_academy/build/my_simulator': AMENT_PREFIX_PATH=/home/ian/Documents/ARUS/proyect_academy/install/my_simulator_interfaces:${AMENT_PREFIX_PATH} CMAKE_PREFIX_PATH=/home/ian/Documents/ARUS/proyect_academy/install/my_simulator_interfaces:/opt/ros/humble LD_LIBRARY_PATH=/home/ian/Documents/ARUS/proyect_academy/install/my_simulator_interfaces/lib:${LD_LIBRARY_PATH} PYTHONPATH=/home/ian/Documents/ARUS/proyect_academy/install/my_simulator_interfaces/local/lib/python3.10/dist-packages:${PYTHONPATH} /usr/bin/cmake --install /home/ian/Documents/ARUS/proyect_academy/build/my_simulator
[13.754s] Level 1:colcon.colcon_core.environment:create_environment_scripts_only(my_simulator)
[13.754s] Level 1:colcon.colcon_core.environment:checking '/home/ian/Documents/ARUS/proyect_academy/install/my_simulator' for CMake module files
[13.754s] Level 1:colcon.colcon_core.environment:checking '/home/ian/Documents/ARUS/proyect_academy/install/my_simulator' for CMake config files
[13.755s] Level 1:colcon.colcon_core.shell:create_environment_hook('my_simulator', 'cmake_prefix_path')
[13.755s] INFO:colcon.colcon_core.shell:Creating environment hook '/home/ian/Documents/ARUS/proyect_academy/install/my_simulator/share/my_simulator/hook/cmake_prefix_path.ps1'
[13.756s] INFO:colcon.colcon_core.shell:Creating environment descriptor '/home/ian/Documents/ARUS/proyect_academy/install/my_simulator/share/my_simulator/hook/cmake_prefix_path.dsv'
[13.756s] DEBUG:colcon.colcon_core.event_handler.log_command:Invoked command in '/home/ian/Documents/ARUS/proyect_academy/build/my_simulator' returned '0': AMENT_PREFIX_PATH=/home/ian/Documents/ARUS/proyect_academy/install/my_simulator_interfaces:${AMENT_PREFIX_PATH} CMAKE_PREFIX_PATH=/home/ian/Documents/ARUS/proyect_academy/install/my_simulator_interfaces:/opt/ros/humble LD_LIBRARY_PATH=/home/ian/Documents/ARUS/proyect_academy/install/my_simulator_interfaces/lib:${LD_LIBRARY_PATH} PYTHONPATH=/home/ian/Documents/ARUS/proyect_academy/install/my_simulator_interfaces/local/lib/python3.10/dist-packages:${PYTHONPATH} /usr/bin/cmake --install /home/ian/Documents/ARUS/proyect_academy/build/my_simulator
[13.756s] INFO:colcon.colcon_core.shell:Creating environment hook '/home/ian/Documents/ARUS/proyect_academy/install/my_simulator/share/my_simulator/hook/cmake_prefix_path.sh'
[13.757s] Level 1:colcon.colcon_core.environment:checking '/home/ian/Documents/ARUS/proyect_academy/install/my_simulator/lib'
[13.757s] Level 1:colcon.colcon_core.environment:checking '/home/ian/Documents/ARUS/proyect_academy/install/my_simulator/bin'
[13.757s] Level 1:colcon.colcon_core.environment:checking '/home/ian/Documents/ARUS/proyect_academy/install/my_simulator/lib/pkgconfig/my_simulator.pc'
[13.758s] Level 1:colcon.colcon_core.environment:checking '/home/ian/Documents/ARUS/proyect_academy/install/my_simulator/lib/python3.10/site-packages'
[13.758s] Level 1:colcon.colcon_core.environment:checking '/home/ian/Documents/ARUS/proyect_academy/install/my_simulator/bin'
[13.758s] INFO:colcon.colcon_core.shell:Creating package script '/home/ian/Documents/ARUS/proyect_academy/install/my_simulator/share/my_simulator/package.ps1'
[13.759s] INFO:colcon.colcon_core.shell:Creating package descriptor '/home/ian/Documents/ARUS/proyect_academy/install/my_simulator/share/my_simulator/package.dsv'
[13.759s] INFO:colcon.colcon_core.shell:Creating package script '/home/ian/Documents/ARUS/proyect_academy/install/my_simulator/share/my_simulator/package.sh'
[13.760s] INFO:colcon.colcon_core.shell:Creating package script '/home/ian/Documents/ARUS/proyect_academy/install/my_simulator/share/my_simulator/package.bash'
[13.761s] INFO:colcon.colcon_core.shell:Creating package script '/home/ian/Documents/ARUS/proyect_academy/install/my_simulator/share/my_simulator/package.zsh'
[13.761s] Level 1:colcon.colcon_core.environment:create_file_with_runtime_dependencies(/home/ian/Documents/ARUS/proyect_academy/install/my_simulator/share/colcon-core/packages/my_simulator)
[13.762s] Level 1:colcon.colcon_core.environment:create_environment_scripts_only(my_simulator)
[13.762s] Level 1:colcon.colcon_core.environment:checking '/home/ian/Documents/ARUS/proyect_academy/install/my_simulator' for CMake module files
[13.762s] Level 1:colcon.colcon_core.environment:checking '/home/ian/Documents/ARUS/proyect_academy/install/my_simulator' for CMake config files
[13.762s] Level 1:colcon.colcon_core.shell:create_environment_hook('my_simulator', 'cmake_prefix_path')
[13.762s] INFO:colcon.colcon_core.shell:Creating environment hook '/home/ian/Documents/ARUS/proyect_academy/install/my_simulator/share/my_simulator/hook/cmake_prefix_path.ps1'
[13.763s] INFO:colcon.colcon_core.shell:Creating environment descriptor '/home/ian/Documents/ARUS/proyect_academy/install/my_simulator/share/my_simulator/hook/cmake_prefix_path.dsv'
[13.763s] INFO:colcon.colcon_core.shell:Creating environment hook '/home/ian/Documents/ARUS/proyect_academy/install/my_simulator/share/my_simulator/hook/cmake_prefix_path.sh'
[13.764s] Level 1:colcon.colcon_core.environment:checking '/home/ian/Documents/ARUS/proyect_academy/install/my_simulator/lib'
[13.764s] Level 1:colcon.colcon_core.environment:checking '/home/ian/Documents/ARUS/proyect_academy/install/my_simulator/bin'
[13.764s] Level 1:colcon.colcon_core.environment:checking '/home/ian/Documents/ARUS/proyect_academy/install/my_simulator/lib/pkgconfig/my_simulator.pc'
[13.764s] Level 1:colcon.colcon_core.environment:checking '/home/ian/Documents/ARUS/proyect_academy/install/my_simulator/lib/python3.10/site-packages'
[13.765s] Level 1:colcon.colcon_core.environment:checking '/home/ian/Documents/ARUS/proyect_academy/install/my_simulator/bin'
[13.765s] INFO:colcon.colcon_core.shell:Creating package script '/home/ian/Documents/ARUS/proyect_academy/install/my_simulator/share/my_simulator/package.ps1'
[13.765s] INFO:colcon.colcon_core.shell:Creating package descriptor '/home/ian/Documents/ARUS/proyect_academy/install/my_simulator/share/my_simulator/package.dsv'
[13.766s] INFO:colcon.colcon_core.shell:Creating package script '/home/ian/Documents/ARUS/proyect_academy/install/my_simulator/share/my_simulator/package.sh'
[13.767s] INFO:colcon.colcon_core.shell:Creating package script '/home/ian/Documents/ARUS/proyect_academy/install/my_simulator/share/my_simulator/package.bash'
[13.767s] INFO:colcon.colcon_core.shell:Creating package script '/home/ian/Documents/ARUS/proyect_academy/install/my_simulator/share/my_simulator/package.zsh'
[13.768s] Level 1:colcon.colcon_core.environment:create_file_with_runtime_dependencies(/home/ian/Documents/ARUS/proyect_academy/install/my_simulator/share/colcon-core/packages/my_simulator)
[13.768s] DEBUG:colcon.colcon_parallel_executor.executor.parallel:closing loop
[13.769s] DEBUG:colcon.colcon_parallel_executor.executor.parallel:loop closed
[13.769s] DEBUG:colcon.colcon_parallel_executor.executor.parallel:run_until_complete finished with '0'
[13.769s] DEBUG:colcon.colcon_core.event_reactor:joining thread
[13.778s] INFO:colcon.colcon_core.plugin_system:Skipping extension 'colcon_notification.desktop_notification.terminal_notifier': Not used on non-Darwin systems
[13.778s] INFO:colcon.colcon_core.plugin_system:Skipping extension 'colcon_notification.desktop_notification.win32': Not used on non-Windows systems
[13.778s] INFO:colcon.colcon_notification.desktop_notification:Sending desktop notification using 'notify2'
[13.804s] DEBUG:colcon.colcon_core.event_reactor:joined thread
[13.805s] INFO:colcon.colcon_core.shell:Creating prefix script '/home/ian/Documents/ARUS/proyect_academy/install/local_setup.ps1'
[13.807s] INFO:colcon.colcon_core.shell:Creating prefix util module '/home/ian/Documents/ARUS/proyect_academy/install/_local_setup_util_ps1.py'
[13.809s] INFO:colcon.colcon_core.shell:Creating prefix chain script '/home/ian/Documents/ARUS/proyect_academy/install/setup.ps1'
[13.811s] INFO:colcon.colcon_core.shell:Creating prefix script '/home/ian/Documents/ARUS/proyect_academy/install/local_setup.sh'
[13.812s] INFO:colcon.colcon_core.shell:Creating prefix util module '/home/ian/Documents/ARUS/proyect_academy/install/_local_setup_util_sh.py'
[13.813s] INFO:colcon.colcon_core.shell:Creating prefix chain script '/home/ian/Documents/ARUS/proyect_academy/install/setup.sh'
[13.815s] INFO:colcon.colcon_core.shell:Creating prefix script '/home/ian/Documents/ARUS/proyect_academy/install/local_setup.bash'
[13.816s] INFO:colcon.colcon_core.shell:Creating prefix chain script '/home/ian/Documents/ARUS/proyect_academy/install/setup.bash'
[13.818s] INFO:colcon.colcon_core.shell:Creating prefix script '/home/ian/Documents/ARUS/proyect_academy/install/local_setup.zsh'
[13.819s] INFO:colcon.colcon_core.shell:Creating prefix chain script '/home/ian/Documents/ARUS/proyect_academy/install/setup.zsh'
