[0.590s] DEBUG:colcon:Command line arguments: ['/usr/bin/colcon', 'build']
[0.590s] DEBUG:colcon:Parsed command line arguments: Namespace(log_base=None, log_level=None, verb_name='build', build_base='build', install_base='install', merge_install=False, symlink_install=False, test_result_base=None, continue_on_error=False, executor='parallel', parallel_workers=4, event_handlers=None, ignore_user_meta=False, metas=['./colcon.meta'], base_paths=['.'], packages_ignore=None, packages_ignore_regex=None, paths=None, packages_up_to=None, packages_up_to_regex=None, packages_above=None, packages_above_and_dependencies=None, packages_above_depth=None, packages_select_by_dep=None, packages_skip_by_dep=None, packages_skip_up_to=None, packages_select_build_failed=False, packages_skip_build_finished=False, packages_select_test_failures=False, packages_skip_test_passed=False, packages_select=None, packages_skip=None, packages_select_regex=None, packages_skip_regex=None, packages_start=None, packages_end=None, allow_overriding=[], cmake_args=None, cmake_target=None, cmake_target_skip_unavailable=False, cmake_clean_cache=False, cmake_clean_first=False, cmake_force_configure=False, ament_cmake_args=None, catkin_cmake_args=None, catkin_skip_building_tests=False, mixin_files=None, mixin=None, verb_parser=<colcon_mixin.mixin.mixin_argument.MixinArgumentDecorator object at 0x7ecfc9f71270>, verb_extension=<colcon_core.verb.build.BuildVerb object at 0x7ecfca07a170>, main=<bound method BuildVerb.main of <colcon_core.verb.build.BuildVerb object at 0x7ecfca07a170>>, mixin_verb=('build',))
[1.033s] Level 1:colcon.colcon_core.package_discovery:discover_packages(colcon_meta) check parameters
[1.034s] Level 1:colcon.colcon_core.package_discovery:discover_packages(recursive) check parameters
[1.034s] Level 1:colcon.colcon_core.package_discovery:discover_packages(ignore) check parameters
[1.034s] Level 1:colcon.colcon_core.package_discovery:discover_packages(path) check parameters
[1.034s] Level 1:colcon.colcon_core.package_discovery:discover_packages(colcon_meta) discover
[1.034s] Level 1:colcon.colcon_core.package_discovery:discover_packages(recursive) discover
[1.034s] INFO:colcon.colcon_core.package_discovery:Crawling recursively for packages in '/home/ian/Documents/ARUS/proyect_academy'
[1.034s] Level 1:colcon.colcon_core.package_identification:_identify(.) by extensions ['ignore', 'ignore_ament_install']
[1.034s] Level 1:colcon.colcon_core.package_identification:_identify(.) by extension 'ignore'
[1.034s] Level 1:colcon.colcon_core.package_identification:_identify(.) by extension 'ignore_ament_install'
[1.034s] Level 1:colcon.colcon_core.package_identification:_identify(.) by extensions ['colcon_pkg']
[1.034s] Level 1:colcon.colcon_core.package_identification:_identify(.) by extension 'colcon_pkg'
[1.034s] Level 1:colcon.colcon_core.package_identification:_identify(.) by extensions ['colcon_meta']
[1.034s] Level 1:colcon.colcon_core.package_identification:_identify(.) by extension 'colcon_meta'
[1.034s] Level 1:colcon.colcon_core.package_identification:_identify(.) by extensions ['ros']
[1.034s] Level 1:colcon.colcon_core.package_identification:_identify(.) by extension 'ros'
[1.050s] Level 1:colcon.colcon_core.package_identification:_identify(.) by extensions ['cmake', 'python']
[1.050s] Level 1:colcon.colcon_core.package_identification:_identify(.) by extension 'cmake'
[1.050s] Level 1:colcon.colcon_core.package_identification:_identify(.) by extension 'python'
[1.050s] Level 1:colcon.colcon_core.package_identification:_identify(.) by extensions ['python_setup_py']
[1.051s] Level 1:colcon.colcon_core.package_identification:_identify(.) by extension 'python_setup_py'
[1.051s] Level 1:colcon.colcon_core.package_identification:_identify(build) by extensions ['ignore', 'ignore_ament_install']
[1.051s] Level 1:colcon.colcon_core.package_identification:_identify(build) by extension 'ignore'
[1.051s] Level 1:colcon.colcon_core.package_identification:_identify(build) ignored
[1.052s] Level 1:colcon.colcon_core.package_identification:_identify(install) by extensions ['ignore', 'ignore_ament_install']
[1.052s] Level 1:colcon.colcon_core.package_identification:_identify(install) by extension 'ignore'
[1.052s] Level 1:colcon.colcon_core.package_identification:_identify(install) ignored
[1.052s] Level 1:colcon.colcon_core.package_identification:_identify(log) by extensions ['ignore', 'ignore_ament_install']
[1.052s] Level 1:colcon.colcon_core.package_identification:_identify(log) by extension 'ignore'
[1.052s] Level 1:colcon.colcon_core.package_identification:_identify(log) ignored
[1.052s] Level 1:colcon.colcon_core.package_identification:_identify(src) by extensions ['ignore', 'ignore_ament_install']
[1.052s] Level 1:colcon.colcon_core.package_identification:_identify(src) by extension 'ignore'
[1.052s] Level 1:colcon.colcon_core.package_identification:_identify(src) by extension 'ignore_ament_install'
[1.052s] Level 1:colcon.colcon_core.package_identification:_identify(src) by extensions ['colcon_pkg']
[1.052s] Level 1:colcon.colcon_core.package_identification:_identify(src) by extension 'colcon_pkg'
[1.052s] Level 1:colcon.colcon_core.package_identification:_identify(src) by extensions ['colcon_meta']
[1.052s] Level 1:colcon.colcon_core.package_identification:_identify(src) by extension 'colcon_meta'
[1.052s] Level 1:colcon.colcon_core.package_identification:_identify(src) by extensions ['ros']
[1.052s] Level 1:colcon.colcon_core.package_identification:_identify(src) by extension 'ros'
[1.052s] Level 1:colcon.colcon_core.package_identification:_identify(src) by extensions ['cmake', 'python']
[1.053s] Level 1:colcon.colcon_core.package_identification:_identify(src) by extension 'cmake'
[1.053s] Level 1:colcon.colcon_core.package_identification:_identify(src) by extension 'python'
[1.053s] Level 1:colcon.colcon_core.package_identification:_identify(src) by extensions ['python_setup_py']
[1.053s] Level 1:colcon.colcon_core.package_identification:_identify(src) by extension 'python_setup_py'
[1.053s] Level 1:colcon.colcon_core.package_identification:_identify(src/my_simulator) by extensions ['ignore', 'ignore_ament_install']
[1.053s] Level 1:colcon.colcon_core.package_identification:_identify(src/my_simulator) by extension 'ignore'
[1.053s] Level 1:colcon.colcon_core.package_identification:_identify(src/my_simulator) by extension 'ignore_ament_install'
[1.053s] Level 1:colcon.colcon_core.package_identification:_identify(src/my_simulator) by extensions ['colcon_pkg']
[1.053s] Level 1:colcon.colcon_core.package_identification:_identify(src/my_simulator) by extension 'colcon_pkg'
[1.053s] Level 1:colcon.colcon_core.package_identification:_identify(src/my_simulator) by extensions ['colcon_meta']
[1.053s] Level 1:colcon.colcon_core.package_identification:_identify(src/my_simulator) by extension 'colcon_meta'
[1.053s] Level 1:colcon.colcon_core.package_identification:_identify(src/my_simulator) by extensions ['ros']
[1.053s] Level 1:colcon.colcon_core.package_identification:_identify(src/my_simulator) by extension 'ros'
[1.061s] DEBUG:colcon.colcon_core.package_identification:Package 'src/my_simulator' with type 'ros.ament_cmake' and name 'my_simulator'
[1.061s] Level 1:colcon.colcon_core.package_identification:_identify(src/my_simulator_interfaces) by extensions ['ignore', 'ignore_ament_install']
[1.061s] Level 1:colcon.colcon_core.package_identification:_identify(src/my_simulator_interfaces) by extension 'ignore'
[1.061s] Level 1:colcon.colcon_core.package_identification:_identify(src/my_simulator_interfaces) by extension 'ignore_ament_install'
[1.062s] Level 1:colcon.colcon_core.package_identification:_identify(src/my_simulator_interfaces) by extensions ['colcon_pkg']
[1.062s] Level 1:colcon.colcon_core.package_identification:_identify(src/my_simulator_interfaces) by extension 'colcon_pkg'
[1.062s] Level 1:colcon.colcon_core.package_identification:_identify(src/my_simulator_interfaces) by extensions ['colcon_meta']
[1.062s] Level 1:colcon.colcon_core.package_identification:_identify(src/my_simulator_interfaces) by extension 'colcon_meta'
[1.062s] Level 1:colcon.colcon_core.package_identification:_identify(src/my_simulator_interfaces) by extensions ['ros']
[1.062s] Level 1:colcon.colcon_core.package_identification:_identify(src/my_simulator_interfaces) by extension 'ros'
[1.063s] DEBUG:colcon.colcon_core.package_identification:Package 'src/my_simulator_interfaces' with type 'ros.ament_cmake' and name 'my_simulator_interfaces'
[1.063s] Level 1:colcon.colcon_core.package_discovery:discover_packages(recursive) using defaults
[1.063s] Level 1:colcon.colcon_core.package_discovery:discover_packages(ignore) discover
[1.063s] Level 1:colcon.colcon_core.package_discovery:discover_packages(ignore) using defaults
[1.064s] Level 1:colcon.colcon_core.package_discovery:discover_packages(path) discover
[1.064s] Level 1:colcon.colcon_core.package_discovery:discover_packages(path) using defaults
[1.127s] Level 1:colcon.colcon_core.package_discovery:discover_packages(prefix_path) check parameters
[1.127s] Level 1:colcon.colcon_core.package_discovery:discover_packages(prefix_path) discover
[1.134s] DEBUG:colcon.colcon_installed_package_information.package_discovery:Found 273 installed packages in /opt/ros/humble
[1.137s] Level 1:colcon.colcon_core.package_discovery:discover_packages(prefix_path) using defaults
[1.179s] Level 5:colcon.colcon_core.verb:set package 'my_simulator_interfaces' build argument 'cmake_args' from command line to 'None'
[1.179s] Level 5:colcon.colcon_core.verb:set package 'my_simulator_interfaces' build argument 'cmake_target' from command line to 'None'
[1.179s] Level 5:colcon.colcon_core.verb:set package 'my_simulator_interfaces' build argument 'cmake_target_skip_unavailable' from command line to 'False'
[1.179s] Level 5:colcon.colcon_core.verb:set package 'my_simulator_interfaces' build argument 'cmake_clean_cache' from command line to 'False'
[1.179s] Level 5:colcon.colcon_core.verb:set package 'my_simulator_interfaces' build argument 'cmake_clean_first' from command line to 'False'
[1.179s] Level 5:colcon.colcon_core.verb:set package 'my_simulator_interfaces' build argument 'cmake_force_configure' from command line to 'False'
[1.179s] Level 5:colcon.colcon_core.verb:set package 'my_simulator_interfaces' build argument 'ament_cmake_args' from command line to 'None'
[1.179s] Level 5:colcon.colcon_core.verb:set package 'my_simulator_interfaces' build argument 'catkin_cmake_args' from command line to 'None'
[1.179s] Level 5:colcon.colcon_core.verb:set package 'my_simulator_interfaces' build argument 'catkin_skip_building_tests' from command line to 'False'
[1.180s] DEBUG:colcon.colcon_core.verb:Building package 'my_simulator_interfaces' with the following arguments: {'ament_cmake_args': None, 'build_base': '/home/ian/Documents/ARUS/proyect_academy/build/my_simulator_interfaces', 'catkin_cmake_args': None, 'catkin_skip_building_tests': False, 'cmake_args': None, 'cmake_clean_cache': False, 'cmake_clean_first': False, 'cmake_force_configure': False, 'cmake_target': None, 'cmake_target_skip_unavailable': False, 'install_base': '/home/ian/Documents/ARUS/proyect_academy/install/my_simulator_interfaces', 'merge_install': False, 'path': '/home/ian/Documents/ARUS/proyect_academy/src/my_simulator_interfaces', 'symlink_install': False, 'test_result_base': None}
[1.180s] Level 5:colcon.colcon_core.verb:set package 'my_simulator' build argument 'cmake_args' from command line to 'None'
[1.180s] Level 5:colcon.colcon_core.verb:set package 'my_simulator' build argument 'cmake_target' from command line to 'None'
[1.180s] Level 5:colcon.colcon_core.verb:set package 'my_simulator' build argument 'cmake_target_skip_unavailable' from command line to 'False'
[1.180s] Level 5:colcon.colcon_core.verb:set package 'my_simulator' build argument 'cmake_clean_cache' from command line to 'False'
[1.180s] Level 5:colcon.colcon_core.verb:set package 'my_simulator' build argument 'cmake_clean_first' from command line to 'False'
[1.180s] Level 5:colcon.colcon_core.verb:set package 'my_simulator' build argument 'cmake_force_configure' from command line to 'False'
[1.180s] Level 5:colcon.colcon_core.verb:set package 'my_simulator' build argument 'ament_cmake_args' from command line to 'None'
[1.180s] Level 5:colcon.colcon_core.verb:set package 'my_simulator' build argument 'catkin_cmake_args' from command line to 'None'
[1.180s] Level 5:colcon.colcon_core.verb:set package 'my_simulator' build argument 'catkin_skip_building_tests' from command line to 'False'
[1.180s] DEBUG:colcon.colcon_core.verb:Building package 'my_simulator' with the following arguments: {'ament_cmake_args': None, 'build_base': '/home/ian/Documents/ARUS/proyect_academy/build/my_simulator', 'catkin_cmake_args': None, 'catkin_skip_building_tests': False, 'cmake_args': None, 'cmake_clean_cache': False, 'cmake_clean_first': False, 'cmake_force_configure': False, 'cmake_target': None, 'cmake_target_skip_unavailable': False, 'install_base': '/home/ian/Documents/ARUS/proyect_academy/install/my_simulator', 'merge_install': False, 'path': '/home/ian/Documents/ARUS/proyect_academy/src/my_simulator', 'symlink_install': False, 'test_result_base': None}
[1.181s] INFO:colcon.colcon_core.executor:Executing jobs using 'parallel' executor
[1.182s] DEBUG:colcon.colcon_parallel_executor.executor.parallel:run_until_complete
[1.182s] INFO:colcon.colcon_ros.task.ament_cmake.build:Building ROS package in '/home/ian/Documents/ARUS/proyect_academy/src/my_simulator_interfaces' with build type 'ament_cmake'
[1.183s] INFO:colcon.colcon_cmake.task.cmake.build:Building CMake package in '/home/ian/Documents/ARUS/proyect_academy/src/my_simulator_interfaces'
[1.198s] INFO:colcon.colcon_core.plugin_system:Skipping extension 'colcon_core.shell.bat': Not used on non-Windows systems
[1.198s] INFO:colcon.colcon_core.shell:Skip shell extension 'powershell' for command environment: Not usable outside of PowerShell
[1.198s] DEBUG:colcon.colcon_core.shell:Skip shell extension 'dsv' for command environment
[1.214s] DEBUG:colcon.colcon_core.event_handler.log_command:Invoking command in '/home/ian/Documents/ARUS/proyect_academy/build/my_simulator_interfaces': CMAKE_PREFIX_PATH=/opt/ros/humble /usr/bin/cmake --build /home/ian/Documents/ARUS/proyect_academy/build/my_simulator_interfaces -- -j4 -l4
[4.606s] DEBUG:colcon.colcon_core.event_handler.log_command:Invoked command in '/home/ian/Documents/ARUS/proyect_academy/build/my_simulator_interfaces' returned '0': CMAKE_PREFIX_PATH=/opt/ros/humble /usr/bin/cmake --build /home/ian/Documents/ARUS/proyect_academy/build/my_simulator_interfaces -- -j4 -l4
[4.615s] DEBUG:colcon.colcon_core.event_handler.log_command:Invoking command in '/home/ian/Documents/ARUS/proyect_academy/build/my_simulator_interfaces': CMAKE_PREFIX_PATH=/opt/ros/humble /usr/bin/cmake --install /home/ian/Documents/ARUS/proyect_academy/build/my_simulator_interfaces
[4.686s] Level 1:colcon.colcon_core.environment:create_environment_scripts_only(my_simulator_interfaces)
[4.687s] DEBUG:colcon.colcon_core.event_handler.log_command:Invoked command in '/home/ian/Documents/ARUS/proyect_academy/build/my_simulator_interfaces' returned '0': CMAKE_PREFIX_PATH=/opt/ros/humble /usr/bin/cmake --install /home/ian/Documents/ARUS/proyect_academy/build/my_simulator_interfaces
[4.696s] Level 1:colcon.colcon_core.environment:checking '/home/ian/Documents/ARUS/proyect_academy/install/my_simulator_interfaces' for CMake module files
[4.697s] Level 1:colcon.colcon_core.environment:checking '/home/ian/Documents/ARUS/proyect_academy/install/my_simulator_interfaces' for CMake config files
[4.698s] Level 1:colcon.colcon_core.shell:create_environment_hook('my_simulator_interfaces', 'cmake_prefix_path')
[4.698s] INFO:colcon.colcon_core.shell:Creating environment hook '/home/ian/Documents/ARUS/proyect_academy/install/my_simulator_interfaces/share/my_simulator_interfaces/hook/cmake_prefix_path.ps1'
[4.700s] INFO:colcon.colcon_core.shell:Creating environment descriptor '/home/ian/Documents/ARUS/proyect_academy/install/my_simulator_interfaces/share/my_simulator_interfaces/hook/cmake_prefix_path.dsv'
[4.700s] INFO:colcon.colcon_core.shell:Creating environment hook '/home/ian/Documents/ARUS/proyect_academy/install/my_simulator_interfaces/share/my_simulator_interfaces/hook/cmake_prefix_path.sh'
[4.701s] Level 1:colcon.colcon_core.environment:checking '/home/ian/Documents/ARUS/proyect_academy/install/my_simulator_interfaces/lib'
[4.702s] Level 1:colcon.colcon_core.shell:create_environment_hook('my_simulator_interfaces', 'ld_library_path_lib')
[4.702s] INFO:colcon.colcon_core.shell:Creating environment hook '/home/ian/Documents/ARUS/proyect_academy/install/my_simulator_interfaces/share/my_simulator_interfaces/hook/ld_library_path_lib.ps1'
[4.702s] INFO:colcon.colcon_core.shell:Creating environment descriptor '/home/ian/Documents/ARUS/proyect_academy/install/my_simulator_interfaces/share/my_simulator_interfaces/hook/ld_library_path_lib.dsv'
[4.703s] INFO:colcon.colcon_core.shell:Creating environment hook '/home/ian/Documents/ARUS/proyect_academy/install/my_simulator_interfaces/share/my_simulator_interfaces/hook/ld_library_path_lib.sh'
[4.703s] Level 1:colcon.colcon_core.environment:checking '/home/ian/Documents/ARUS/proyect_academy/install/my_simulator_interfaces/bin'
[4.703s] Level 1:colcon.colcon_core.environment:checking '/home/ian/Documents/ARUS/proyect_academy/install/my_simulator_interfaces/lib/pkgconfig/my_simulator_interfaces.pc'
[4.703s] Level 1:colcon.colcon_core.environment:checking '/home/ian/Documents/ARUS/proyect_academy/install/my_simulator_interfaces/lib/python3.10/site-packages'
[4.704s] Level 1:colcon.colcon_core.environment:checking '/home/ian/Documents/ARUS/proyect_academy/install/my_simulator_interfaces/bin'
[4.704s] INFO:colcon.colcon_core.shell:Creating package script '/home/ian/Documents/ARUS/proyect_academy/install/my_simulator_interfaces/share/my_simulator_interfaces/package.ps1'
[4.705s] INFO:colcon.colcon_core.shell:Creating package descriptor '/home/ian/Documents/ARUS/proyect_academy/install/my_simulator_interfaces/share/my_simulator_interfaces/package.dsv'
[4.706s] INFO:colcon.colcon_core.shell:Creating package script '/home/ian/Documents/ARUS/proyect_academy/install/my_simulator_interfaces/share/my_simulator_interfaces/package.sh'
[4.707s] INFO:colcon.colcon_core.shell:Creating package script '/home/ian/Documents/ARUS/proyect_academy/install/my_simulator_interfaces/share/my_simulator_interfaces/package.bash'
[4.709s] INFO:colcon.colcon_core.shell:Creating package script '/home/ian/Documents/ARUS/proyect_academy/install/my_simulator_interfaces/share/my_simulator_interfaces/package.zsh'
[4.710s] Level 1:colcon.colcon_core.environment:create_file_with_runtime_dependencies(/home/ian/Documents/ARUS/proyect_academy/install/my_simulator_interfaces/share/colcon-core/packages/my_simulator_interfaces)
[4.710s] Level 1:colcon.colcon_core.environment:create_environment_scripts_only(my_simulator_interfaces)
[4.711s] Level 1:colcon.colcon_core.environment:checking '/home/ian/Documents/ARUS/proyect_academy/install/my_simulator_interfaces' for CMake module files
[4.711s] Level 1:colcon.colcon_core.environment:checking '/home/ian/Documents/ARUS/proyect_academy/install/my_simulator_interfaces' for CMake config files
[4.712s] Level 1:colcon.colcon_core.shell:create_environment_hook('my_simulator_interfaces', 'cmake_prefix_path')
[4.712s] INFO:colcon.colcon_core.shell:Creating environment hook '/home/ian/Documents/ARUS/proyect_academy/install/my_simulator_interfaces/share/my_simulator_interfaces/hook/cmake_prefix_path.ps1'
[4.712s] INFO:colcon.colcon_core.shell:Creating environment descriptor '/home/ian/Documents/ARUS/proyect_academy/install/my_simulator_interfaces/share/my_simulator_interfaces/hook/cmake_prefix_path.dsv'
[4.713s] INFO:colcon.colcon_core.shell:Creating environment hook '/home/ian/Documents/ARUS/proyect_academy/install/my_simulator_interfaces/share/my_simulator_interfaces/hook/cmake_prefix_path.sh'
[4.713s] Level 1:colcon.colcon_core.environment:checking '/home/ian/Documents/ARUS/proyect_academy/install/my_simulator_interfaces/lib'
[4.713s] Level 1:colcon.colcon_core.shell:create_environment_hook('my_simulator_interfaces', 'ld_library_path_lib')
[4.713s] INFO:colcon.colcon_core.shell:Creating environment hook '/home/ian/Documents/ARUS/proyect_academy/install/my_simulator_interfaces/share/my_simulator_interfaces/hook/ld_library_path_lib.ps1'
[4.714s] INFO:colcon.colcon_core.shell:Creating environment descriptor '/home/ian/Documents/ARUS/proyect_academy/install/my_simulator_interfaces/share/my_simulator_interfaces/hook/ld_library_path_lib.dsv'
[4.714s] INFO:colcon.colcon_core.shell:Creating environment hook '/home/ian/Documents/ARUS/proyect_academy/install/my_simulator_interfaces/share/my_simulator_interfaces/hook/ld_library_path_lib.sh'
[4.715s] Level 1:colcon.colcon_core.environment:checking '/home/ian/Documents/ARUS/proyect_academy/install/my_simulator_interfaces/bin'
[4.715s] Level 1:colcon.colcon_core.environment:checking '/home/ian/Documents/ARUS/proyect_academy/install/my_simulator_interfaces/lib/pkgconfig/my_simulator_interfaces.pc'
[4.715s] Level 1:colcon.colcon_core.environment:checking '/home/ian/Documents/ARUS/proyect_academy/install/my_simulator_interfaces/lib/python3.10/site-packages'
[4.715s] Level 1:colcon.colcon_core.environment:checking '/home/ian/Documents/ARUS/proyect_academy/install/my_simulator_interfaces/bin'
[4.715s] INFO:colcon.colcon_core.shell:Creating package script '/home/ian/Documents/ARUS/proyect_academy/install/my_simulator_interfaces/share/my_simulator_interfaces/package.ps1'
[4.716s] INFO:colcon.colcon_core.shell:Creating package descriptor '/home/ian/Documents/ARUS/proyect_academy/install/my_simulator_interfaces/share/my_simulator_interfaces/package.dsv'
[4.717s] INFO:colcon.colcon_core.shell:Creating package script '/home/ian/Documents/ARUS/proyect_academy/install/my_simulator_interfaces/share/my_simulator_interfaces/package.sh'
[4.717s] INFO:colcon.colcon_core.shell:Creating package script '/home/ian/Documents/ARUS/proyect_academy/install/my_simulator_interfaces/share/my_simulator_interfaces/package.bash'
[4.717s] INFO:colcon.colcon_core.shell:Creating package script '/home/ian/Documents/ARUS/proyect_academy/install/my_simulator_interfaces/share/my_simulator_interfaces/package.zsh'
[4.718s] Level 1:colcon.colcon_core.environment:create_file_with_runtime_dependencies(/home/ian/Documents/ARUS/proyect_academy/install/my_simulator_interfaces/share/colcon-core/packages/my_simulator_interfaces)
[4.719s] INFO:colcon.colcon_ros.task.ament_cmake.build:Building ROS package in '/home/ian/Documents/ARUS/proyect_academy/src/my_simulator' with build type 'ament_cmake'
[4.719s] INFO:colcon.colcon_cmake.task.cmake.build:Building CMake package in '/home/ian/Documents/ARUS/proyect_academy/src/my_simulator'
[4.719s] INFO:colcon.colcon_core.shell:Skip shell extension 'powershell' for command environment: Not usable outside of PowerShell
[4.719s] DEBUG:colcon.colcon_core.shell:Skip shell extension 'dsv' for command environment
[4.730s] DEBUG:colcon.colcon_core.event_handler.log_command:Invoking command in '/home/ian/Documents/ARUS/proyect_academy/build/my_simulator': AMENT_PREFIX_PATH=/home/ian/Documents/ARUS/proyect_academy/install/my_simulator_interfaces:${AMENT_PREFIX_PATH} CMAKE_PREFIX_PATH=/home/ian/Documents/ARUS/proyect_academy/install/my_simulator_interfaces:/opt/ros/humble LD_LIBRARY_PATH=/home/ian/Documents/ARUS/proyect_academy/install/my_simulator_interfaces/lib:${LD_LIBRARY_PATH} PYTHONPATH=/home/ian/Documents/ARUS/proyect_academy/install/my_simulator_interfaces/local/lib/python3.10/dist-packages:${PYTHONPATH} /usr/bin/cmake --build /home/ian/Documents/ARUS/proyect_academy/build/my_simulator -- -j4 -l4
[11.952s] Level 1:colcon.colcon_core.environment:create_environment_scripts_only(my_simulator)
[11.952s] DEBUG:colcon.colcon_core.event_handler.log_command:Invoked command in '/home/ian/Documents/ARUS/proyect_academy/build/my_simulator' returned '2': AMENT_PREFIX_PATH=/home/ian/Documents/ARUS/proyect_academy/install/my_simulator_interfaces:${AMENT_PREFIX_PATH} CMAKE_PREFIX_PATH=/home/ian/Documents/ARUS/proyect_academy/install/my_simulator_interfaces:/opt/ros/humble LD_LIBRARY_PATH=/home/ian/Documents/ARUS/proyect_academy/install/my_simulator_interfaces/lib:${LD_LIBRARY_PATH} PYTHONPATH=/home/ian/Documents/ARUS/proyect_academy/install/my_simulator_interfaces/local/lib/python3.10/dist-packages:${PYTHONPATH} /usr/bin/cmake --build /home/ian/Documents/ARUS/proyect_academy/build/my_simulator -- -j4 -l4
[11.953s] Level 1:colcon.colcon_core.environment:checking '/home/ian/Documents/ARUS/proyect_academy/install/my_simulator' for CMake module files
[11.955s] Level 1:colcon.colcon_core.environment:checking '/home/ian/Documents/ARUS/proyect_academy/install/my_simulator' for CMake config files
[11.956s] Level 1:colcon.colcon_core.shell:create_environment_hook('my_simulator', 'cmake_prefix_path')
[11.956s] INFO:colcon.colcon_core.shell:Creating environment hook '/home/ian/Documents/ARUS/proyect_academy/install/my_simulator/share/my_simulator/hook/cmake_prefix_path.ps1'
[11.957s] INFO:colcon.colcon_core.shell:Creating environment descriptor '/home/ian/Documents/ARUS/proyect_academy/install/my_simulator/share/my_simulator/hook/cmake_prefix_path.dsv'
[11.959s] INFO:colcon.colcon_core.shell:Creating environment hook '/home/ian/Documents/ARUS/proyect_academy/install/my_simulator/share/my_simulator/hook/cmake_prefix_path.sh'
[11.961s] Level 1:colcon.colcon_core.environment:checking '/home/ian/Documents/ARUS/proyect_academy/install/my_simulator/lib'
[11.962s] Level 1:colcon.colcon_core.environment:checking '/home/ian/Documents/ARUS/proyect_academy/install/my_simulator/bin'
[11.962s] Level 1:colcon.colcon_core.environment:checking '/home/ian/Documents/ARUS/proyect_academy/install/my_simulator/lib/pkgconfig/my_simulator.pc'
[11.963s] Level 1:colcon.colcon_core.environment:checking '/home/ian/Documents/ARUS/proyect_academy/install/my_simulator/lib/python3.10/site-packages'
[11.965s] Level 1:colcon.colcon_core.environment:checking '/home/ian/Documents/ARUS/proyect_academy/install/my_simulator/bin'
[11.966s] INFO:colcon.colcon_core.shell:Creating package script '/home/ian/Documents/ARUS/proyect_academy/install/my_simulator/share/my_simulator/package.ps1'
[11.968s] INFO:colcon.colcon_core.shell:Creating package descriptor '/home/ian/Documents/ARUS/proyect_academy/install/my_simulator/share/my_simulator/package.dsv'
[11.970s] INFO:colcon.colcon_core.shell:Creating package script '/home/ian/Documents/ARUS/proyect_academy/install/my_simulator/share/my_simulator/package.sh'
[11.971s] INFO:colcon.colcon_core.shell:Creating package script '/home/ian/Documents/ARUS/proyect_academy/install/my_simulator/share/my_simulator/package.bash'
[11.973s] INFO:colcon.colcon_core.shell:Creating package script '/home/ian/Documents/ARUS/proyect_academy/install/my_simulator/share/my_simulator/package.zsh'
[11.974s] Level 1:colcon.colcon_core.environment:create_file_with_runtime_dependencies(/home/ian/Documents/ARUS/proyect_academy/install/my_simulator/share/colcon-core/packages/my_simulator)
[11.990s] DEBUG:colcon.colcon_parallel_executor.executor.parallel:closing loop
[11.991s] DEBUG:colcon.colcon_parallel_executor.executor.parallel:loop closed
[11.991s] DEBUG:colcon.colcon_parallel_executor.executor.parallel:run_until_complete finished with '2'
[11.992s] DEBUG:colcon.colcon_core.event_reactor:joining thread
[12.011s] INFO:colcon.colcon_core.plugin_system:Skipping extension 'colcon_notification.desktop_notification.terminal_notifier': Not used on non-Darwin systems
[12.012s] INFO:colcon.colcon_core.plugin_system:Skipping extension 'colcon_notification.desktop_notification.win32': Not used on non-Windows systems
[12.012s] INFO:colcon.colcon_notification.desktop_notification:Sending desktop notification using 'notify2'
[12.089s] DEBUG:colcon.colcon_core.event_reactor:joined thread
[12.090s] INFO:colcon.colcon_core.shell:Creating prefix script '/home/ian/Documents/ARUS/proyect_academy/install/local_setup.ps1'
[12.094s] INFO:colcon.colcon_core.shell:Creating prefix util module '/home/ian/Documents/ARUS/proyect_academy/install/_local_setup_util_ps1.py'
[12.098s] INFO:colcon.colcon_core.shell:Creating prefix chain script '/home/ian/Documents/ARUS/proyect_academy/install/setup.ps1'
[12.102s] INFO:colcon.colcon_core.shell:Creating prefix script '/home/ian/Documents/ARUS/proyect_academy/install/local_setup.sh'
[12.105s] INFO:colcon.colcon_core.shell:Creating prefix util module '/home/ian/Documents/ARUS/proyect_academy/install/_local_setup_util_sh.py'
[12.106s] INFO:colcon.colcon_core.shell:Creating prefix chain script '/home/ian/Documents/ARUS/proyect_academy/install/setup.sh'
[12.110s] INFO:colcon.colcon_core.shell:Creating prefix script '/home/ian/Documents/ARUS/proyect_academy/install/local_setup.bash'
[12.112s] INFO:colcon.colcon_core.shell:Creating prefix chain script '/home/ian/Documents/ARUS/proyect_academy/install/setup.bash'
[12.116s] INFO:colcon.colcon_core.shell:Creating prefix script '/home/ian/Documents/ARUS/proyect_academy/install/local_setup.zsh'
[12.119s] INFO:colcon.colcon_core.shell:Creating prefix chain script '/home/ian/Documents/ARUS/proyect_academy/install/setup.zsh'
