[0.067s] DEBUG:colcon:Command line arguments: ['/usr/bin/colcon', 'build']
[0.067s] DEBUG:colcon:Parsed command line arguments: Namespace(log_base=None, log_level=None, verb_name='build', build_base='build', install_base='install', merge_install=False, symlink_install=False, test_result_base=None, continue_on_error=False, executor='parallel', parallel_workers=4, event_handlers=None, ignore_user_meta=False, metas=['./colcon.meta'], base_paths=['.'], packages_ignore=None, packages_ignore_regex=None, paths=None, packages_up_to=None, packages_up_to_regex=None, packages_above=None, packages_above_and_dependencies=None, packages_above_depth=None, packages_select_by_dep=None, packages_skip_by_dep=None, packages_skip_up_to=None, packages_select_build_failed=False, packages_skip_build_finished=False, packages_select_test_failures=False, packages_skip_test_passed=False, packages_select=None, packages_skip=None, packages_select_regex=None, packages_skip_regex=None, packages_start=None, packages_end=None, allow_overriding=[], cmake_args=None, cmake_target=None, cmake_target_skip_unavailable=False, cmake_clean_cache=False, cmake_clean_first=False, cmake_force_configure=False, ament_cmake_args=None, catkin_cmake_args=None, catkin_skip_building_tests=False, mixin_files=None, mixin=None, verb_parser=<colcon_mixin.mixin.mixin_argument.MixinArgumentDecorator object at 0x74a1bdc6d4b0>, verb_extension=<colcon_core.verb.build.BuildVerb object at 0x74a1bdd723b0>, main=<bound method BuildVerb.main of <colcon_core.verb.build.BuildVerb object at 0x74a1bdd723b0>>, mixin_verb=('build',))
[0.152s] Level 1:colcon.colcon_core.package_discovery:discover_packages(colcon_meta) check parameters
[0.152s] Level 1:colcon.colcon_core.package_discovery:discover_packages(recursive) check parameters
[0.152s] Level 1:colcon.colcon_core.package_discovery:discover_packages(ignore) check parameters
[0.152s] Level 1:colcon.colcon_core.package_discovery:discover_packages(path) check parameters
[0.152s] Level 1:colcon.colcon_core.package_discovery:discover_packages(colcon_meta) discover
[0.152s] Level 1:colcon.colcon_core.package_discovery:discover_packages(recursive) discover
[0.152s] INFO:colcon.colcon_core.package_discovery:Crawling recursively for packages in '/home/ian/Documents/ARUS/proyect_academy'
[0.152s] Level 1:colcon.colcon_core.package_identification:_identify(.) by extensions ['ignore', 'ignore_ament_install']
[0.152s] Level 1:colcon.colcon_core.package_identification:_identify(.) by extension 'ignore'
[0.152s] Level 1:colcon.colcon_core.package_identification:_identify(.) by extension 'ignore_ament_install'
[0.152s] Level 1:colcon.colcon_core.package_identification:_identify(.) by extensions ['colcon_pkg']
[0.152s] Level 1:colcon.colcon_core.package_identification:_identify(.) by extension 'colcon_pkg'
[0.152s] Level 1:colcon.colcon_core.package_identification:_identify(.) by extensions ['colcon_meta']
[0.152s] Level 1:colcon.colcon_core.package_identification:_identify(.) by extension 'colcon_meta'
[0.152s] Level 1:colcon.colcon_core.package_identification:_identify(.) by extensions ['ros']
[0.152s] Level 1:colcon.colcon_core.package_identification:_identify(.) by extension 'ros'
[0.160s] Level 1:colcon.colcon_core.package_identification:_identify(.) by extensions ['cmake', 'python']
[0.160s] Level 1:colcon.colcon_core.package_identification:_identify(.) by extension 'cmake'
[0.160s] Level 1:colcon.colcon_core.package_identification:_identify(.) by extension 'python'
[0.160s] Level 1:colcon.colcon_core.package_identification:_identify(.) by extensions ['python_setup_py']
[0.160s] Level 1:colcon.colcon_core.package_identification:_identify(.) by extension 'python_setup_py'
[0.160s] Level 1:colcon.colcon_core.package_identification:_identify(build) by extensions ['ignore', 'ignore_ament_install']
[0.160s] Level 1:colcon.colcon_core.package_identification:_identify(build) by extension 'ignore'
[0.160s] Level 1:colcon.colcon_core.package_identification:_identify(build) ignored
[0.160s] Level 1:colcon.colcon_core.package_identification:_identify(install) by extensions ['ignore', 'ignore_ament_install']
[0.160s] Level 1:colcon.colcon_core.package_identification:_identify(install) by extension 'ignore'
[0.160s] Level 1:colcon.colcon_core.package_identification:_identify(install) ignored
[0.161s] Level 1:colcon.colcon_core.package_identification:_identify(log) by extensions ['ignore', 'ignore_ament_install']
[0.161s] Level 1:colcon.colcon_core.package_identification:_identify(log) by extension 'ignore'
[0.161s] Level 1:colcon.colcon_core.package_identification:_identify(log) ignored
[0.161s] Level 1:colcon.colcon_core.package_identification:_identify(src) by extensions ['ignore', 'ignore_ament_install']
[0.161s] Level 1:colcon.colcon_core.package_identification:_identify(src) by extension 'ignore'
[0.161s] Level 1:colcon.colcon_core.package_identification:_identify(src) by extension 'ignore_ament_install'
[0.161s] Level 1:colcon.colcon_core.package_identification:_identify(src) by extensions ['colcon_pkg']
[0.161s] Level 1:colcon.colcon_core.package_identification:_identify(src) by extension 'colcon_pkg'
[0.161s] Level 1:colcon.colcon_core.package_identification:_identify(src) by extensions ['colcon_meta']
[0.161s] Level 1:colcon.colcon_core.package_identification:_identify(src) by extension 'colcon_meta'
[0.161s] Level 1:colcon.colcon_core.package_identification:_identify(src) by extensions ['ros']
[0.161s] Level 1:colcon.colcon_core.package_identification:_identify(src) by extension 'ros'
[0.161s] Level 1:colcon.colcon_core.package_identification:_identify(src) by extensions ['cmake', 'python']
[0.161s] Level 1:colcon.colcon_core.package_identification:_identify(src) by extension 'cmake'
[0.161s] Level 1:colcon.colcon_core.package_identification:_identify(src) by extension 'python'
[0.161s] Level 1:colcon.colcon_core.package_identification:_identify(src) by extensions ['python_setup_py']
[0.161s] Level 1:colcon.colcon_core.package_identification:_identify(src) by extension 'python_setup_py'
[0.161s] Level 1:colcon.colcon_core.package_identification:_identify(src/my_simulator) by extensions ['ignore', 'ignore_ament_install']
[0.161s] Level 1:colcon.colcon_core.package_identification:_identify(src/my_simulator) by extension 'ignore'
[0.161s] Level 1:colcon.colcon_core.package_identification:_identify(src/my_simulator) by extension 'ignore_ament_install'
[0.161s] Level 1:colcon.colcon_core.package_identification:_identify(src/my_simulator) by extensions ['colcon_pkg']
[0.161s] Level 1:colcon.colcon_core.package_identification:_identify(src/my_simulator) by extension 'colcon_pkg'
[0.161s] Level 1:colcon.colcon_core.package_identification:_identify(src/my_simulator) by extensions ['colcon_meta']
[0.161s] Level 1:colcon.colcon_core.package_identification:_identify(src/my_simulator) by extension 'colcon_meta'
[0.161s] Level 1:colcon.colcon_core.package_identification:_identify(src/my_simulator) by extensions ['ros']
[0.161s] Level 1:colcon.colcon_core.package_identification:_identify(src/my_simulator) by extension 'ros'
[0.163s] DEBUG:colcon.colcon_core.package_identification:Package 'src/my_simulator' with type 'ros.ament_cmake' and name 'my_simulator'
[0.163s] Level 1:colcon.colcon_core.package_identification:_identify(src/my_simulator_interfaces) by extensions ['ignore', 'ignore_ament_install']
[0.163s] Level 1:colcon.colcon_core.package_identification:_identify(src/my_simulator_interfaces) by extension 'ignore'
[0.163s] Level 1:colcon.colcon_core.package_identification:_identify(src/my_simulator_interfaces) by extension 'ignore_ament_install'
[0.163s] Level 1:colcon.colcon_core.package_identification:_identify(src/my_simulator_interfaces) by extensions ['colcon_pkg']
[0.163s] Level 1:colcon.colcon_core.package_identification:_identify(src/my_simulator_interfaces) by extension 'colcon_pkg'
[0.163s] Level 1:colcon.colcon_core.package_identification:_identify(src/my_simulator_interfaces) by extensions ['colcon_meta']
[0.163s] Level 1:colcon.colcon_core.package_identification:_identify(src/my_simulator_interfaces) by extension 'colcon_meta'
[0.163s] Level 1:colcon.colcon_core.package_identification:_identify(src/my_simulator_interfaces) by extensions ['ros']
[0.163s] Level 1:colcon.colcon_core.package_identification:_identify(src/my_simulator_interfaces) by extension 'ros'
[0.163s] DEBUG:colcon.colcon_core.package_identification:Package 'src/my_simulator_interfaces' with type 'ros.ament_cmake' and name 'my_simulator_interfaces'
[0.163s] Level 1:colcon.colcon_core.package_discovery:discover_packages(recursive) using defaults
[0.164s] Level 1:colcon.colcon_core.package_discovery:discover_packages(ignore) discover
[0.164s] Level 1:colcon.colcon_core.package_discovery:discover_packages(ignore) using defaults
[0.164s] Level 1:colcon.colcon_core.package_discovery:discover_packages(path) discover
[0.164s] Level 1:colcon.colcon_core.package_discovery:discover_packages(path) using defaults
[0.182s] Level 1:colcon.colcon_core.package_discovery:discover_packages(prefix_path) check parameters
[0.182s] Level 1:colcon.colcon_core.package_discovery:discover_packages(prefix_path) discover
[0.183s] DEBUG:colcon.colcon_installed_package_information.package_discovery:Found 2 installed packages in /home/ian/Documents/ARUS/proyect_academy/install
[0.184s] DEBUG:colcon.colcon_installed_package_information.package_discovery:Found 273 installed packages in /opt/ros/humble
[0.185s] Level 1:colcon.colcon_core.package_discovery:discover_packages(prefix_path) using defaults
[0.203s] Level 5:colcon.colcon_core.verb:set package 'my_simulator_interfaces' build argument 'cmake_args' from command line to 'None'
[0.203s] Level 5:colcon.colcon_core.verb:set package 'my_simulator_interfaces' build argument 'cmake_target' from command line to 'None'
[0.203s] Level 5:colcon.colcon_core.verb:set package 'my_simulator_interfaces' build argument 'cmake_target_skip_unavailable' from command line to 'False'
[0.203s] Level 5:colcon.colcon_core.verb:set package 'my_simulator_interfaces' build argument 'cmake_clean_cache' from command line to 'False'
[0.203s] Level 5:colcon.colcon_core.verb:set package 'my_simulator_interfaces' build argument 'cmake_clean_first' from command line to 'False'
[0.203s] Level 5:colcon.colcon_core.verb:set package 'my_simulator_interfaces' build argument 'cmake_force_configure' from command line to 'False'
[0.203s] Level 5:colcon.colcon_core.verb:set package 'my_simulator_interfaces' build argument 'ament_cmake_args' from command line to 'None'
[0.203s] Level 5:colcon.colcon_core.verb:set package 'my_simulator_interfaces' build argument 'catkin_cmake_args' from command line to 'None'
[0.203s] Level 5:colcon.colcon_core.verb:set package 'my_simulator_interfaces' build argument 'catkin_skip_building_tests' from command line to 'False'
[0.203s] DEBUG:colcon.colcon_core.verb:Building package 'my_simulator_interfaces' with the following arguments: {'ament_cmake_args': None, 'build_base': '/home/ian/Documents/ARUS/proyect_academy/build/my_simulator_interfaces', 'catkin_cmake_args': None, 'catkin_skip_building_tests': False, 'cmake_args': None, 'cmake_clean_cache': False, 'cmake_clean_first': False, 'cmake_force_configure': False, 'cmake_target': None, 'cmake_target_skip_unavailable': False, 'install_base': '/home/ian/Documents/ARUS/proyect_academy/install/my_simulator_interfaces', 'merge_install': False, 'path': '/home/ian/Documents/ARUS/proyect_academy/src/my_simulator_interfaces', 'symlink_install': False, 'test_result_base': None}
[0.203s] Level 5:colcon.colcon_core.verb:set package 'my_simulator' build argument 'cmake_args' from command line to 'None'
[0.203s] Level 5:colcon.colcon_core.verb:set package 'my_simulator' build argument 'cmake_target' from command line to 'None'
[0.203s] Level 5:colcon.colcon_core.verb:set package 'my_simulator' build argument 'cmake_target_skip_unavailable' from command line to 'False'
[0.203s] Level 5:colcon.colcon_core.verb:set package 'my_simulator' build argument 'cmake_clean_cache' from command line to 'False'
[0.203s] Level 5:colcon.colcon_core.verb:set package 'my_simulator' build argument 'cmake_clean_first' from command line to 'False'
[0.203s] Level 5:colcon.colcon_core.verb:set package 'my_simulator' build argument 'cmake_force_configure' from command line to 'False'
[0.203s] Level 5:colcon.colcon_core.verb:set package 'my_simulator' build argument 'ament_cmake_args' from command line to 'None'
[0.203s] Level 5:colcon.colcon_core.verb:set package 'my_simulator' build argument 'catkin_cmake_args' from command line to 'None'
[0.203s] Level 5:colcon.colcon_core.verb:set package 'my_simulator' build argument 'catkin_skip_building_tests' from command line to 'False'
[0.203s] DEBUG:colcon.colcon_core.verb:Building package 'my_simulator' with the following arguments: {'ament_cmake_args': None, 'build_base': '/home/ian/Documents/ARUS/proyect_academy/build/my_simulator', 'catkin_cmake_args': None, 'catkin_skip_building_tests': False, 'cmake_args': None, 'cmake_clean_cache': False, 'cmake_clean_first': False, 'cmake_force_configure': False, 'cmake_target': None, 'cmake_target_skip_unavailable': False, 'install_base': '/home/ian/Documents/ARUS/proyect_academy/install/my_simulator', 'merge_install': False, 'path': '/home/ian/Documents/ARUS/proyect_academy/src/my_simulator', 'symlink_install': False, 'test_result_base': None}
[0.203s] INFO:colcon.colcon_core.executor:Executing jobs using 'parallel' executor
[0.204s] DEBUG:colcon.colcon_parallel_executor.executor.parallel:run_until_complete
[0.205s] INFO:colcon.colcon_ros.task.ament_cmake.build:Building ROS package in '/home/ian/Documents/ARUS/proyect_academy/src/my_simulator_interfaces' with build type 'ament_cmake'
[0.205s] INFO:colcon.colcon_cmake.task.cmake.build:Building CMake package in '/home/ian/Documents/ARUS/proyect_academy/src/my_simulator_interfaces'
[0.206s] INFO:colcon.colcon_core.plugin_system:Skipping extension 'colcon_core.shell.bat': Not used on non-Windows systems
[0.206s] INFO:colcon.colcon_core.shell:Skip shell extension 'powershell' for command environment: Not usable outside of PowerShell
[0.206s] DEBUG:colcon.colcon_core.shell:Skip shell extension 'dsv' for command environment
[0.212s] DEBUG:colcon.colcon_core.event_handler.log_command:Invoking command in '/home/ian/Documents/ARUS/proyect_academy/build/my_simulator_interfaces': CMAKE_PREFIX_PATH=${CMAKE_PREFIX_PATH}:/opt/ros/humble /usr/bin/cmake --build /home/ian/Documents/ARUS/proyect_academy/build/my_simulator_interfaces -- -j4 -l4
[0.442s] DEBUG:colcon.colcon_core.event_handler.log_command:Invoked command in '/home/ian/Documents/ARUS/proyect_academy/build/my_simulator_interfaces' returned '0': CMAKE_PREFIX_PATH=${CMAKE_PREFIX_PATH}:/opt/ros/humble /usr/bin/cmake --build /home/ian/Documents/ARUS/proyect_academy/build/my_simulator_interfaces -- -j4 -l4
[0.452s] DEBUG:colcon.colcon_core.event_handler.log_command:Invoking command in '/home/ian/Documents/ARUS/proyect_academy/build/my_simulator_interfaces': CMAKE_PREFIX_PATH=${CMAKE_PREFIX_PATH}:/opt/ros/humble /usr/bin/cmake --install /home/ian/Documents/ARUS/proyect_academy/build/my_simulator_interfaces
[0.499s] Level 1:colcon.colcon_core.environment:create_environment_scripts_only(my_simulator_interfaces)
[0.500s] DEBUG:colcon.colcon_core.event_handler.log_command:Invoked command in '/home/ian/Documents/ARUS/proyect_academy/build/my_simulator_interfaces' returned '0': CMAKE_PREFIX_PATH=${CMAKE_PREFIX_PATH}:/opt/ros/humble /usr/bin/cmake --install /home/ian/Documents/ARUS/proyect_academy/build/my_simulator_interfaces
[0.501s] Level 1:colcon.colcon_core.environment:checking '/home/ian/Documents/ARUS/proyect_academy/install/my_simulator_interfaces' for CMake module files
[0.502s] Level 1:colcon.colcon_core.environment:checking '/home/ian/Documents/ARUS/proyect_academy/install/my_simulator_interfaces' for CMake config files
[0.502s] Level 1:colcon.colcon_core.shell:create_environment_hook('my_simulator_interfaces', 'cmake_prefix_path')
[0.502s] INFO:colcon.colcon_core.shell:Creating environment hook '/home/ian/Documents/ARUS/proyect_academy/install/my_simulator_interfaces/share/my_simulator_interfaces/hook/cmake_prefix_path.ps1'
[0.503s] INFO:colcon.colcon_core.shell:Creating environment descriptor '/home/ian/Documents/ARUS/proyect_academy/install/my_simulator_interfaces/share/my_simulator_interfaces/hook/cmake_prefix_path.dsv'
[0.503s] INFO:colcon.colcon_core.shell:Creating environment hook '/home/ian/Documents/ARUS/proyect_academy/install/my_simulator_interfaces/share/my_simulator_interfaces/hook/cmake_prefix_path.sh'
[0.504s] Level 1:colcon.colcon_core.environment:checking '/home/ian/Documents/ARUS/proyect_academy/install/my_simulator_interfaces/lib'
[0.505s] Level 1:colcon.colcon_core.shell:create_environment_hook('my_simulator_interfaces', 'ld_library_path_lib')
[0.506s] INFO:colcon.colcon_core.shell:Creating environment hook '/home/ian/Documents/ARUS/proyect_academy/install/my_simulator_interfaces/share/my_simulator_interfaces/hook/ld_library_path_lib.ps1'
[0.507s] INFO:colcon.colcon_core.shell:Creating environment descriptor '/home/ian/Documents/ARUS/proyect_academy/install/my_simulator_interfaces/share/my_simulator_interfaces/hook/ld_library_path_lib.dsv'
[0.507s] INFO:colcon.colcon_core.shell:Creating environment hook '/home/ian/Documents/ARUS/proyect_academy/install/my_simulator_interfaces/share/my_simulator_interfaces/hook/ld_library_path_lib.sh'
[0.508s] Level 1:colcon.colcon_core.environment:checking '/home/ian/Documents/ARUS/proyect_academy/install/my_simulator_interfaces/bin'
[0.508s] Level 1:colcon.colcon_core.environment:checking '/home/ian/Documents/ARUS/proyect_academy/install/my_simulator_interfaces/lib/pkgconfig/my_simulator_interfaces.pc'
[0.508s] Level 1:colcon.colcon_core.environment:checking '/home/ian/Documents/ARUS/proyect_academy/install/my_simulator_interfaces/lib/python3.10/site-packages'
[0.508s] Level 1:colcon.colcon_core.environment:checking '/home/ian/Documents/ARUS/proyect_academy/install/my_simulator_interfaces/bin'
[0.509s] INFO:colcon.colcon_core.shell:Creating package script '/home/ian/Documents/ARUS/proyect_academy/install/my_simulator_interfaces/share/my_simulator_interfaces/package.ps1'
[0.510s] INFO:colcon.colcon_core.shell:Creating package descriptor '/home/ian/Documents/ARUS/proyect_academy/install/my_simulator_interfaces/share/my_simulator_interfaces/package.dsv'
[0.510s] INFO:colcon.colcon_core.shell:Creating package script '/home/ian/Documents/ARUS/proyect_academy/install/my_simulator_interfaces/share/my_simulator_interfaces/package.sh'
[0.511s] INFO:colcon.colcon_core.shell:Creating package script '/home/ian/Documents/ARUS/proyect_academy/install/my_simulator_interfaces/share/my_simulator_interfaces/package.bash'
[0.511s] INFO:colcon.colcon_core.shell:Creating package script '/home/ian/Documents/ARUS/proyect_academy/install/my_simulator_interfaces/share/my_simulator_interfaces/package.zsh'
[0.511s] Level 1:colcon.colcon_core.environment:create_file_with_runtime_dependencies(/home/ian/Documents/ARUS/proyect_academy/install/my_simulator_interfaces/share/colcon-core/packages/my_simulator_interfaces)
[0.512s] Level 1:colcon.colcon_core.environment:create_environment_scripts_only(my_simulator_interfaces)
[0.512s] Level 1:colcon.colcon_core.environment:checking '/home/ian/Documents/ARUS/proyect_academy/install/my_simulator_interfaces' for CMake module files
[0.512s] Level 1:colcon.colcon_core.environment:checking '/home/ian/Documents/ARUS/proyect_academy/install/my_simulator_interfaces' for CMake config files
[0.513s] Level 1:colcon.colcon_core.shell:create_environment_hook('my_simulator_interfaces', 'cmake_prefix_path')
[0.513s] INFO:colcon.colcon_core.shell:Creating environment hook '/home/ian/Documents/ARUS/proyect_academy/install/my_simulator_interfaces/share/my_simulator_interfaces/hook/cmake_prefix_path.ps1'
[0.513s] INFO:colcon.colcon_core.shell:Creating environment descriptor '/home/ian/Documents/ARUS/proyect_academy/install/my_simulator_interfaces/share/my_simulator_interfaces/hook/cmake_prefix_path.dsv'
[0.513s] INFO:colcon.colcon_core.shell:Creating environment hook '/home/ian/Documents/ARUS/proyect_academy/install/my_simulator_interfaces/share/my_simulator_interfaces/hook/cmake_prefix_path.sh'
[0.514s] Level 1:colcon.colcon_core.environment:checking '/home/ian/Documents/ARUS/proyect_academy/install/my_simulator_interfaces/lib'
[0.514s] Level 1:colcon.colcon_core.shell:create_environment_hook('my_simulator_interfaces', 'ld_library_path_lib')
[0.514s] INFO:colcon.colcon_core.shell:Creating environment hook '/home/ian/Documents/ARUS/proyect_academy/install/my_simulator_interfaces/share/my_simulator_interfaces/hook/ld_library_path_lib.ps1'
[0.514s] INFO:colcon.colcon_core.shell:Creating environment descriptor '/home/ian/Documents/ARUS/proyect_academy/install/my_simulator_interfaces/share/my_simulator_interfaces/hook/ld_library_path_lib.dsv'
[0.515s] INFO:colcon.colcon_core.shell:Creating environment hook '/home/ian/Documents/ARUS/proyect_academy/install/my_simulator_interfaces/share/my_simulator_interfaces/hook/ld_library_path_lib.sh'
[0.515s] Level 1:colcon.colcon_core.environment:checking '/home/ian/Documents/ARUS/proyect_academy/install/my_simulator_interfaces/bin'
[0.515s] Level 1:colcon.colcon_core.environment:checking '/home/ian/Documents/ARUS/proyect_academy/install/my_simulator_interfaces/lib/pkgconfig/my_simulator_interfaces.pc'
[0.515s] Level 1:colcon.colcon_core.environment:checking '/home/ian/Documents/ARUS/proyect_academy/install/my_simulator_interfaces/lib/python3.10/site-packages'
[0.515s] Level 1:colcon.colcon_core.environment:checking '/home/ian/Documents/ARUS/proyect_academy/install/my_simulator_interfaces/bin'
[0.515s] INFO:colcon.colcon_core.shell:Creating package script '/home/ian/Documents/ARUS/proyect_academy/install/my_simulator_interfaces/share/my_simulator_interfaces/package.ps1'
[0.516s] INFO:colcon.colcon_core.shell:Creating package descriptor '/home/ian/Documents/ARUS/proyect_academy/install/my_simulator_interfaces/share/my_simulator_interfaces/package.dsv'
[0.516s] INFO:colcon.colcon_core.shell:Creating package script '/home/ian/Documents/ARUS/proyect_academy/install/my_simulator_interfaces/share/my_simulator_interfaces/package.sh'
[0.516s] INFO:colcon.colcon_core.shell:Creating package script '/home/ian/Documents/ARUS/proyect_academy/install/my_simulator_interfaces/share/my_simulator_interfaces/package.bash'
[0.517s] INFO:colcon.colcon_core.shell:Creating package script '/home/ian/Documents/ARUS/proyect_academy/install/my_simulator_interfaces/share/my_simulator_interfaces/package.zsh'
[0.517s] Level 1:colcon.colcon_core.environment:create_file_with_runtime_dependencies(/home/ian/Documents/ARUS/proyect_academy/install/my_simulator_interfaces/share/colcon-core/packages/my_simulator_interfaces)
[0.518s] INFO:colcon.colcon_ros.task.ament_cmake.build:Building ROS package in '/home/ian/Documents/ARUS/proyect_academy/src/my_simulator' with build type 'ament_cmake'
[0.518s] INFO:colcon.colcon_cmake.task.cmake.build:Building CMake package in '/home/ian/Documents/ARUS/proyect_academy/src/my_simulator'
[0.518s] INFO:colcon.colcon_core.shell:Skip shell extension 'powershell' for command environment: Not usable outside of PowerShell
[0.518s] DEBUG:colcon.colcon_core.shell:Skip shell extension 'dsv' for command environment
[0.527s] DEBUG:colcon.colcon_core.event_handler.log_command:Invoking command in '/home/ian/Documents/ARUS/proyect_academy/build/my_simulator': CMAKE_PREFIX_PATH=/home/ian/Documents/ARUS/proyect_academy/install/my_simulator_interfaces:/home/ian/Documents/ARUS/proyect_academy/install/my_simulator:/opt/ros/humble /usr/bin/cmake --build /home/ian/Documents/ARUS/proyect_academy/build/my_simulator -- -j4 -l4
[6.326s] DEBUG:colcon.colcon_core.event_handler.log_command:Invoked command in '/home/ian/Documents/ARUS/proyect_academy/build/my_simulator' returned '0': CMAKE_PREFIX_PATH=/home/ian/Documents/ARUS/proyect_academy/install/my_simulator_interfaces:/home/ian/Documents/ARUS/proyect_academy/install/my_simulator:/opt/ros/humble /usr/bin/cmake --build /home/ian/Documents/ARUS/proyect_academy/build/my_simulator -- -j4 -l4
[6.327s] DEBUG:colcon.colcon_core.event_handler.log_command:Invoking command in '/home/ian/Documents/ARUS/proyect_academy/build/my_simulator': CMAKE_PREFIX_PATH=/home/ian/Documents/ARUS/proyect_academy/install/my_simulator_interfaces:/home/ian/Documents/ARUS/proyect_academy/install/my_simulator:/opt/ros/humble /usr/bin/cmake --install /home/ian/Documents/ARUS/proyect_academy/build/my_simulator
[6.339s] Level 1:colcon.colcon_core.environment:create_environment_scripts_only(my_simulator)
[6.339s] Level 1:colcon.colcon_core.environment:checking '/home/ian/Documents/ARUS/proyect_academy/install/my_simulator' for CMake module files
[6.339s] Level 1:colcon.colcon_core.environment:checking '/home/ian/Documents/ARUS/proyect_academy/install/my_simulator' for CMake config files
[6.340s] Level 1:colcon.colcon_core.shell:create_environment_hook('my_simulator', 'cmake_prefix_path')
[6.340s] INFO:colcon.colcon_core.shell:Creating environment hook '/home/ian/Documents/ARUS/proyect_academy/install/my_simulator/share/my_simulator/hook/cmake_prefix_path.ps1'
[6.340s] INFO:colcon.colcon_core.shell:Creating environment descriptor '/home/ian/Documents/ARUS/proyect_academy/install/my_simulator/share/my_simulator/hook/cmake_prefix_path.dsv'
[6.341s] INFO:colcon.colcon_core.shell:Creating environment hook '/home/ian/Documents/ARUS/proyect_academy/install/my_simulator/share/my_simulator/hook/cmake_prefix_path.sh'
[6.341s] Level 1:colcon.colcon_core.environment:checking '/home/ian/Documents/ARUS/proyect_academy/install/my_simulator/lib'
[6.341s] Level 1:colcon.colcon_core.environment:checking '/home/ian/Documents/ARUS/proyect_academy/install/my_simulator/bin'
[6.341s] Level 1:colcon.colcon_core.environment:checking '/home/ian/Documents/ARUS/proyect_academy/install/my_simulator/lib/pkgconfig/my_simulator.pc'
[6.341s] Level 1:colcon.colcon_core.environment:checking '/home/ian/Documents/ARUS/proyect_academy/install/my_simulator/lib/python3.10/site-packages'
[6.342s] Level 1:colcon.colcon_core.environment:checking '/home/ian/Documents/ARUS/proyect_academy/install/my_simulator/bin'
[6.342s] INFO:colcon.colcon_core.shell:Creating package script '/home/ian/Documents/ARUS/proyect_academy/install/my_simulator/share/my_simulator/package.ps1'
[6.342s] DEBUG:colcon.colcon_core.event_handler.log_command:Invoked command in '/home/ian/Documents/ARUS/proyect_academy/build/my_simulator' returned '0': CMAKE_PREFIX_PATH=/home/ian/Documents/ARUS/proyect_academy/install/my_simulator_interfaces:/home/ian/Documents/ARUS/proyect_academy/install/my_simulator:/opt/ros/humble /usr/bin/cmake --install /home/ian/Documents/ARUS/proyect_academy/build/my_simulator
[6.342s] INFO:colcon.colcon_core.shell:Creating package descriptor '/home/ian/Documents/ARUS/proyect_academy/install/my_simulator/share/my_simulator/package.dsv'
[6.343s] INFO:colcon.colcon_core.shell:Creating package script '/home/ian/Documents/ARUS/proyect_academy/install/my_simulator/share/my_simulator/package.sh'
[6.343s] INFO:colcon.colcon_core.shell:Creating package script '/home/ian/Documents/ARUS/proyect_academy/install/my_simulator/share/my_simulator/package.bash'
[6.343s] INFO:colcon.colcon_core.shell:Creating package script '/home/ian/Documents/ARUS/proyect_academy/install/my_simulator/share/my_simulator/package.zsh'
[6.344s] Level 1:colcon.colcon_core.environment:create_file_with_runtime_dependencies(/home/ian/Documents/ARUS/proyect_academy/install/my_simulator/share/colcon-core/packages/my_simulator)
[6.344s] Level 1:colcon.colcon_core.environment:create_environment_scripts_only(my_simulator)
[6.344s] Level 1:colcon.colcon_core.environment:checking '/home/ian/Documents/ARUS/proyect_academy/install/my_simulator' for CMake module files
[6.344s] Level 1:colcon.colcon_core.environment:checking '/home/ian/Documents/ARUS/proyect_academy/install/my_simulator' for CMake config files
[6.344s] Level 1:colcon.colcon_core.shell:create_environment_hook('my_simulator', 'cmake_prefix_path')
[6.345s] INFO:colcon.colcon_core.shell:Creating environment hook '/home/ian/Documents/ARUS/proyect_academy/install/my_simulator/share/my_simulator/hook/cmake_prefix_path.ps1'
[6.345s] INFO:colcon.colcon_core.shell:Creating environment descriptor '/home/ian/Documents/ARUS/proyect_academy/install/my_simulator/share/my_simulator/hook/cmake_prefix_path.dsv'
[6.345s] INFO:colcon.colcon_core.shell:Creating environment hook '/home/ian/Documents/ARUS/proyect_academy/install/my_simulator/share/my_simulator/hook/cmake_prefix_path.sh'
[6.346s] Level 1:colcon.colcon_core.environment:checking '/home/ian/Documents/ARUS/proyect_academy/install/my_simulator/lib'
[6.346s] Level 1:colcon.colcon_core.environment:checking '/home/ian/Documents/ARUS/proyect_academy/install/my_simulator/bin'
[6.346s] Level 1:colcon.colcon_core.environment:checking '/home/ian/Documents/ARUS/proyect_academy/install/my_simulator/lib/pkgconfig/my_simulator.pc'
[6.346s] Level 1:colcon.colcon_core.environment:checking '/home/ian/Documents/ARUS/proyect_academy/install/my_simulator/lib/python3.10/site-packages'
[6.347s] Level 1:colcon.colcon_core.environment:checking '/home/ian/Documents/ARUS/proyect_academy/install/my_simulator/bin'
[6.347s] INFO:colcon.colcon_core.shell:Creating package script '/home/ian/Documents/ARUS/proyect_academy/install/my_simulator/share/my_simulator/package.ps1'
[6.348s] INFO:colcon.colcon_core.shell:Creating package descriptor '/home/ian/Documents/ARUS/proyect_academy/install/my_simulator/share/my_simulator/package.dsv'
[6.348s] INFO:colcon.colcon_core.shell:Creating package script '/home/ian/Documents/ARUS/proyect_academy/install/my_simulator/share/my_simulator/package.sh'
[6.349s] INFO:colcon.colcon_core.shell:Creating package script '/home/ian/Documents/ARUS/proyect_academy/install/my_simulator/share/my_simulator/package.bash'
[6.349s] INFO:colcon.colcon_core.shell:Creating package script '/home/ian/Documents/ARUS/proyect_academy/install/my_simulator/share/my_simulator/package.zsh'
[6.349s] Level 1:colcon.colcon_core.environment:create_file_with_runtime_dependencies(/home/ian/Documents/ARUS/proyect_academy/install/my_simulator/share/colcon-core/packages/my_simulator)
[6.350s] DEBUG:colcon.colcon_parallel_executor.executor.parallel:closing loop
[6.350s] DEBUG:colcon.colcon_parallel_executor.executor.parallel:loop closed
[6.350s] DEBUG:colcon.colcon_parallel_executor.executor.parallel:run_until_complete finished with '0'
[6.350s] DEBUG:colcon.colcon_core.event_reactor:joining thread
[6.353s] INFO:colcon.colcon_core.plugin_system:Skipping extension 'colcon_notification.desktop_notification.terminal_notifier': Not used on non-Darwin systems
[6.353s] INFO:colcon.colcon_core.plugin_system:Skipping extension 'colcon_notification.desktop_notification.win32': Not used on non-Windows systems
[6.354s] INFO:colcon.colcon_notification.desktop_notification:Sending desktop notification using 'notify2'
[6.364s] DEBUG:colcon.colcon_core.event_reactor:joined thread
[6.364s] INFO:colcon.colcon_core.shell:Creating prefix script '/home/ian/Documents/ARUS/proyect_academy/install/local_setup.ps1'
[6.365s] INFO:colcon.colcon_core.shell:Creating prefix util module '/home/ian/Documents/ARUS/proyect_academy/install/_local_setup_util_ps1.py'
[6.366s] INFO:colcon.colcon_core.shell:Creating prefix chain script '/home/ian/Documents/ARUS/proyect_academy/install/setup.ps1'
[6.367s] INFO:colcon.colcon_core.shell:Creating prefix script '/home/ian/Documents/ARUS/proyect_academy/install/local_setup.sh'
[6.368s] INFO:colcon.colcon_core.shell:Creating prefix util module '/home/ian/Documents/ARUS/proyect_academy/install/_local_setup_util_sh.py'
[6.369s] INFO:colcon.colcon_core.shell:Creating prefix chain script '/home/ian/Documents/ARUS/proyect_academy/install/setup.sh'
[6.370s] INFO:colcon.colcon_core.shell:Creating prefix script '/home/ian/Documents/ARUS/proyect_academy/install/local_setup.bash'
[6.371s] INFO:colcon.colcon_core.shell:Creating prefix chain script '/home/ian/Documents/ARUS/proyect_academy/install/setup.bash'
[6.372s] INFO:colcon.colcon_core.shell:Creating prefix script '/home/ian/Documents/ARUS/proyect_academy/install/local_setup.zsh'
[6.372s] INFO:colcon.colcon_core.shell:Creating prefix chain script '/home/ian/Documents/ARUS/proyect_academy/install/setup.zsh'
