[0.008s] Invoking command in '/home/ian/Documents/ARUS/proyect_academy/build/interfaces': CMAKE_PREFIX_PATH=/opt/ros/humble /usr/bin/cmake /home/ian/Documents/ARUS/proyect_academy/src/interfaces -DCMAKE_INSTALL_PREFIX=/home/ian/Documents/ARUS/proyect_academy/install/interfaces
[0.017s] -- Found ament_cmake: 1.3.12 (/opt/ros/humble/share/ament_cmake/cmake)
[0.114s] -- Found rosidl_default_generators: 1.2.0 (/opt/ros/humble/share/rosidl_default_generators/cmake)
[0.114s] -- Using all available rosidl_typesupport_c: rosidl_typesupport_fastrtps_c;rosidl_typesupport_introspection_c
[0.116s] -- Found rosidl_adapter: 3.1.7 (/opt/ros/humble/share/rosidl_adapter/cmake)
[0.135s] -- Using all available rosidl_typesupport_cpp: rosidl_typesupport_fastrtps_cpp;rosidl_typesupport_introspection_cpp
[0.255s] -- Configuring incomplete, errors occurred!
[0.255s] See also "/home/ian/Documents/ARUS/proyect_academy/build/interfaces/CMakeFiles/CMakeOutput.log".
[0.255s] [31mCMake Error at /opt/ros/humble/share/rosidl_adapter/cmake/rosidl_adapt_interfaces.cmake:59 (message):
[0.255s]   execute_process(/usr/bin/python3 -m rosidl_adapter --package-name
[0.256s]   interfaces --arguments-file
[0.256s]   /home/ian/Documents/ARUS/proyect_academy/build/interfaces/rosidl_adapter__arguments__interfaces.json
[0.256s]   --output-dir
[0.256s]   /home/ian/Documents/ARUS/proyect_academy/build/interfaces/rosidl_adapter/interfaces
[0.256s]   --output-file
[0.256s]   /home/ian/Documents/ARUS/proyect_academy/build/interfaces/rosidl_adapter/interfaces.idls)
[0.256s]   returned error code 1:
[0.256s] 
[0.256s]   Traceback (most recent call last):
[0.256s] 
[0.256s]     File "/usr/lib/python3.10/runpy.py", line 196, in _run_module_as_main
[0.256s]       return _run_code(code, main_globals, None,
[0.256s]     File "/usr/lib/python3.10/runpy.py", line 86, in _run_code
[0.256s]       exec(code, run_globals)
[0.257s]     File "/opt/ros/humble/local/lib/python3.10/dist-packages/rosidl_adapter/__main__.py", line 19, in <module>
[0.257s]       sys.exit(main())
[0.257s]     File "/opt/ros/humble/local/lib/python3.10/dist-packages/rosidl_adapter/main.py", line 53, in main
[0.257s]       abs_idl_file = convert_to_idl(
[0.257s]     File "/opt/ros/humble/local/lib/python3.10/dist-packages/rosidl_adapter/__init__.py", line 19, in convert_to_idl
[0.257s]       return convert_msg_to_idl(
[0.257s]     File "/opt/ros/humble/local/lib/python3.10/dist-packages/rosidl_adapter/msg/__init__.py", line 28, in convert_msg_to_idl
[0.257s]       msg = parse_message_string(package_name, input_file.stem, content)
[0.257s]     File "/opt/ros/humble/local/lib/python3.10/dist-packages/rosidl_adapter/parser.py", line 544, in parse_message_string
[0.257s]       msg = MessageSpecification(pkg_name, msg_name, fields, constants)
[0.257s]     File "/opt/ros/humble/local/lib/python3.10/dist-packages/rosidl_adapter/parser.py", line 388, in __init__
[0.257s]       self.base_type = BaseType(
[0.257s]     File "/opt/ros/humble/local/lib/python3.10/dist-packages/rosidl_adapter/parser.py", line 205, in __init__
[0.257s]       raise InvalidResourceName(
[0.257s] 
[0.257s]   rosidl_adapter.parser.InvalidResourceName: 'comando' is an invalid message
[0.257s]   name.  It should have the pattern '^[A-Z][A-Za-z0-9]*$'
[0.257s] 
[0.257s] Call Stack (most recent call first):
[0.257s]   /opt/ros/humble/share/rosidl_cmake/cmake/rosidl_generate_interfaces.cmake:130 (rosidl_adapt_interfaces)
[0.257s]   CMakeLists.txt:15 (rosidl_generate_interfaces)
[0.257s] 
[0.257s] [0m
[0.260s] Invoked command in '/home/ian/Documents/ARUS/proyect_academy/build/interfaces' returned '1': CMAKE_PREFIX_PATH=/opt/ros/humble /usr/bin/cmake /home/ian/Documents/ARUS/proyect_academy/src/interfaces -DCMAKE_INSTALL_PREFIX=/home/ian/Documents/ARUS/proyect_academy/install/interfaces
