[0.031s] Invoking command in '/home/ian/Documents/ARUS/proyect_academy/build/my_simulator_interfaces': CMAKE_PREFIX_PATH=/opt/ros/humble /usr/bin/cmake --build /home/ian/Documents/ARUS/proyect_academy/build/my_simulator_interfaces -- -j4 -l4
[0.156s] [  3%] Built target my_simulator_interfaces__cpp
[0.158s] [ 12%] Built target my_simulator_interfaces__rosidl_generator_c
[0.174s] [ 12%] Built target ament_cmake_python_copy_my_simulator_interfaces
[0.187s] [ 22%] Built target my_simulator_interfaces__rosidl_typesupport_cpp
[0.188s] [ 32%] Built target my_simulator_interfaces__rosidl_typesupport_introspection_cpp
[0.188s] [ 41%] Built target my_simulator_interfaces__rosidl_typesupport_fastrtps_cpp
[0.208s] [ 51%] Built target my_simulator_interfaces__rosidl_typesupport_fastrtps_c
[0.215s] [ 61%] Built target my_simulator_interfaces__rosidl_typesupport_introspection_c
[0.215s] [ 70%] Built target my_simulator_interfaces__rosidl_typesupport_c
[0.238s] [ 70%] Built target my_simulator_interfaces
[0.265s] [ 74%] Built target my_simulator_interfaces__py
[0.291s] [ 80%] Built target my_simulator_interfaces__rosidl_generator_py
[0.320s] [ 87%] Built target my_simulator_interfaces__rosidl_typesupport_introspection_c__pyext
[0.321s] [ 93%] Built target my_simulator_interfaces__rosidl_typesupport_c__pyext
[0.322s] [100%] Built target my_simulator_interfaces__rosidl_typesupport_fastrtps_c__pyext
[0.431s] running egg_info
[0.432s] writing my_simulator_interfaces.egg-info/PKG-INFO
[0.432s] writing dependency_links to my_simulator_interfaces.egg-info/dependency_links.txt
[0.432s] writing top-level names to my_simulator_interfaces.egg-info/top_level.txt
[0.438s] reading manifest file 'my_simulator_interfaces.egg-info/SOURCES.txt'
[0.438s] writing manifest file 'my_simulator_interfaces.egg-info/SOURCES.txt'
[0.466s] [100%] Built target ament_cmake_python_build_my_simulator_interfaces_egg
[0.479s] Invoked command in '/home/ian/Documents/ARUS/proyect_academy/build/my_simulator_interfaces' returned '0': CMAKE_PREFIX_PATH=/opt/ros/humble /usr/bin/cmake --build /home/ian/Documents/ARUS/proyect_academy/build/my_simulator_interfaces -- -j4 -l4
[0.491s] Invoking command in '/home/ian/Documents/ARUS/proyect_academy/build/my_simulator_interfaces': CMAKE_PREFIX_PATH=/opt/ros/humble /usr/bin/cmake --install /home/ian/Documents/ARUS/proyect_academy/build/my_simulator_interfaces
[0.500s] -- Install configuration: ""
[0.501s] -- Up-to-date: /home/ian/Documents/ARUS/proyect_academy/install/my_simulator_interfaces/share/ament_index/resource_index/rosidl_interfaces/my_simulator_interfaces
[0.501s] -- Up-to-date: /home/ian/Documents/ARUS/proyect_academy/install/my_simulator_interfaces/include/my_simulator_interfaces/my_simulator_interfaces
[0.501s] -- Up-to-date: /home/ian/Documents/ARUS/proyect_academy/install/my_simulator_interfaces/include/my_simulator_interfaces/my_simulator_interfaces/msg
[0.501s] -- Up-to-date: /home/ian/Documents/ARUS/proyect_academy/install/my_simulator_interfaces/include/my_simulator_interfaces/my_simulator_interfaces/msg/rosidl_generator_c__visibility_control.h
[0.501s] -- Up-to-date: /home/ian/Documents/ARUS/proyect_academy/install/my_simulator_interfaces/include/my_simulator_interfaces/my_simulator_interfaces/msg/detail
[0.502s] -- Up-to-date: /home/ian/Documents/ARUS/proyect_academy/install/my_simulator_interfaces/include/my_simulator_interfaces/my_simulator_interfaces/msg/detail/comando__type_support.h
[0.502s] -- Up-to-date: /home/ian/Documents/ARUS/proyect_academy/install/my_simulator_interfaces/include/my_simulator_interfaces/my_simulator_interfaces/msg/detail/comando__functions.h
[0.502s] -- Up-to-date: /home/ian/Documents/ARUS/proyect_academy/install/my_simulator_interfaces/include/my_simulator_interfaces/my_simulator_interfaces/msg/detail/comando__struct.h
[0.502s] -- Up-to-date: /home/ian/Documents/ARUS/proyect_academy/install/my_simulator_interfaces/include/my_simulator_interfaces/my_simulator_interfaces/msg/detail/comando__functions.c
[0.502s] -- Up-to-date: /home/ian/Documents/ARUS/proyect_academy/install/my_simulator_interfaces/include/my_simulator_interfaces/my_simulator_interfaces/msg/comando.h
[0.502s] -- Up-to-date: /home/ian/Documents/ARUS/proyect_academy/install/my_simulator_interfaces/share/my_simulator_interfaces/environment/library_path.sh
[0.502s] -- Up-to-date: /home/ian/Documents/ARUS/proyect_academy/install/my_simulator_interfaces/share/my_simulator_interfaces/environment/library_path.dsv
[0.504s] -- Up-to-date: /home/ian/Documents/ARUS/proyect_academy/install/my_simulator_interfaces/lib/libmy_simulator_interfaces__rosidl_generator_c.so
[0.505s] -- Up-to-date: /home/ian/Documents/ARUS/proyect_academy/install/my_simulator_interfaces/include/my_simulator_interfaces/my_simulator_interfaces
[0.505s] -- Up-to-date: /home/ian/Documents/ARUS/proyect_academy/install/my_simulator_interfaces/include/my_simulator_interfaces/my_simulator_interfaces/msg
[0.505s] -- Up-to-date: /home/ian/Documents/ARUS/proyect_academy/install/my_simulator_interfaces/include/my_simulator_interfaces/my_simulator_interfaces/msg/detail
[0.505s] -- Up-to-date: /home/ian/Documents/ARUS/proyect_academy/install/my_simulator_interfaces/include/my_simulator_interfaces/my_simulator_interfaces/msg/detail/comando__rosidl_typesupport_fastrtps_c.h
[0.505s] -- Up-to-date: /home/ian/Documents/ARUS/proyect_academy/install/my_simulator_interfaces/include/my_simulator_interfaces/my_simulator_interfaces/msg/rosidl_typesupport_fastrtps_c__visibility_control.h
[0.505s] -- Up-to-date: /home/ian/Documents/ARUS/proyect_academy/install/my_simulator_interfaces/lib/libmy_simulator_interfaces__rosidl_typesupport_fastrtps_c.so
[0.505s] -- Up-to-date: /home/ian/Documents/ARUS/proyect_academy/install/my_simulator_interfaces/include/my_simulator_interfaces/my_simulator_interfaces
[0.505s] -- Up-to-date: /home/ian/Documents/ARUS/proyect_academy/install/my_simulator_interfaces/include/my_simulator_interfaces/my_simulator_interfaces/msg
[0.505s] -- Up-to-date: /home/ian/Documents/ARUS/proyect_academy/install/my_simulator_interfaces/include/my_simulator_interfaces/my_simulator_interfaces/msg/detail
[0.506s] -- Up-to-date: /home/ian/Documents/ARUS/proyect_academy/install/my_simulator_interfaces/include/my_simulator_interfaces/my_simulator_interfaces/msg/detail/comando__rosidl_typesupport_introspection_c.h
[0.506s] -- Up-to-date: /home/ian/Documents/ARUS/proyect_academy/install/my_simulator_interfaces/include/my_simulator_interfaces/my_simulator_interfaces/msg/detail/comando__type_support.c
[0.506s] -- Up-to-date: /home/ian/Documents/ARUS/proyect_academy/install/my_simulator_interfaces/include/my_simulator_interfaces/my_simulator_interfaces/msg/rosidl_typesupport_introspection_c__visibility_control.h
[0.506s] -- Up-to-date: /home/ian/Documents/ARUS/proyect_academy/install/my_simulator_interfaces/lib/libmy_simulator_interfaces__rosidl_typesupport_introspection_c.so
[0.506s] -- Up-to-date: /home/ian/Documents/ARUS/proyect_academy/install/my_simulator_interfaces/lib/libmy_simulator_interfaces__rosidl_typesupport_c.so
[0.506s] -- Up-to-date: /home/ian/Documents/ARUS/proyect_academy/install/my_simulator_interfaces/include/my_simulator_interfaces/my_simulator_interfaces
[0.506s] -- Up-to-date: /home/ian/Documents/ARUS/proyect_academy/install/my_simulator_interfaces/include/my_simulator_interfaces/my_simulator_interfaces/msg
[0.506s] -- Up-to-date: /home/ian/Documents/ARUS/proyect_academy/install/my_simulator_interfaces/include/my_simulator_interfaces/my_simulator_interfaces/msg/detail
[0.507s] -- Up-to-date: /home/ian/Documents/ARUS/proyect_academy/install/my_simulator_interfaces/include/my_simulator_interfaces/my_simulator_interfaces/msg/detail/comando__type_support.hpp
[0.507s] -- Up-to-date: /home/ian/Documents/ARUS/proyect_academy/install/my_simulator_interfaces/include/my_simulator_interfaces/my_simulator_interfaces/msg/detail/comando__traits.hpp
[0.507s] -- Up-to-date: /home/ian/Documents/ARUS/proyect_academy/install/my_simulator_interfaces/include/my_simulator_interfaces/my_simulator_interfaces/msg/detail/comando__builder.hpp
[0.507s] -- Up-to-date: /home/ian/Documents/ARUS/proyect_academy/install/my_simulator_interfaces/include/my_simulator_interfaces/my_simulator_interfaces/msg/detail/comando__struct.hpp
[0.507s] -- Up-to-date: /home/ian/Documents/ARUS/proyect_academy/install/my_simulator_interfaces/include/my_simulator_interfaces/my_simulator_interfaces/msg/comando.hpp
[0.507s] -- Up-to-date: /home/ian/Documents/ARUS/proyect_academy/install/my_simulator_interfaces/include/my_simulator_interfaces/my_simulator_interfaces/msg/rosidl_generator_cpp__visibility_control.hpp
[0.507s] -- Up-to-date: /home/ian/Documents/ARUS/proyect_academy/install/my_simulator_interfaces/include/my_simulator_interfaces/my_simulator_interfaces
[0.507s] -- Up-to-date: /home/ian/Documents/ARUS/proyect_academy/install/my_simulator_interfaces/include/my_simulator_interfaces/my_simulator_interfaces/msg
[0.507s] -- Up-to-date: /home/ian/Documents/ARUS/proyect_academy/install/my_simulator_interfaces/include/my_simulator_interfaces/my_simulator_interfaces/msg/detail
[0.507s] -- Up-to-date: /home/ian/Documents/ARUS/proyect_academy/install/my_simulator_interfaces/include/my_simulator_interfaces/my_simulator_interfaces/msg/detail/comando__rosidl_typesupport_fastrtps_cpp.hpp
[0.507s] -- Up-to-date: /home/ian/Documents/ARUS/proyect_academy/install/my_simulator_interfaces/include/my_simulator_interfaces/my_simulator_interfaces/msg/detail/dds_fastrtps
[0.507s] -- Up-to-date: /home/ian/Documents/ARUS/proyect_academy/install/my_simulator_interfaces/include/my_simulator_interfaces/my_simulator_interfaces/msg/rosidl_typesupport_fastrtps_cpp__visibility_control.h
[0.507s] -- Up-to-date: /home/ian/Documents/ARUS/proyect_academy/install/my_simulator_interfaces/lib/libmy_simulator_interfaces__rosidl_typesupport_fastrtps_cpp.so
[0.507s] -- Up-to-date: /home/ian/Documents/ARUS/proyect_academy/install/my_simulator_interfaces/include/my_simulator_interfaces/my_simulator_interfaces
[0.508s] -- Up-to-date: /home/ian/Documents/ARUS/proyect_academy/install/my_simulator_interfaces/include/my_simulator_interfaces/my_simulator_interfaces/msg
[0.508s] -- Up-to-date: /home/ian/Documents/ARUS/proyect_academy/install/my_simulator_interfaces/include/my_simulator_interfaces/my_simulator_interfaces/msg/detail
[0.508s] -- Up-to-date: /home/ian/Documents/ARUS/proyect_academy/install/my_simulator_interfaces/include/my_simulator_interfaces/my_simulator_interfaces/msg/detail/comando__rosidl_typesupport_introspection_cpp.hpp
[0.508s] -- Up-to-date: /home/ian/Documents/ARUS/proyect_academy/install/my_simulator_interfaces/include/my_simulator_interfaces/my_simulator_interfaces/msg/detail/comando__type_support.cpp
[0.508s] -- Up-to-date: /home/ian/Documents/ARUS/proyect_academy/install/my_simulator_interfaces/lib/libmy_simulator_interfaces__rosidl_typesupport_introspection_cpp.so
[0.508s] -- Up-to-date: /home/ian/Documents/ARUS/proyect_academy/install/my_simulator_interfaces/lib/libmy_simulator_interfaces__rosidl_typesupport_cpp.so
[0.508s] -- Up-to-date: /home/ian/Documents/ARUS/proyect_academy/install/my_simulator_interfaces/share/my_simulator_interfaces/environment/pythonpath.sh
[0.508s] -- Up-to-date: /home/ian/Documents/ARUS/proyect_academy/install/my_simulator_interfaces/share/my_simulator_interfaces/environment/pythonpath.dsv
[0.508s] -- Up-to-date: /home/ian/Documents/ARUS/proyect_academy/install/my_simulator_interfaces/local/lib/python3.10/dist-packages/my_simulator_interfaces-0.0.0-py3.10.egg-info
[0.508s] -- Installing: /home/ian/Documents/ARUS/proyect_academy/install/my_simulator_interfaces/local/lib/python3.10/dist-packages/my_simulator_interfaces-0.0.0-py3.10.egg-info/dependency_links.txt
[0.508s] -- Installing: /home/ian/Documents/ARUS/proyect_academy/install/my_simulator_interfaces/local/lib/python3.10/dist-packages/my_simulator_interfaces-0.0.0-py3.10.egg-info/PKG-INFO
[0.508s] -- Installing: /home/ian/Documents/ARUS/proyect_academy/install/my_simulator_interfaces/local/lib/python3.10/dist-packages/my_simulator_interfaces-0.0.0-py3.10.egg-info/SOURCES.txt
[0.508s] -- Installing: /home/ian/Documents/ARUS/proyect_academy/install/my_simulator_interfaces/local/lib/python3.10/dist-packages/my_simulator_interfaces-0.0.0-py3.10.egg-info/top_level.txt
[0.508s] -- Up-to-date: /home/ian/Documents/ARUS/proyect_academy/install/my_simulator_interfaces/local/lib/python3.10/dist-packages/my_simulator_interfaces
[0.508s] -- Up-to-date: /home/ian/Documents/ARUS/proyect_academy/install/my_simulator_interfaces/local/lib/python3.10/dist-packages/my_simulator_interfaces/__init__.py
[0.508s] -- Up-to-date: /home/ian/Documents/ARUS/proyect_academy/install/my_simulator_interfaces/local/lib/python3.10/dist-packages/my_simulator_interfaces/_my_simulator_interfaces_s.ep.rosidl_typesupport_fastrtps_c.c
[0.508s] -- Up-to-date: /home/ian/Documents/ARUS/proyect_academy/install/my_simulator_interfaces/local/lib/python3.10/dist-packages/my_simulator_interfaces/my_simulator_interfaces_s__rosidl_typesupport_c.cpython-310-x86_64-linux-gnu.so
[0.508s] -- Up-to-date: /home/ian/Documents/ARUS/proyect_academy/install/my_simulator_interfaces/local/lib/python3.10/dist-packages/my_simulator_interfaces/msg
[0.508s] -- Up-to-date: /home/ian/Documents/ARUS/proyect_academy/install/my_simulator_interfaces/local/lib/python3.10/dist-packages/my_simulator_interfaces/msg/__init__.py
[0.508s] -- Up-to-date: /home/ian/Documents/ARUS/proyect_academy/install/my_simulator_interfaces/local/lib/python3.10/dist-packages/my_simulator_interfaces/msg/_comando_s.c
[0.508s] -- Up-to-date: /home/ian/Documents/ARUS/proyect_academy/install/my_simulator_interfaces/local/lib/python3.10/dist-packages/my_simulator_interfaces/msg/_comando.py
[0.508s] -- Up-to-date: /home/ian/Documents/ARUS/proyect_academy/install/my_simulator_interfaces/local/lib/python3.10/dist-packages/my_simulator_interfaces/my_simulator_interfaces_s__rosidl_typesupport_introspection_c.cpython-310-x86_64-linux-gnu.so
[0.508s] -- Up-to-date: /home/ian/Documents/ARUS/proyect_academy/install/my_simulator_interfaces/local/lib/python3.10/dist-packages/my_simulator_interfaces/_my_simulator_interfaces_s.ep.rosidl_typesupport_introspection_c.c
[0.509s] -- Up-to-date: /home/ian/Documents/ARUS/proyect_academy/install/my_simulator_interfaces/local/lib/python3.10/dist-packages/my_simulator_interfaces/my_simulator_interfaces_s__rosidl_typesupport_fastrtps_c.cpython-310-x86_64-linux-gnu.so
[0.509s] -- Up-to-date: /home/ian/Documents/ARUS/proyect_academy/install/my_simulator_interfaces/local/lib/python3.10/dist-packages/my_simulator_interfaces/libmy_simulator_interfaces__rosidl_generator_py.so
[0.509s] -- Up-to-date: /home/ian/Documents/ARUS/proyect_academy/install/my_simulator_interfaces/local/lib/python3.10/dist-packages/my_simulator_interfaces/_my_simulator_interfaces_s.ep.rosidl_typesupport_c.c
[0.549s] Listing '/home/ian/Documents/ARUS/proyect_academy/install/my_simulator_interfaces/local/lib/python3.10/dist-packages/my_simulator_interfaces'...
[0.549s] Listing '/home/ian/Documents/ARUS/proyect_academy/install/my_simulator_interfaces/local/lib/python3.10/dist-packages/my_simulator_interfaces/msg'...
[0.554s] -- Up-to-date: /home/ian/Documents/ARUS/proyect_academy/install/my_simulator_interfaces/local/lib/python3.10/dist-packages/my_simulator_interfaces/my_simulator_interfaces_s__rosidl_typesupport_fastrtps_c.cpython-310-x86_64-linux-gnu.so
[0.555s] -- Up-to-date: /home/ian/Documents/ARUS/proyect_academy/install/my_simulator_interfaces/local/lib/python3.10/dist-packages/my_simulator_interfaces/my_simulator_interfaces_s__rosidl_typesupport_introspection_c.cpython-310-x86_64-linux-gnu.so
[0.555s] -- Up-to-date: /home/ian/Documents/ARUS/proyect_academy/install/my_simulator_interfaces/local/lib/python3.10/dist-packages/my_simulator_interfaces/my_simulator_interfaces_s__rosidl_typesupport_c.cpython-310-x86_64-linux-gnu.so
[0.555s] -- Up-to-date: /home/ian/Documents/ARUS/proyect_academy/install/my_simulator_interfaces/lib/libmy_simulator_interfaces__rosidl_generator_py.so
[0.555s] -- Up-to-date: /home/ian/Documents/ARUS/proyect_academy/install/my_simulator_interfaces/share/my_simulator_interfaces/msg/Comando.idl
[0.556s] -- Up-to-date: /home/ian/Documents/ARUS/proyect_academy/install/my_simulator_interfaces/share/my_simulator_interfaces/msg/Comando.msg
[0.556s] -- Up-to-date: /home/ian/Documents/ARUS/proyect_academy/install/my_simulator_interfaces/share/ament_index/resource_index/package_run_dependencies/my_simulator_interfaces
[0.556s] -- Up-to-date: /home/ian/Documents/ARUS/proyect_academy/install/my_simulator_interfaces/share/ament_index/resource_index/parent_prefix_path/my_simulator_interfaces
[0.556s] -- Up-to-date: /home/ian/Documents/ARUS/proyect_academy/install/my_simulator_interfaces/share/my_simulator_interfaces/environment/ament_prefix_path.sh
[0.556s] -- Up-to-date: /home/ian/Documents/ARUS/proyect_academy/install/my_simulator_interfaces/share/my_simulator_interfaces/environment/ament_prefix_path.dsv
[0.556s] -- Up-to-date: /home/ian/Documents/ARUS/proyect_academy/install/my_simulator_interfaces/share/my_simulator_interfaces/environment/path.sh
[0.556s] -- Up-to-date: /home/ian/Documents/ARUS/proyect_academy/install/my_simulator_interfaces/share/my_simulator_interfaces/environment/path.dsv
[0.556s] -- Up-to-date: /home/ian/Documents/ARUS/proyect_academy/install/my_simulator_interfaces/share/my_simulator_interfaces/local_setup.bash
[0.556s] -- Up-to-date: /home/ian/Documents/ARUS/proyect_academy/install/my_simulator_interfaces/share/my_simulator_interfaces/local_setup.sh
[0.556s] -- Up-to-date: /home/ian/Documents/ARUS/proyect_academy/install/my_simulator_interfaces/share/my_simulator_interfaces/local_setup.zsh
[0.556s] -- Up-to-date: /home/ian/Documents/ARUS/proyect_academy/install/my_simulator_interfaces/share/my_simulator_interfaces/local_setup.dsv
[0.556s] -- Installing: /home/ian/Documents/ARUS/proyect_academy/install/my_simulator_interfaces/share/my_simulator_interfaces/package.dsv
[0.557s] -- Up-to-date: /home/ian/Documents/ARUS/proyect_academy/install/my_simulator_interfaces/share/ament_index/resource_index/packages/my_simulator_interfaces
[0.558s] -- Up-to-date: /home/ian/Documents/ARUS/proyect_academy/install/my_simulator_interfaces/share/my_simulator_interfaces/cmake/export_my_simulator_interfaces__rosidl_generator_cExport.cmake
[0.558s] -- Up-to-date: /home/ian/Documents/ARUS/proyect_academy/install/my_simulator_interfaces/share/my_simulator_interfaces/cmake/export_my_simulator_interfaces__rosidl_generator_cExport-noconfig.cmake
[0.558s] -- Up-to-date: /home/ian/Documents/ARUS/proyect_academy/install/my_simulator_interfaces/share/my_simulator_interfaces/cmake/export_my_simulator_interfaces__rosidl_typesupport_fastrtps_cExport.cmake
[0.559s] -- Up-to-date: /home/ian/Documents/ARUS/proyect_academy/install/my_simulator_interfaces/share/my_simulator_interfaces/cmake/export_my_simulator_interfaces__rosidl_typesupport_fastrtps_cExport-noconfig.cmake
[0.559s] -- Up-to-date: /home/ian/Documents/ARUS/proyect_academy/install/my_simulator_interfaces/share/my_simulator_interfaces/cmake/my_simulator_interfaces__rosidl_typesupport_introspection_cExport.cmake
[0.559s] -- Up-to-date: /home/ian/Documents/ARUS/proyect_academy/install/my_simulator_interfaces/share/my_simulator_interfaces/cmake/my_simulator_interfaces__rosidl_typesupport_introspection_cExport-noconfig.cmake
[0.560s] -- Up-to-date: /home/ian/Documents/ARUS/proyect_academy/install/my_simulator_interfaces/share/my_simulator_interfaces/cmake/my_simulator_interfaces__rosidl_typesupport_cExport.cmake
[0.560s] -- Up-to-date: /home/ian/Documents/ARUS/proyect_academy/install/my_simulator_interfaces/share/my_simulator_interfaces/cmake/my_simulator_interfaces__rosidl_typesupport_cExport-noconfig.cmake
[0.560s] -- Up-to-date: /home/ian/Documents/ARUS/proyect_academy/install/my_simulator_interfaces/share/my_simulator_interfaces/cmake/export_my_simulator_interfaces__rosidl_generator_cppExport.cmake
[0.561s] -- Up-to-date: /home/ian/Documents/ARUS/proyect_academy/install/my_simulator_interfaces/share/my_simulator_interfaces/cmake/export_my_simulator_interfaces__rosidl_typesupport_fastrtps_cppExport.cmake
[0.561s] -- Up-to-date: /home/ian/Documents/ARUS/proyect_academy/install/my_simulator_interfaces/share/my_simulator_interfaces/cmake/export_my_simulator_interfaces__rosidl_typesupport_fastrtps_cppExport-noconfig.cmake
[0.561s] -- Up-to-date: /home/ian/Documents/ARUS/proyect_academy/install/my_simulator_interfaces/share/my_simulator_interfaces/cmake/my_simulator_interfaces__rosidl_typesupport_introspection_cppExport.cmake
[0.562s] -- Up-to-date: /home/ian/Documents/ARUS/proyect_academy/install/my_simulator_interfaces/share/my_simulator_interfaces/cmake/my_simulator_interfaces__rosidl_typesupport_introspection_cppExport-noconfig.cmake
[0.562s] -- Up-to-date: /home/ian/Documents/ARUS/proyect_academy/install/my_simulator_interfaces/share/my_simulator_interfaces/cmake/my_simulator_interfaces__rosidl_typesupport_cppExport.cmake
[0.562s] -- Up-to-date: /home/ian/Documents/ARUS/proyect_academy/install/my_simulator_interfaces/share/my_simulator_interfaces/cmake/my_simulator_interfaces__rosidl_typesupport_cppExport-noconfig.cmake
[0.563s] -- Up-to-date: /home/ian/Documents/ARUS/proyect_academy/install/my_simulator_interfaces/share/my_simulator_interfaces/cmake/export_my_simulator_interfaces__rosidl_generator_pyExport.cmake
[0.563s] -- Up-to-date: /home/ian/Documents/ARUS/proyect_academy/install/my_simulator_interfaces/share/my_simulator_interfaces/cmake/export_my_simulator_interfaces__rosidl_generator_pyExport-noconfig.cmake
[0.563s] -- Up-to-date: /home/ian/Documents/ARUS/proyect_academy/install/my_simulator_interfaces/share/my_simulator_interfaces/cmake/rosidl_cmake-extras.cmake
[0.563s] -- Up-to-date: /home/ian/Documents/ARUS/proyect_academy/install/my_simulator_interfaces/share/my_simulator_interfaces/cmake/ament_cmake_export_include_directories-extras.cmake
[0.563s] -- Up-to-date: /home/ian/Documents/ARUS/proyect_academy/install/my_simulator_interfaces/share/my_simulator_interfaces/cmake/ament_cmake_export_libraries-extras.cmake
[0.563s] -- Up-to-date: /home/ian/Documents/ARUS/proyect_academy/install/my_simulator_interfaces/share/my_simulator_interfaces/cmake/ament_cmake_export_targets-extras.cmake
[0.563s] -- Up-to-date: /home/ian/Documents/ARUS/proyect_academy/install/my_simulator_interfaces/share/my_simulator_interfaces/cmake/rosidl_cmake_export_typesupport_targets-extras.cmake
[0.563s] -- Up-to-date: /home/ian/Documents/ARUS/proyect_academy/install/my_simulator_interfaces/share/my_simulator_interfaces/cmake/ament_cmake_export_dependencies-extras.cmake
[0.564s] -- Up-to-date: /home/ian/Documents/ARUS/proyect_academy/install/my_simulator_interfaces/share/my_simulator_interfaces/cmake/rosidl_cmake_export_typesupport_libraries-extras.cmake
[0.564s] -- Up-to-date: /home/ian/Documents/ARUS/proyect_academy/install/my_simulator_interfaces/share/my_simulator_interfaces/cmake/my_simulator_interfacesConfig.cmake
[0.564s] -- Up-to-date: /home/ian/Documents/ARUS/proyect_academy/install/my_simulator_interfaces/share/my_simulator_interfaces/cmake/my_simulator_interfacesConfig-version.cmake
[0.564s] -- Up-to-date: /home/ian/Documents/ARUS/proyect_academy/install/my_simulator_interfaces/share/my_simulator_interfaces/package.xml
[0.568s] Invoked command in '/home/ian/Documents/ARUS/proyect_academy/build/my_simulator_interfaces' returned '0': CMAKE_PREFIX_PATH=/opt/ros/humble /usr/bin/cmake --install /home/ian/Documents/ARUS/proyect_academy/build/my_simulator_interfaces
