[0.063s] DEBUG:colcon:Command line arguments: ['/usr/bin/colcon', 'build']
[0.063s] DEBUG:colcon:Parsed command line arguments: Namespace(log_base=None, log_level=None, verb_name='build', build_base='build', install_base='install', merge_install=False, symlink_install=False, test_result_base=None, continue_on_error=False, executor='parallel', parallel_workers=4, event_handlers=None, ignore_user_meta=False, metas=['./colcon.meta'], base_paths=['.'], packages_ignore=None, packages_ignore_regex=None, paths=None, packages_up_to=None, packages_up_to_regex=None, packages_above=None, packages_above_and_dependencies=None, packages_above_depth=None, packages_select_by_dep=None, packages_skip_by_dep=None, packages_skip_up_to=None, packages_select_build_failed=False, packages_skip_build_finished=False, packages_select_test_failures=False, packages_skip_test_passed=False, packages_select=None, packages_skip=None, packages_select_regex=None, packages_skip_regex=None, packages_start=None, packages_end=None, allow_overriding=[], cmake_args=None, cmake_target=None, cmake_target_skip_unavailable=False, cmake_clean_cache=False, cmake_clean_first=False, cmake_force_configure=False, ament_cmake_args=None, catkin_cmake_args=None, catkin_skip_building_tests=False, mixin_files=None, mixin=None, verb_parser=<colcon_mixin.mixin.mixin_argument.MixinArgumentDecorator object at 0x7237b84654b0>, verb_extension=<colcon_core.verb.build.BuildVerb object at 0x7237b856a3b0>, main=<bound method BuildVerb.main of <colcon_core.verb.build.BuildVerb object at 0x7237b856a3b0>>, mixin_verb=('build',))
[0.147s] Level 1:colcon.colcon_core.package_discovery:discover_packages(colcon_meta) check parameters
[0.147s] Level 1:colcon.colcon_core.package_discovery:discover_packages(recursive) check parameters
[0.147s] Level 1:colcon.colcon_core.package_discovery:discover_packages(ignore) check parameters
[0.147s] Level 1:colcon.colcon_core.package_discovery:discover_packages(path) check parameters
[0.147s] Level 1:colcon.colcon_core.package_discovery:discover_packages(colcon_meta) discover
[0.147s] Level 1:colcon.colcon_core.package_discovery:discover_packages(recursive) discover
[0.147s] INFO:colcon.colcon_core.package_discovery:Crawling recursively for packages in '/home/ian/Documents/ARUS/proyect_academy'
[0.147s] Level 1:colcon.colcon_core.package_identification:_identify(.) by extensions ['ignore', 'ignore_ament_install']
[0.147s] Level 1:colcon.colcon_core.package_identification:_identify(.) by extension 'ignore'
[0.147s] Level 1:colcon.colcon_core.package_identification:_identify(.) by extension 'ignore_ament_install'
[0.147s] Level 1:colcon.colcon_core.package_identification:_identify(.) by extensions ['colcon_pkg']
[0.147s] Level 1:colcon.colcon_core.package_identification:_identify(.) by extension 'colcon_pkg'
[0.147s] Level 1:colcon.colcon_core.package_identification:_identify(.) by extensions ['colcon_meta']
[0.147s] Level 1:colcon.colcon_core.package_identification:_identify(.) by extension 'colcon_meta'
[0.147s] Level 1:colcon.colcon_core.package_identification:_identify(.) by extensions ['ros']
[0.147s] Level 1:colcon.colcon_core.package_identification:_identify(.) by extension 'ros'
[0.154s] Level 1:colcon.colcon_core.package_identification:_identify(.) by extensions ['cmake', 'python']
[0.154s] Level 1:colcon.colcon_core.package_identification:_identify(.) by extension 'cmake'
[0.154s] Level 1:colcon.colcon_core.package_identification:_identify(.) by extension 'python'
[0.154s] Level 1:colcon.colcon_core.package_identification:_identify(.) by extensions ['python_setup_py']
[0.154s] Level 1:colcon.colcon_core.package_identification:_identify(.) by extension 'python_setup_py'
[0.154s] Level 1:colcon.colcon_core.package_identification:_identify(build) by extensions ['ignore', 'ignore_ament_install']
[0.154s] Level 1:colcon.colcon_core.package_identification:_identify(build) by extension 'ignore'
[0.154s] Level 1:colcon.colcon_core.package_identification:_identify(build) ignored
[0.154s] Level 1:colcon.colcon_core.package_identification:_identify(install) by extensions ['ignore', 'ignore_ament_install']
[0.155s] Level 1:colcon.colcon_core.package_identification:_identify(install) by extension 'ignore'
[0.155s] Level 1:colcon.colcon_core.package_identification:_identify(install) ignored
[0.155s] Level 1:colcon.colcon_core.package_identification:_identify(log) by extensions ['ignore', 'ignore_ament_install']
[0.155s] Level 1:colcon.colcon_core.package_identification:_identify(log) by extension 'ignore'
[0.155s] Level 1:colcon.colcon_core.package_identification:_identify(log) ignored
[0.155s] Level 1:colcon.colcon_core.package_identification:_identify(src) by extensions ['ignore', 'ignore_ament_install']
[0.155s] Level 1:colcon.colcon_core.package_identification:_identify(src) by extension 'ignore'
[0.155s] Level 1:colcon.colcon_core.package_identification:_identify(src) by extension 'ignore_ament_install'
[0.155s] Level 1:colcon.colcon_core.package_identification:_identify(src) by extensions ['colcon_pkg']
[0.155s] Level 1:colcon.colcon_core.package_identification:_identify(src) by extension 'colcon_pkg'
[0.155s] Level 1:colcon.colcon_core.package_identification:_identify(src) by extensions ['colcon_meta']
[0.155s] Level 1:colcon.colcon_core.package_identification:_identify(src) by extension 'colcon_meta'
[0.155s] Level 1:colcon.colcon_core.package_identification:_identify(src) by extensions ['ros']
[0.155s] Level 1:colcon.colcon_core.package_identification:_identify(src) by extension 'ros'
[0.155s] Level 1:colcon.colcon_core.package_identification:_identify(src) by extensions ['cmake', 'python']
[0.155s] Level 1:colcon.colcon_core.package_identification:_identify(src) by extension 'cmake'
[0.155s] Level 1:colcon.colcon_core.package_identification:_identify(src) by extension 'python'
[0.155s] Level 1:colcon.colcon_core.package_identification:_identify(src) by extensions ['python_setup_py']
[0.155s] Level 1:colcon.colcon_core.package_identification:_identify(src) by extension 'python_setup_py'
[0.155s] Level 1:colcon.colcon_core.package_identification:_identify(src/my_simulator) by extensions ['ignore', 'ignore_ament_install']
[0.155s] Level 1:colcon.colcon_core.package_identification:_identify(src/my_simulator) by extension 'ignore'
[0.155s] Level 1:colcon.colcon_core.package_identification:_identify(src/my_simulator) by extension 'ignore_ament_install'
[0.155s] Level 1:colcon.colcon_core.package_identification:_identify(src/my_simulator) by extensions ['colcon_pkg']
[0.155s] Level 1:colcon.colcon_core.package_identification:_identify(src/my_simulator) by extension 'colcon_pkg'
[0.155s] Level 1:colcon.colcon_core.package_identification:_identify(src/my_simulator) by extensions ['colcon_meta']
[0.155s] Level 1:colcon.colcon_core.package_identification:_identify(src/my_simulator) by extension 'colcon_meta'
[0.155s] Level 1:colcon.colcon_core.package_identification:_identify(src/my_simulator) by extensions ['ros']
[0.155s] Level 1:colcon.colcon_core.package_identification:_identify(src/my_simulator) by extension 'ros'
[0.157s] DEBUG:colcon.colcon_core.package_identification:Package 'src/my_simulator' with type 'ros.ament_cmake' and name 'my_simulator'
[0.157s] Level 1:colcon.colcon_core.package_identification:_identify(src/my_simulator_interfaces) by extensions ['ignore', 'ignore_ament_install']
[0.157s] Level 1:colcon.colcon_core.package_identification:_identify(src/my_simulator_interfaces) by extension 'ignore'
[0.157s] Level 1:colcon.colcon_core.package_identification:_identify(src/my_simulator_interfaces) by extension 'ignore_ament_install'
[0.157s] Level 1:colcon.colcon_core.package_identification:_identify(src/my_simulator_interfaces) by extensions ['colcon_pkg']
[0.157s] Level 1:colcon.colcon_core.package_identification:_identify(src/my_simulator_interfaces) by extension 'colcon_pkg'
[0.157s] Level 1:colcon.colcon_core.package_identification:_identify(src/my_simulator_interfaces) by extensions ['colcon_meta']
[0.157s] Level 1:colcon.colcon_core.package_identification:_identify(src/my_simulator_interfaces) by extension 'colcon_meta'
[0.157s] Level 1:colcon.colcon_core.package_identification:_identify(src/my_simulator_interfaces) by extensions ['ros']
[0.157s] Level 1:colcon.colcon_core.package_identification:_identify(src/my_simulator_interfaces) by extension 'ros'
[0.158s] DEBUG:colcon.colcon_core.package_identification:Package 'src/my_simulator_interfaces' with type 'ros.ament_cmake' and name 'my_simulator_interfaces'
[0.158s] Level 1:colcon.colcon_core.package_discovery:discover_packages(recursive) using defaults
[0.158s] Level 1:colcon.colcon_core.package_discovery:discover_packages(ignore) discover
[0.158s] Level 1:colcon.colcon_core.package_discovery:discover_packages(ignore) using defaults
[0.158s] Level 1:colcon.colcon_core.package_discovery:discover_packages(path) discover
[0.158s] Level 1:colcon.colcon_core.package_discovery:discover_packages(path) using defaults
[0.174s] Level 1:colcon.colcon_core.package_discovery:discover_packages(prefix_path) check parameters
[0.174s] Level 1:colcon.colcon_core.package_discovery:discover_packages(prefix_path) discover
[0.175s] DEBUG:colcon.colcon_installed_package_information.package_discovery:Found 2 installed packages in /home/ian/Documents/ARUS/proyect_academy/install
[0.176s] DEBUG:colcon.colcon_installed_package_information.package_discovery:Found 273 installed packages in /opt/ros/humble
[0.177s] Level 1:colcon.colcon_core.package_discovery:discover_packages(prefix_path) using defaults
[0.195s] Level 5:colcon.colcon_core.verb:set package 'my_simulator_interfaces' build argument 'cmake_args' from command line to 'None'
[0.195s] Level 5:colcon.colcon_core.verb:set package 'my_simulator_interfaces' build argument 'cmake_target' from command line to 'None'
[0.195s] Level 5:colcon.colcon_core.verb:set package 'my_simulator_interfaces' build argument 'cmake_target_skip_unavailable' from command line to 'False'
[0.195s] Level 5:colcon.colcon_core.verb:set package 'my_simulator_interfaces' build argument 'cmake_clean_cache' from command line to 'False'
[0.196s] Level 5:colcon.colcon_core.verb:set package 'my_simulator_interfaces' build argument 'cmake_clean_first' from command line to 'False'
[0.196s] Level 5:colcon.colcon_core.verb:set package 'my_simulator_interfaces' build argument 'cmake_force_configure' from command line to 'False'
[0.196s] Level 5:colcon.colcon_core.verb:set package 'my_simulator_interfaces' build argument 'ament_cmake_args' from command line to 'None'
[0.196s] Level 5:colcon.colcon_core.verb:set package 'my_simulator_interfaces' build argument 'catkin_cmake_args' from command line to 'None'
[0.196s] Level 5:colcon.colcon_core.verb:set package 'my_simulator_interfaces' build argument 'catkin_skip_building_tests' from command line to 'False'
[0.196s] DEBUG:colcon.colcon_core.verb:Building package 'my_simulator_interfaces' with the following arguments: {'ament_cmake_args': None, 'build_base': '/home/ian/Documents/ARUS/proyect_academy/build/my_simulator_interfaces', 'catkin_cmake_args': None, 'catkin_skip_building_tests': False, 'cmake_args': None, 'cmake_clean_cache': False, 'cmake_clean_first': False, 'cmake_force_configure': False, 'cmake_target': None, 'cmake_target_skip_unavailable': False, 'install_base': '/home/ian/Documents/ARUS/proyect_academy/install/my_simulator_interfaces', 'merge_install': False, 'path': '/home/ian/Documents/ARUS/proyect_academy/src/my_simulator_interfaces', 'symlink_install': False, 'test_result_base': None}
[0.196s] Level 5:colcon.colcon_core.verb:set package 'my_simulator' build argument 'cmake_args' from command line to 'None'
[0.196s] Level 5:colcon.colcon_core.verb:set package 'my_simulator' build argument 'cmake_target' from command line to 'None'
[0.196s] Level 5:colcon.colcon_core.verb:set package 'my_simulator' build argument 'cmake_target_skip_unavailable' from command line to 'False'
[0.196s] Level 5:colcon.colcon_core.verb:set package 'my_simulator' build argument 'cmake_clean_cache' from command line to 'False'
[0.196s] Level 5:colcon.colcon_core.verb:set package 'my_simulator' build argument 'cmake_clean_first' from command line to 'False'
[0.196s] Level 5:colcon.colcon_core.verb:set package 'my_simulator' build argument 'cmake_force_configure' from command line to 'False'
[0.196s] Level 5:colcon.colcon_core.verb:set package 'my_simulator' build argument 'ament_cmake_args' from command line to 'None'
[0.196s] Level 5:colcon.colcon_core.verb:set package 'my_simulator' build argument 'catkin_cmake_args' from command line to 'None'
[0.196s] Level 5:colcon.colcon_core.verb:set package 'my_simulator' build argument 'catkin_skip_building_tests' from command line to 'False'
[0.196s] DEBUG:colcon.colcon_core.verb:Building package 'my_simulator' with the following arguments: {'ament_cmake_args': None, 'build_base': '/home/ian/Documents/ARUS/proyect_academy/build/my_simulator', 'catkin_cmake_args': None, 'catkin_skip_building_tests': False, 'cmake_args': None, 'cmake_clean_cache': False, 'cmake_clean_first': False, 'cmake_force_configure': False, 'cmake_target': None, 'cmake_target_skip_unavailable': False, 'install_base': '/home/ian/Documents/ARUS/proyect_academy/install/my_simulator', 'merge_install': False, 'path': '/home/ian/Documents/ARUS/proyect_academy/src/my_simulator', 'symlink_install': False, 'test_result_base': None}
[0.196s] INFO:colcon.colcon_core.executor:Executing jobs using 'parallel' executor
[0.197s] DEBUG:colcon.colcon_parallel_executor.executor.parallel:run_until_complete
[0.197s] INFO:colcon.colcon_ros.task.ament_cmake.build:Building ROS package in '/home/ian/Documents/ARUS/proyect_academy/src/my_simulator_interfaces' with build type 'ament_cmake'
[0.197s] INFO:colcon.colcon_cmake.task.cmake.build:Building CMake package in '/home/ian/Documents/ARUS/proyect_academy/src/my_simulator_interfaces'
[0.198s] INFO:colcon.colcon_core.plugin_system:Skipping extension 'colcon_core.shell.bat': Not used on non-Windows systems
[0.198s] INFO:colcon.colcon_core.shell:Skip shell extension 'powershell' for command environment: Not usable outside of PowerShell
[0.198s] DEBUG:colcon.colcon_core.shell:Skip shell extension 'dsv' for command environment
[0.204s] DEBUG:colcon.colcon_core.event_handler.log_command:Invoking command in '/home/ian/Documents/ARUS/proyect_academy/build/my_simulator_interfaces': CMAKE_PREFIX_PATH=${CMAKE_PREFIX_PATH}:/opt/ros/humble /usr/bin/cmake --build /home/ian/Documents/ARUS/proyect_academy/build/my_simulator_interfaces -- -j4 -l4
[0.425s] DEBUG:colcon.colcon_core.event_handler.log_command:Invoked command in '/home/ian/Documents/ARUS/proyect_academy/build/my_simulator_interfaces' returned '0': CMAKE_PREFIX_PATH=${CMAKE_PREFIX_PATH}:/opt/ros/humble /usr/bin/cmake --build /home/ian/Documents/ARUS/proyect_academy/build/my_simulator_interfaces -- -j4 -l4
[0.431s] DEBUG:colcon.colcon_core.event_handler.log_command:Invoking command in '/home/ian/Documents/ARUS/proyect_academy/build/my_simulator_interfaces': CMAKE_PREFIX_PATH=${CMAKE_PREFIX_PATH}:/opt/ros/humble /usr/bin/cmake --install /home/ian/Documents/ARUS/proyect_academy/build/my_simulator_interfaces
[0.466s] Level 1:colcon.colcon_core.environment:create_environment_scripts_only(my_simulator_interfaces)
[0.468s] Level 1:colcon.colcon_core.environment:checking '/home/ian/Documents/ARUS/proyect_academy/install/my_simulator_interfaces' for CMake module files
[0.468s] Level 1:colcon.colcon_core.environment:checking '/home/ian/Documents/ARUS/proyect_academy/install/my_simulator_interfaces' for CMake config files
[0.469s] Level 1:colcon.colcon_core.shell:create_environment_hook('my_simulator_interfaces', 'cmake_prefix_path')
[0.469s] INFO:colcon.colcon_core.shell:Creating environment hook '/home/ian/Documents/ARUS/proyect_academy/install/my_simulator_interfaces/share/my_simulator_interfaces/hook/cmake_prefix_path.ps1'
[0.469s] INFO:colcon.colcon_core.shell:Creating environment descriptor '/home/ian/Documents/ARUS/proyect_academy/install/my_simulator_interfaces/share/my_simulator_interfaces/hook/cmake_prefix_path.dsv'
[0.470s] DEBUG:colcon.colcon_core.event_handler.log_command:Invoked command in '/home/ian/Documents/ARUS/proyect_academy/build/my_simulator_interfaces' returned '0': CMAKE_PREFIX_PATH=${CMAKE_PREFIX_PATH}:/opt/ros/humble /usr/bin/cmake --install /home/ian/Documents/ARUS/proyect_academy/build/my_simulator_interfaces
[0.470s] INFO:colcon.colcon_core.shell:Creating environment hook '/home/ian/Documents/ARUS/proyect_academy/install/my_simulator_interfaces/share/my_simulator_interfaces/hook/cmake_prefix_path.sh'
[0.470s] Level 1:colcon.colcon_core.environment:checking '/home/ian/Documents/ARUS/proyect_academy/install/my_simulator_interfaces/lib'
[0.471s] Level 1:colcon.colcon_core.shell:create_environment_hook('my_simulator_interfaces', 'ld_library_path_lib')
[0.471s] INFO:colcon.colcon_core.shell:Creating environment hook '/home/ian/Documents/ARUS/proyect_academy/install/my_simulator_interfaces/share/my_simulator_interfaces/hook/ld_library_path_lib.ps1'
[0.471s] INFO:colcon.colcon_core.shell:Creating environment descriptor '/home/ian/Documents/ARUS/proyect_academy/install/my_simulator_interfaces/share/my_simulator_interfaces/hook/ld_library_path_lib.dsv'
[0.471s] INFO:colcon.colcon_core.shell:Creating environment hook '/home/ian/Documents/ARUS/proyect_academy/install/my_simulator_interfaces/share/my_simulator_interfaces/hook/ld_library_path_lib.sh'
[0.472s] Level 1:colcon.colcon_core.environment:checking '/home/ian/Documents/ARUS/proyect_academy/install/my_simulator_interfaces/bin'
[0.472s] Level 1:colcon.colcon_core.environment:checking '/home/ian/Documents/ARUS/proyect_academy/install/my_simulator_interfaces/lib/pkgconfig/my_simulator_interfaces.pc'
[0.472s] Level 1:colcon.colcon_core.environment:checking '/home/ian/Documents/ARUS/proyect_academy/install/my_simulator_interfaces/lib/python3.10/site-packages'
[0.472s] Level 1:colcon.colcon_core.environment:checking '/home/ian/Documents/ARUS/proyect_academy/install/my_simulator_interfaces/bin'
[0.472s] INFO:colcon.colcon_core.shell:Creating package script '/home/ian/Documents/ARUS/proyect_academy/install/my_simulator_interfaces/share/my_simulator_interfaces/package.ps1'
[0.473s] INFO:colcon.colcon_core.shell:Creating package descriptor '/home/ian/Documents/ARUS/proyect_academy/install/my_simulator_interfaces/share/my_simulator_interfaces/package.dsv'
[0.473s] INFO:colcon.colcon_core.shell:Creating package script '/home/ian/Documents/ARUS/proyect_academy/install/my_simulator_interfaces/share/my_simulator_interfaces/package.sh'
[0.473s] INFO:colcon.colcon_core.shell:Creating package script '/home/ian/Documents/ARUS/proyect_academy/install/my_simulator_interfaces/share/my_simulator_interfaces/package.bash'
[0.474s] INFO:colcon.colcon_core.shell:Creating package script '/home/ian/Documents/ARUS/proyect_academy/install/my_simulator_interfaces/share/my_simulator_interfaces/package.zsh'
[0.474s] Level 1:colcon.colcon_core.environment:create_file_with_runtime_dependencies(/home/ian/Documents/ARUS/proyect_academy/install/my_simulator_interfaces/share/colcon-core/packages/my_simulator_interfaces)
[0.475s] Level 1:colcon.colcon_core.environment:create_environment_scripts_only(my_simulator_interfaces)
[0.475s] Level 1:colcon.colcon_core.environment:checking '/home/ian/Documents/ARUS/proyect_academy/install/my_simulator_interfaces' for CMake module files
[0.475s] Level 1:colcon.colcon_core.environment:checking '/home/ian/Documents/ARUS/proyect_academy/install/my_simulator_interfaces' for CMake config files
[0.475s] Level 1:colcon.colcon_core.shell:create_environment_hook('my_simulator_interfaces', 'cmake_prefix_path')
[0.475s] INFO:colcon.colcon_core.shell:Creating environment hook '/home/ian/Documents/ARUS/proyect_academy/install/my_simulator_interfaces/share/my_simulator_interfaces/hook/cmake_prefix_path.ps1'
[0.476s] INFO:colcon.colcon_core.shell:Creating environment descriptor '/home/ian/Documents/ARUS/proyect_academy/install/my_simulator_interfaces/share/my_simulator_interfaces/hook/cmake_prefix_path.dsv'
[0.476s] INFO:colcon.colcon_core.shell:Creating environment hook '/home/ian/Documents/ARUS/proyect_academy/install/my_simulator_interfaces/share/my_simulator_interfaces/hook/cmake_prefix_path.sh'
[0.476s] Level 1:colcon.colcon_core.environment:checking '/home/ian/Documents/ARUS/proyect_academy/install/my_simulator_interfaces/lib'
[0.476s] Level 1:colcon.colcon_core.shell:create_environment_hook('my_simulator_interfaces', 'ld_library_path_lib')
[0.476s] INFO:colcon.colcon_core.shell:Creating environment hook '/home/ian/Documents/ARUS/proyect_academy/install/my_simulator_interfaces/share/my_simulator_interfaces/hook/ld_library_path_lib.ps1'
[0.477s] INFO:colcon.colcon_core.shell:Creating environment descriptor '/home/ian/Documents/ARUS/proyect_academy/install/my_simulator_interfaces/share/my_simulator_interfaces/hook/ld_library_path_lib.dsv'
[0.477s] INFO:colcon.colcon_core.shell:Creating environment hook '/home/ian/Documents/ARUS/proyect_academy/install/my_simulator_interfaces/share/my_simulator_interfaces/hook/ld_library_path_lib.sh'
[0.477s] Level 1:colcon.colcon_core.environment:checking '/home/ian/Documents/ARUS/proyect_academy/install/my_simulator_interfaces/bin'
[0.477s] Level 1:colcon.colcon_core.environment:checking '/home/ian/Documents/ARUS/proyect_academy/install/my_simulator_interfaces/lib/pkgconfig/my_simulator_interfaces.pc'
[0.477s] Level 1:colcon.colcon_core.environment:checking '/home/ian/Documents/ARUS/proyect_academy/install/my_simulator_interfaces/lib/python3.10/site-packages'
[0.478s] Level 1:colcon.colcon_core.environment:checking '/home/ian/Documents/ARUS/proyect_academy/install/my_simulator_interfaces/bin'
[0.478s] INFO:colcon.colcon_core.shell:Creating package script '/home/ian/Documents/ARUS/proyect_academy/install/my_simulator_interfaces/share/my_simulator_interfaces/package.ps1'
[0.478s] INFO:colcon.colcon_core.shell:Creating package descriptor '/home/ian/Documents/ARUS/proyect_academy/install/my_simulator_interfaces/share/my_simulator_interfaces/package.dsv'
[0.478s] INFO:colcon.colcon_core.shell:Creating package script '/home/ian/Documents/ARUS/proyect_academy/install/my_simulator_interfaces/share/my_simulator_interfaces/package.sh'
[0.479s] INFO:colcon.colcon_core.shell:Creating package script '/home/ian/Documents/ARUS/proyect_academy/install/my_simulator_interfaces/share/my_simulator_interfaces/package.bash'
[0.479s] INFO:colcon.colcon_core.shell:Creating package script '/home/ian/Documents/ARUS/proyect_academy/install/my_simulator_interfaces/share/my_simulator_interfaces/package.zsh'
[0.479s] Level 1:colcon.colcon_core.environment:create_file_with_runtime_dependencies(/home/ian/Documents/ARUS/proyect_academy/install/my_simulator_interfaces/share/colcon-core/packages/my_simulator_interfaces)
[0.479s] INFO:colcon.colcon_ros.task.ament_cmake.build:Building ROS package in '/home/ian/Documents/ARUS/proyect_academy/src/my_simulator' with build type 'ament_cmake'
[0.479s] INFO:colcon.colcon_cmake.task.cmake.build:Building CMake package in '/home/ian/Documents/ARUS/proyect_academy/src/my_simulator'
[0.480s] INFO:colcon.colcon_core.shell:Skip shell extension 'powershell' for command environment: Not usable outside of PowerShell
[0.480s] DEBUG:colcon.colcon_core.shell:Skip shell extension 'dsv' for command environment
[0.487s] DEBUG:colcon.colcon_core.event_handler.log_command:Invoking command in '/home/ian/Documents/ARUS/proyect_academy/build/my_simulator': CMAKE_PREFIX_PATH=/home/ian/Documents/ARUS/proyect_academy/install/my_simulator_interfaces:/home/ian/Documents/ARUS/proyect_academy/install/my_simulator:/opt/ros/humble /usr/bin/cmake --build /home/ian/Documents/ARUS/proyect_academy/build/my_simulator -- -j4 -l4
[3.248s] DEBUG:colcon.colcon_core.event_handler.log_command:Invoked command in '/home/ian/Documents/ARUS/proyect_academy/build/my_simulator' returned '0': CMAKE_PREFIX_PATH=/home/ian/Documents/ARUS/proyect_academy/install/my_simulator_interfaces:/home/ian/Documents/ARUS/proyect_academy/install/my_simulator:/opt/ros/humble /usr/bin/cmake --build /home/ian/Documents/ARUS/proyect_academy/build/my_simulator -- -j4 -l4
[3.250s] DEBUG:colcon.colcon_core.event_handler.log_command:Invoking command in '/home/ian/Documents/ARUS/proyect_academy/build/my_simulator': CMAKE_PREFIX_PATH=/home/ian/Documents/ARUS/proyect_academy/install/my_simulator_interfaces:/home/ian/Documents/ARUS/proyect_academy/install/my_simulator:/opt/ros/humble /usr/bin/cmake --install /home/ian/Documents/ARUS/proyect_academy/build/my_simulator
[3.258s] Level 1:colcon.colcon_core.environment:create_environment_scripts_only(my_simulator)
[3.258s] Level 1:colcon.colcon_core.environment:checking '/home/ian/Documents/ARUS/proyect_academy/install/my_simulator' for CMake module files
[3.259s] DEBUG:colcon.colcon_core.event_handler.log_command:Invoked command in '/home/ian/Documents/ARUS/proyect_academy/build/my_simulator' returned '0': CMAKE_PREFIX_PATH=/home/ian/Documents/ARUS/proyect_academy/install/my_simulator_interfaces:/home/ian/Documents/ARUS/proyect_academy/install/my_simulator:/opt/ros/humble /usr/bin/cmake --install /home/ian/Documents/ARUS/proyect_academy/build/my_simulator
[3.259s] Level 1:colcon.colcon_core.environment:checking '/home/ian/Documents/ARUS/proyect_academy/install/my_simulator' for CMake config files
[3.259s] Level 1:colcon.colcon_core.shell:create_environment_hook('my_simulator', 'cmake_prefix_path')
[3.259s] INFO:colcon.colcon_core.shell:Creating environment hook '/home/ian/Documents/ARUS/proyect_academy/install/my_simulator/share/my_simulator/hook/cmake_prefix_path.ps1'
[3.260s] INFO:colcon.colcon_core.shell:Creating environment descriptor '/home/ian/Documents/ARUS/proyect_academy/install/my_simulator/share/my_simulator/hook/cmake_prefix_path.dsv'
[3.260s] INFO:colcon.colcon_core.shell:Creating environment hook '/home/ian/Documents/ARUS/proyect_academy/install/my_simulator/share/my_simulator/hook/cmake_prefix_path.sh'
[3.260s] Level 1:colcon.colcon_core.environment:checking '/home/ian/Documents/ARUS/proyect_academy/install/my_simulator/lib'
[3.261s] Level 1:colcon.colcon_core.environment:checking '/home/ian/Documents/ARUS/proyect_academy/install/my_simulator/bin'
[3.261s] Level 1:colcon.colcon_core.environment:checking '/home/ian/Documents/ARUS/proyect_academy/install/my_simulator/lib/pkgconfig/my_simulator.pc'
[3.261s] Level 1:colcon.colcon_core.environment:checking '/home/ian/Documents/ARUS/proyect_academy/install/my_simulator/lib/python3.10/site-packages'
[3.261s] Level 1:colcon.colcon_core.environment:checking '/home/ian/Documents/ARUS/proyect_academy/install/my_simulator/bin'
[3.261s] INFO:colcon.colcon_core.shell:Creating package script '/home/ian/Documents/ARUS/proyect_academy/install/my_simulator/share/my_simulator/package.ps1'
[3.261s] INFO:colcon.colcon_core.shell:Creating package descriptor '/home/ian/Documents/ARUS/proyect_academy/install/my_simulator/share/my_simulator/package.dsv'
[3.262s] INFO:colcon.colcon_core.shell:Creating package script '/home/ian/Documents/ARUS/proyect_academy/install/my_simulator/share/my_simulator/package.sh'
[3.262s] INFO:colcon.colcon_core.shell:Creating package script '/home/ian/Documents/ARUS/proyect_academy/install/my_simulator/share/my_simulator/package.bash'
[3.262s] INFO:colcon.colcon_core.shell:Creating package script '/home/ian/Documents/ARUS/proyect_academy/install/my_simulator/share/my_simulator/package.zsh'
[3.263s] Level 1:colcon.colcon_core.environment:create_file_with_runtime_dependencies(/home/ian/Documents/ARUS/proyect_academy/install/my_simulator/share/colcon-core/packages/my_simulator)
[3.263s] Level 1:colcon.colcon_core.environment:create_environment_scripts_only(my_simulator)
[3.263s] Level 1:colcon.colcon_core.environment:checking '/home/ian/Documents/ARUS/proyect_academy/install/my_simulator' for CMake module files
[3.263s] Level 1:colcon.colcon_core.environment:checking '/home/ian/Documents/ARUS/proyect_academy/install/my_simulator' for CMake config files
[3.264s] Level 1:colcon.colcon_core.shell:create_environment_hook('my_simulator', 'cmake_prefix_path')
[3.264s] INFO:colcon.colcon_core.shell:Creating environment hook '/home/ian/Documents/ARUS/proyect_academy/install/my_simulator/share/my_simulator/hook/cmake_prefix_path.ps1'
[3.264s] INFO:colcon.colcon_core.shell:Creating environment descriptor '/home/ian/Documents/ARUS/proyect_academy/install/my_simulator/share/my_simulator/hook/cmake_prefix_path.dsv'
[3.264s] INFO:colcon.colcon_core.shell:Creating environment hook '/home/ian/Documents/ARUS/proyect_academy/install/my_simulator/share/my_simulator/hook/cmake_prefix_path.sh'
[3.265s] Level 1:colcon.colcon_core.environment:checking '/home/ian/Documents/ARUS/proyect_academy/install/my_simulator/lib'
[3.265s] Level 1:colcon.colcon_core.environment:checking '/home/ian/Documents/ARUS/proyect_academy/install/my_simulator/bin'
[3.265s] Level 1:colcon.colcon_core.environment:checking '/home/ian/Documents/ARUS/proyect_academy/install/my_simulator/lib/pkgconfig/my_simulator.pc'
[3.265s] Level 1:colcon.colcon_core.environment:checking '/home/ian/Documents/ARUS/proyect_academy/install/my_simulator/lib/python3.10/site-packages'
[3.265s] Level 1:colcon.colcon_core.environment:checking '/home/ian/Documents/ARUS/proyect_academy/install/my_simulator/bin'
[3.265s] INFO:colcon.colcon_core.shell:Creating package script '/home/ian/Documents/ARUS/proyect_academy/install/my_simulator/share/my_simulator/package.ps1'
[3.266s] INFO:colcon.colcon_core.shell:Creating package descriptor '/home/ian/Documents/ARUS/proyect_academy/install/my_simulator/share/my_simulator/package.dsv'
[3.266s] INFO:colcon.colcon_core.shell:Creating package script '/home/ian/Documents/ARUS/proyect_academy/install/my_simulator/share/my_simulator/package.sh'
[3.266s] INFO:colcon.colcon_core.shell:Creating package script '/home/ian/Documents/ARUS/proyect_academy/install/my_simulator/share/my_simulator/package.bash'
[3.267s] INFO:colcon.colcon_core.shell:Creating package script '/home/ian/Documents/ARUS/proyect_academy/install/my_simulator/share/my_simulator/package.zsh'
[3.267s] Level 1:colcon.colcon_core.environment:create_file_with_runtime_dependencies(/home/ian/Documents/ARUS/proyect_academy/install/my_simulator/share/colcon-core/packages/my_simulator)
[3.267s] DEBUG:colcon.colcon_parallel_executor.executor.parallel:closing loop
[3.267s] DEBUG:colcon.colcon_parallel_executor.executor.parallel:loop closed
[3.267s] DEBUG:colcon.colcon_parallel_executor.executor.parallel:run_until_complete finished with '0'
[3.267s] DEBUG:colcon.colcon_core.event_reactor:joining thread
[3.272s] INFO:colcon.colcon_core.plugin_system:Skipping extension 'colcon_notification.desktop_notification.terminal_notifier': Not used on non-Darwin systems
[3.272s] INFO:colcon.colcon_core.plugin_system:Skipping extension 'colcon_notification.desktop_notification.win32': Not used on non-Windows systems
[3.272s] INFO:colcon.colcon_notification.desktop_notification:Sending desktop notification using 'notify2'
[3.284s] DEBUG:colcon.colcon_core.event_reactor:joined thread
[3.285s] INFO:colcon.colcon_core.shell:Creating prefix script '/home/ian/Documents/ARUS/proyect_academy/install/local_setup.ps1'
[3.285s] INFO:colcon.colcon_core.shell:Creating prefix util module '/home/ian/Documents/ARUS/proyect_academy/install/_local_setup_util_ps1.py'
[3.286s] INFO:colcon.colcon_core.shell:Creating prefix chain script '/home/ian/Documents/ARUS/proyect_academy/install/setup.ps1'
[3.287s] INFO:colcon.colcon_core.shell:Creating prefix script '/home/ian/Documents/ARUS/proyect_academy/install/local_setup.sh'
[3.287s] INFO:colcon.colcon_core.shell:Creating prefix util module '/home/ian/Documents/ARUS/proyect_academy/install/_local_setup_util_sh.py'
[3.288s] INFO:colcon.colcon_core.shell:Creating prefix chain script '/home/ian/Documents/ARUS/proyect_academy/install/setup.sh'
[3.288s] INFO:colcon.colcon_core.shell:Creating prefix script '/home/ian/Documents/ARUS/proyect_academy/install/local_setup.bash'
[3.289s] INFO:colcon.colcon_core.shell:Creating prefix chain script '/home/ian/Documents/ARUS/proyect_academy/install/setup.bash'
[3.289s] INFO:colcon.colcon_core.shell:Creating prefix script '/home/ian/Documents/ARUS/proyect_academy/install/local_setup.zsh'
[3.290s] INFO:colcon.colcon_core.shell:Creating prefix chain script '/home/ian/Documents/ARUS/proyect_academy/install/setup.zsh'
