[0.006s] Invoking command in '/home/ian/Documents/ARUS/proyect_academy/build/my_simulator': CMAKE_PREFIX_PATH=/home/ian/Documents/ARUS/proyect_academy/install/my_simulator_interfaces:/home/ian/Documents/ARUS/proyect_academy/install/my_simulator:/opt/ros/humble /usr/bin/cmake --build /home/ian/Documents/ARUS/proyect_academy/build/my_simulator -- -j4 -l4
[0.045s] [ 40%] Built target CommandPublisher
[0.046s] [100%] Built target my_simulator
[0.057s] Invoked command in '/home/ian/Documents/ARUS/proyect_academy/build/my_simulator' returned '0': CMAKE_PREFIX_PATH=/home/ian/Documents/ARUS/proyect_academy/install/my_simulator_interfaces:/home/ian/Documents/ARUS/proyect_academy/install/my_simulator:/opt/ros/humble /usr/bin/cmake --build /home/ian/Documents/ARUS/proyect_academy/build/my_simulator -- -j4 -l4
[0.058s] Invoking command in '/home/ian/Documents/ARUS/proyect_academy/build/my_simulator': CMAKE_PREFIX_PATH=/home/ian/Documents/ARUS/proyect_academy/install/my_simulator_interfaces:/home/ian/Documents/ARUS/proyect_academy/install/my_simulator:/opt/ros/humble /usr/bin/cmake --install /home/ian/Documents/ARUS/proyect_academy/build/my_simulator
[0.063s] -- Install configuration: ""
[0.063s] -- Up-to-date: /home/ian/Documents/ARUS/proyect_academy/install/my_simulator/lib/my_simulator/my_simulator
[0.064s] -- Up-to-date: /home/ian/Documents/ARUS/proyect_academy/install/my_simulator/lib/my_simulator/CommandPublisher
[0.064s] -- Up-to-date: /home/ian/Documents/ARUS/proyect_academy/install/my_simulator/share/my_simulator/launch
[0.064s] -- Installing: /home/ian/Documents/ARUS/proyect_academy/install/my_simulator/share/my_simulator/launch/my_simulator_launch.py
[0.066s] -- Up-to-date: /home/ian/Documents/ARUS/proyect_academy/install/my_simulator/share/my_simulator/config
[0.066s] -- Up-to-date: /home/ian/Documents/ARUS/proyect_academy/install/my_simulator/share/my_simulator/config/my_simulator.rviz
[0.066s] -- Up-to-date: /home/ian/Documents/ARUS/proyect_academy/install/my_simulator/share/ament_index/resource_index/package_run_dependencies/my_simulator
[0.066s] -- Up-to-date: /home/ian/Documents/ARUS/proyect_academy/install/my_simulator/share/ament_index/resource_index/parent_prefix_path/my_simulator
[0.066s] -- Up-to-date: /home/ian/Documents/ARUS/proyect_academy/install/my_simulator/share/my_simulator/environment/ament_prefix_path.sh
[0.066s] -- Up-to-date: /home/ian/Documents/ARUS/proyect_academy/install/my_simulator/share/my_simulator/environment/ament_prefix_path.dsv
[0.066s] -- Up-to-date: /home/ian/Documents/ARUS/proyect_academy/install/my_simulator/share/my_simulator/environment/path.sh
[0.066s] -- Up-to-date: /home/ian/Documents/ARUS/proyect_academy/install/my_simulator/share/my_simulator/environment/path.dsv
[0.066s] -- Up-to-date: /home/ian/Documents/ARUS/proyect_academy/install/my_simulator/share/my_simulator/local_setup.bash
[0.066s] -- Up-to-date: /home/ian/Documents/ARUS/proyect_academy/install/my_simulator/share/my_simulator/local_setup.sh
[0.066s] -- Up-to-date: /home/ian/Documents/ARUS/proyect_academy/install/my_simulator/share/my_simulator/local_setup.zsh
[0.066s] -- Up-to-date: /home/ian/Documents/ARUS/proyect_academy/install/my_simulator/share/my_simulator/local_setup.dsv
[0.066s] -- Installing: /home/ian/Documents/ARUS/proyect_academy/install/my_simulator/share/my_simulator/package.dsv
[0.066s] -- Up-to-date: /home/ian/Documents/ARUS/proyect_academy/install/my_simulator/share/ament_index/resource_index/packages/my_simulator
[0.066s] -- Up-to-date: /home/ian/Documents/ARUS/proyect_academy/install/my_simulator/share/my_simulator/cmake/my_simulatorConfig.cmake
[0.067s] -- Up-to-date: /home/ian/Documents/ARUS/proyect_academy/install/my_simulator/share/my_simulator/cmake/my_simulatorConfig-version.cmake
[0.067s] -- Up-to-date: /home/ian/Documents/ARUS/proyect_academy/install/my_simulator/share/my_simulator/package.xml
[0.069s] Invoked command in '/home/ian/Documents/ARUS/proyect_academy/build/my_simulator' returned '0': CMAKE_PREFIX_PATH=/home/ian/Documents/ARUS/proyect_academy/install/my_simulator_interfaces:/home/ian/Documents/ARUS/proyect_academy/install/my_simulator:/opt/ros/humble /usr/bin/cmake --install /home/ian/Documents/ARUS/proyect_academy/build/my_simulator
