[0.009s] Invoking command in '/home/ian/Documents/ARUS/proyect_academy/build/my_simulator': AMENT_PREFIX_PATH=/home/ian/Documents/ARUS/proyect_academy/install/my_simulator_interfaces:${AMENT_PREFIX_PATH} CMAKE_PREFIX_PATH=/home/ian/Documents/ARUS/proyect_academy/install/my_simulator_interfaces:/opt/ros/humble LD_LIBRARY_PATH=/home/ian/Documents/ARUS/proyect_academy/install/my_simulator_interfaces/lib:${LD_LIBRARY_PATH} PYTHONPATH=/home/ian/Documents/ARUS/proyect_academy/install/my_simulator_interfaces/local/lib/python3.10/dist-packages:${PYTHONPATH} /usr/bin/cmake --build /home/ian/Documents/ARUS/proyect_academy/build/my_simulator -- -j4 -l4
[0.044s] -- Found ament_cmake: 1.3.12 (/opt/ros/humble/share/ament_cmake/cmake)
[0.158s] -- Found rclcpp: 16.0.15 (/opt/ros/humble/share/rclcpp/cmake)
[0.195s] -- Found rosidl_generator_c: 3.1.7 (/opt/ros/humble/share/rosidl_generator_c/cmake)
[0.199s] -- Found rosidl_adapter: 3.1.7 (/opt/ros/humble/share/rosidl_adapter/cmake)
[0.208s] -- Found rosidl_generator_cpp: 3.1.7 (/opt/ros/humble/share/rosidl_generator_cpp/cmake)
[0.219s] -- Using all available rosidl_typesupport_c: rosidl_typesupport_fastrtps_c;rosidl_typesupport_introspection_c
[0.233s] -- Using all available rosidl_typesupport_cpp: rosidl_typesupport_fastrtps_cpp;rosidl_typesupport_introspection_cpp
[0.273s] -- Found rmw_implementation_cmake: 6.1.2 (/opt/ros/humble/share/rmw_implementation_cmake/cmake)
[0.275s] -- Found rmw_fastrtps_cpp: 6.2.8 (/opt/ros/humble/share/rmw_fastrtps_cpp/cmake)
[0.348s] -- Using RMW implementation 'rmw_fastrtps_cpp' as default
[0.402s] -- Found my_simulator_interfaces: 0.0.0 (/home/ian/Documents/ARUS/proyect_academy/install/my_simulator_interfaces/share/my_simulator_interfaces/cmake)
[0.413s] -- Found tf2_ros: 0.25.16 (/opt/ros/humble/share/tf2_ros/cmake)
[0.533s] -- Found ament_lint_auto: 0.12.14 (/opt/ros/humble/share/ament_lint_auto/cmake)
[0.585s] -- Added test 'cppcheck' to perform static code analysis on C / C++ code
[0.585s] -- Configured cppcheck include dirs: /home/ian/Documents/ARUS/proyect_academy/src/my_simulator/include
[0.585s] -- Configured cppcheck exclude dirs and/or files: 
[0.585s] -- Added test 'flake8' to check Python code syntax and style conventions
[0.586s] -- Added test 'lint_cmake' to check CMake code style
[0.587s] -- Added test 'pep257' to check Python code against some of the docstring style conventions in PEP 257
[0.587s] -- Added test 'uncrustify' to check C / C++ code style
[0.587s] -- Configured uncrustify additional arguments: 
[0.588s] -- Added test 'xmllint' to check XML markup files
[0.590s] -- Configuring done
[0.603s] -- Generating done
[0.607s] -- Build files have been written to: /home/ian/Documents/ARUS/proyect_academy/build/my_simulator
[0.624s] [35m[1mConsolidate compiler generated dependencies of target my_simulator[0m
[0.636s] [ 66%] [32mBuilding CXX object CMakeFiles/my_simulator.dir/src/my_simulator.cpp.o[0m
[0.636s] [ 66%] [32mBuilding CXX object CMakeFiles/my_simulator.dir/src/main.cpp.o[0m
[7.435s] [100%] [32m[1mLinking CXX executable my_simulator[0m
[7.731s] [100%] Built target my_simulator
[7.738s] Invoked command in '/home/ian/Documents/ARUS/proyect_academy/build/my_simulator' returned '0': AMENT_PREFIX_PATH=/home/ian/Documents/ARUS/proyect_academy/install/my_simulator_interfaces:${AMENT_PREFIX_PATH} CMAKE_PREFIX_PATH=/home/ian/Documents/ARUS/proyect_academy/install/my_simulator_interfaces:/opt/ros/humble LD_LIBRARY_PATH=/home/ian/Documents/ARUS/proyect_academy/install/my_simulator_interfaces/lib:${LD_LIBRARY_PATH} PYTHONPATH=/home/ian/Documents/ARUS/proyect_academy/install/my_simulator_interfaces/local/lib/python3.10/dist-packages:${PYTHONPATH} /usr/bin/cmake --build /home/ian/Documents/ARUS/proyect_academy/build/my_simulator -- -j4 -l4
[7.738s] Invoking command in '/home/ian/Documents/ARUS/proyect_academy/build/my_simulator': AMENT_PREFIX_PATH=/home/ian/Documents/ARUS/proyect_academy/install/my_simulator_interfaces:${AMENT_PREFIX_PATH} CMAKE_PREFIX_PATH=/home/ian/Documents/ARUS/proyect_academy/install/my_simulator_interfaces:/opt/ros/humble LD_LIBRARY_PATH=/home/ian/Documents/ARUS/proyect_academy/install/my_simulator_interfaces/lib:${LD_LIBRARY_PATH} PYTHONPATH=/home/ian/Documents/ARUS/proyect_academy/install/my_simulator_interfaces/local/lib/python3.10/dist-packages:${PYTHONPATH} /usr/bin/cmake --install /home/ian/Documents/ARUS/proyect_academy/build/my_simulator
[7.744s] -- Install configuration: ""
[7.745s] -- Installing: /home/ian/Documents/ARUS/proyect_academy/install/my_simulator/lib/my_simulator/my_simulator
[7.747s] -- Set runtime path of "/home/ian/Documents/ARUS/proyect_academy/install/my_simulator/lib/my_simulator/my_simulator" to ""
[7.747s] -- Up-to-date: /home/ian/Documents/ARUS/proyect_academy/install/my_simulator/share/my_simulator/launch
[7.747s] -- Up-to-date: /home/ian/Documents/ARUS/proyect_academy/install/my_simulator/share/my_simulator/launch/my_simulator_launch.py
[7.747s] -- Up-to-date: /home/ian/Documents/ARUS/proyect_academy/install/my_simulator/share/my_simulator/config
[7.747s] -- Up-to-date: /home/ian/Documents/ARUS/proyect_academy/install/my_simulator/share/my_simulator/config/my_simulator.rviz
[7.747s] -- Installing: /home/ian/Documents/ARUS/proyect_academy/install/my_simulator/share/ament_index/resource_index/package_run_dependencies/my_simulator
[7.748s] -- Up-to-date: /home/ian/Documents/ARUS/proyect_academy/install/my_simulator/share/ament_index/resource_index/parent_prefix_path/my_simulator
[7.748s] -- Up-to-date: /home/ian/Documents/ARUS/proyect_academy/install/my_simulator/share/my_simulator/environment/ament_prefix_path.sh
[7.748s] -- Installing: /home/ian/Documents/ARUS/proyect_academy/install/my_simulator/share/my_simulator/environment/ament_prefix_path.dsv
[7.748s] -- Up-to-date: /home/ian/Documents/ARUS/proyect_academy/install/my_simulator/share/my_simulator/environment/path.sh
[7.748s] -- Installing: /home/ian/Documents/ARUS/proyect_academy/install/my_simulator/share/my_simulator/environment/path.dsv
[7.748s] -- Up-to-date: /home/ian/Documents/ARUS/proyect_academy/install/my_simulator/share/my_simulator/local_setup.bash
[7.748s] -- Up-to-date: /home/ian/Documents/ARUS/proyect_academy/install/my_simulator/share/my_simulator/local_setup.sh
[7.748s] -- Up-to-date: /home/ian/Documents/ARUS/proyect_academy/install/my_simulator/share/my_simulator/local_setup.zsh
[7.748s] -- Installing: /home/ian/Documents/ARUS/proyect_academy/install/my_simulator/share/my_simulator/local_setup.dsv
[7.748s] -- Installing: /home/ian/Documents/ARUS/proyect_academy/install/my_simulator/share/my_simulator/package.dsv
[7.748s] -- Up-to-date: /home/ian/Documents/ARUS/proyect_academy/install/my_simulator/share/ament_index/resource_index/packages/my_simulator
[7.748s] -- Up-to-date: /home/ian/Documents/ARUS/proyect_academy/install/my_simulator/share/my_simulator/cmake/my_simulatorConfig.cmake
[7.748s] -- Up-to-date: /home/ian/Documents/ARUS/proyect_academy/install/my_simulator/share/my_simulator/cmake/my_simulatorConfig-version.cmake
[7.749s] -- Installing: /home/ian/Documents/ARUS/proyect_academy/install/my_simulator/share/my_simulator/package.xml
[7.750s] Invoked command in '/home/ian/Documents/ARUS/proyect_academy/build/my_simulator' returned '0': AMENT_PREFIX_PATH=/home/ian/Documents/ARUS/proyect_academy/install/my_simulator_interfaces:${AMENT_PREFIX_PATH} CMAKE_PREFIX_PATH=/home/ian/Documents/ARUS/proyect_academy/install/my_simulator_interfaces:/opt/ros/humble LD_LIBRARY_PATH=/home/ian/Documents/ARUS/proyect_academy/install/my_simulator_interfaces/lib:${LD_LIBRARY_PATH} PYTHONPATH=/home/ian/Documents/ARUS/proyect_academy/install/my_simulator_interfaces/local/lib/python3.10/dist-packages:${PYTHONPATH} /usr/bin/cmake --install /home/ian/Documents/ARUS/proyect_academy/build/my_simulator
