[0.009s] Invoking command in '/home/ian/Documents/ARUS/proyect_academy/build/my_simulator': CMAKE_PREFIX_PATH=${CMAKE_PREFIX_PATH}:/opt/ros/humble /usr/bin/cmake --build /home/ian/Documents/ARUS/proyect_academy/build/my_simulator -- -j4 -l4
[0.028s] -- Found ament_cmake: 1.3.12 (/opt/ros/humble/share/ament_cmake/cmake)
[0.111s] -- Found rclcpp: 16.0.15 (/opt/ros/humble/share/rclcpp/cmake)
[0.127s] -- Found rosidl_generator_c: 3.1.7 (/opt/ros/humble/share/rosidl_generator_c/cmake)
[0.129s] -- Found rosidl_adapter: 3.1.7 (/opt/ros/humble/share/rosidl_adapter/cmake)
[0.133s] -- Found rosidl_generator_cpp: 3.1.7 (/opt/ros/humble/share/rosidl_generator_cpp/cmake)
[0.140s] -- Using all available rosidl_typesupport_c: rosidl_typesupport_fastrtps_c;rosidl_typesupport_introspection_c
[0.147s] -- Using all available rosidl_typesupport_cpp: rosidl_typesupport_fastrtps_cpp;rosidl_typesupport_introspection_cpp
[0.167s] -- Found rmw_implementation_cmake: 6.1.2 (/opt/ros/humble/share/rmw_implementation_cmake/cmake)
[0.168s] -- Found rmw_fastrtps_cpp: 6.2.8 (/opt/ros/humble/share/rmw_fastrtps_cpp/cmake)
[0.224s] -- Using RMW implementation 'rmw_fastrtps_cpp' as default
[0.254s] [31mCMake Error at CMakeLists.txt:16 (add_executable):
[0.254s]   add_executable cannot create target "my_simulator" because another target
[0.254s]   with the same name already exists.  The existing target is an executable
[0.254s]   created in source directory
[0.254s]   "/home/ian/Documents/ARUS/proyect_academy/src/my_simulator".  See
[0.254s]   documentation for policy CMP0002 for more details.
[0.254s] 
[0.254s] [0m
[0.254s] -- Found ament_lint_auto: 0.12.14 (/opt/ros/humble/share/ament_lint_auto/cmake)
[0.296s] -- Added test 'cppcheck' to perform static code analysis on C / C++ code
[0.296s] -- Configured cppcheck include dirs: 
[0.296s] -- Configured cppcheck exclude dirs and/or files: 
[0.296s] -- Added test 'lint_cmake' to check CMake code style
[0.297s] -- Added test 'uncrustify' to check C / C++ code style
[0.297s] -- Configured uncrustify additional arguments: 
[0.297s] -- Added test 'xmllint' to check XML markup files
[0.298s] -- Configuring incomplete, errors occurred!
[0.298s] See also "/home/ian/Documents/ARUS/proyect_academy/build/my_simulator/CMakeFiles/CMakeOutput.log".
[0.303s] gmake: *** [Makefile:226: cmake_check_build_system] Error 1
[0.304s] Invoked command in '/home/ian/Documents/ARUS/proyect_academy/build/my_simulator' returned '2': CMAKE_PREFIX_PATH=${CMAKE_PREFIX_PATH}:/opt/ros/humble /usr/bin/cmake --build /home/ian/Documents/ARUS/proyect_academy/build/my_simulator -- -j4 -l4
