[0.012s] Invoking command in '/home/ian/Documents/ARUS/proyect_academy/build/my_simulator_interfaces': CMAKE_PREFIX_PATH=/opt/ros/humble /usr/bin/cmake --build /home/ian/Documents/ARUS/proyect_academy/build/my_simulator_interfaces -- -j4 -l4
[0.072s] [35m[1mConsolidate compiler generated dependencies of target my_simulator_interfaces__rosidl_generator_c[0m
[0.078s] [  3%] Built target my_simulator_interfaces__cpp
[0.078s] [ 12%] Built target my_simulator_interfaces__rosidl_generator_c
[0.085s] [ 12%] Built target ament_cmake_python_copy_my_simulator_interfaces
[0.087s] [35m[1mConsolidate compiler generated dependencies of target my_simulator_interfaces__rosidl_typesupport_fastrtps_c[0m
[0.088s] [35m[1mConsolidate compiler generated dependencies of target my_simulator_interfaces__rosidl_typesupport_cpp[0m
[0.090s] [35m[1mConsolidate compiler generated dependencies of target my_simulator_interfaces__rosidl_typesupport_introspection_c[0m
[0.094s] [35m[1mConsolidate compiler generated dependencies of target my_simulator_interfaces__rosidl_typesupport_c[0m
[0.097s] [ 25%] Built target my_simulator_interfaces__rosidl_typesupport_cpp
[0.097s] [ 35%] Built target my_simulator_interfaces__rosidl_typesupport_introspection_c
[0.097s] [ 41%] Built target my_simulator_interfaces__rosidl_typesupport_fastrtps_c
[0.101s] [ 51%] Built target my_simulator_interfaces__rosidl_typesupport_c
[0.106s] [35m[1mConsolidate compiler generated dependencies of target my_simulator_interfaces__rosidl_typesupport_fastrtps_cpp[0m
[0.107s] [35m[1mConsolidate compiler generated dependencies of target my_simulator_interfaces__rosidl_typesupport_introspection_cpp[0m
[0.115s] [ 61%] Built target my_simulator_interfaces__rosidl_typesupport_fastrtps_cpp
[0.116s] [ 70%] Built target my_simulator_interfaces__rosidl_typesupport_introspection_cpp
[0.131s] [ 70%] Built target my_simulator_interfaces
[0.150s] [ 74%] Built target my_simulator_interfaces__py
[0.162s] [35m[1mConsolidate compiler generated dependencies of target my_simulator_interfaces__rosidl_generator_py[0m
[0.169s] [ 80%] Built target my_simulator_interfaces__rosidl_generator_py
[0.184s] [35m[1mConsolidate compiler generated dependencies of target my_simulator_interfaces__rosidl_typesupport_introspection_c__pyext[0m
[0.184s] [35m[1mConsolidate compiler generated dependencies of target my_simulator_interfaces__rosidl_typesupport_c__pyext[0m
[0.184s] [35m[1mConsolidate compiler generated dependencies of target my_simulator_interfaces__rosidl_typesupport_fastrtps_c__pyext[0m
[0.186s] [ 87%] Built target my_simulator_interfaces__rosidl_typesupport_c__pyext
[0.190s] [ 93%] Built target my_simulator_interfaces__rosidl_typesupport_introspection_c__pyext
[0.192s] [100%] Built target my_simulator_interfaces__rosidl_typesupport_fastrtps_c__pyext
[0.247s] running egg_info
[0.248s] writing my_simulator_interfaces.egg-info/PKG-INFO
[0.248s] writing dependency_links to my_simulator_interfaces.egg-info/dependency_links.txt
[0.248s] writing top-level names to my_simulator_interfaces.egg-info/top_level.txt
[0.250s] reading manifest file 'my_simulator_interfaces.egg-info/SOURCES.txt'
[0.250s] writing manifest file 'my_simulator_interfaces.egg-info/SOURCES.txt'
[0.268s] [100%] Built target ament_cmake_python_build_my_simulator_interfaces_egg
[0.278s] Invoked command in '/home/ian/Documents/ARUS/proyect_academy/build/my_simulator_interfaces' returned '0': CMAKE_PREFIX_PATH=/opt/ros/humble /usr/bin/cmake --build /home/ian/Documents/ARUS/proyect_academy/build/my_simulator_interfaces -- -j4 -l4
[0.286s] Invoking command in '/home/ian/Documents/ARUS/proyect_academy/build/my_simulator_interfaces': CMAKE_PREFIX_PATH=/opt/ros/humble /usr/bin/cmake --install /home/ian/Documents/ARUS/proyect_academy/build/my_simulator_interfaces
[0.292s] -- Install configuration: ""
[0.292s] -- Up-to-date: /home/ian/Documents/ARUS/proyect_academy/install/my_simulator_interfaces/share/ament_index/resource_index/rosidl_interfaces/my_simulator_interfaces
[0.292s] -- Up-to-date: /home/ian/Documents/ARUS/proyect_academy/install/my_simulator_interfaces/include/my_simulator_interfaces/my_simulator_interfaces
[0.292s] -- Up-to-date: /home/ian/Documents/ARUS/proyect_academy/install/my_simulator_interfaces/include/my_simulator_interfaces/my_simulator_interfaces/msg
[0.292s] -- Up-to-date: /home/ian/Documents/ARUS/proyect_academy/install/my_simulator_interfaces/include/my_simulator_interfaces/my_simulator_interfaces/msg/rosidl_generator_c__visibility_control.h
[0.292s] -- Up-to-date: /home/ian/Documents/ARUS/proyect_academy/install/my_simulator_interfaces/include/my_simulator_interfaces/my_simulator_interfaces/msg/detail
[0.292s] -- Up-to-date: /home/ian/Documents/ARUS/proyect_academy/install/my_simulator_interfaces/include/my_simulator_interfaces/my_simulator_interfaces/msg/detail/comando__type_support.h
[0.293s] -- Up-to-date: /home/ian/Documents/ARUS/proyect_academy/install/my_simulator_interfaces/include/my_simulator_interfaces/my_simulator_interfaces/msg/detail/comando__functions.h
[0.293s] -- Up-to-date: /home/ian/Documents/ARUS/proyect_academy/install/my_simulator_interfaces/include/my_simulator_interfaces/my_simulator_interfaces/msg/detail/comando__struct.h
[0.293s] -- Up-to-date: /home/ian/Documents/ARUS/proyect_academy/install/my_simulator_interfaces/include/my_simulator_interfaces/my_simulator_interfaces/msg/detail/comando__functions.c
[0.293s] -- Up-to-date: /home/ian/Documents/ARUS/proyect_academy/install/my_simulator_interfaces/include/my_simulator_interfaces/my_simulator_interfaces/msg/comando.h
[0.293s] -- Up-to-date: /home/ian/Documents/ARUS/proyect_academy/install/my_simulator_interfaces/share/my_simulator_interfaces/environment/library_path.sh
[0.293s] -- Up-to-date: /home/ian/Documents/ARUS/proyect_academy/install/my_simulator_interfaces/share/my_simulator_interfaces/environment/library_path.dsv
[0.294s] -- Up-to-date: /home/ian/Documents/ARUS/proyect_academy/install/my_simulator_interfaces/lib/libmy_simulator_interfaces__rosidl_generator_c.so
[0.294s] -- Up-to-date: /home/ian/Documents/ARUS/proyect_academy/install/my_simulator_interfaces/include/my_simulator_interfaces/my_simulator_interfaces
[0.294s] -- Up-to-date: /home/ian/Documents/ARUS/proyect_academy/install/my_simulator_interfaces/include/my_simulator_interfaces/my_simulator_interfaces/msg
[0.294s] -- Up-to-date: /home/ian/Documents/ARUS/proyect_academy/install/my_simulator_interfaces/include/my_simulator_interfaces/my_simulator_interfaces/msg/detail
[0.294s] -- Up-to-date: /home/ian/Documents/ARUS/proyect_academy/install/my_simulator_interfaces/include/my_simulator_interfaces/my_simulator_interfaces/msg/detail/comando__rosidl_typesupport_fastrtps_c.h
[0.294s] -- Up-to-date: /home/ian/Documents/ARUS/proyect_academy/install/my_simulator_interfaces/include/my_simulator_interfaces/my_simulator_interfaces/msg/rosidl_typesupport_fastrtps_c__visibility_control.h
[0.296s] -- Up-to-date: /home/ian/Documents/ARUS/proyect_academy/install/my_simulator_interfaces/lib/libmy_simulator_interfaces__rosidl_typesupport_fastrtps_c.so
[0.296s] -- Up-to-date: /home/ian/Documents/ARUS/proyect_academy/install/my_simulator_interfaces/include/my_simulator_interfaces/my_simulator_interfaces
[0.296s] -- Up-to-date: /home/ian/Documents/ARUS/proyect_academy/install/my_simulator_interfaces/include/my_simulator_interfaces/my_simulator_interfaces/msg
[0.296s] -- Up-to-date: /home/ian/Documents/ARUS/proyect_academy/install/my_simulator_interfaces/include/my_simulator_interfaces/my_simulator_interfaces/msg/detail
[0.296s] -- Up-to-date: /home/ian/Documents/ARUS/proyect_academy/install/my_simulator_interfaces/include/my_simulator_interfaces/my_simulator_interfaces/msg/detail/comando__rosidl_typesupport_introspection_c.h
[0.296s] -- Up-to-date: /home/ian/Documents/ARUS/proyect_academy/install/my_simulator_interfaces/include/my_simulator_interfaces/my_simulator_interfaces/msg/detail/comando__type_support.c
[0.296s] -- Up-to-date: /home/ian/Documents/ARUS/proyect_academy/install/my_simulator_interfaces/include/my_simulator_interfaces/my_simulator_interfaces/msg/rosidl_typesupport_introspection_c__visibility_control.h
[0.297s] -- Up-to-date: /home/ian/Documents/ARUS/proyect_academy/install/my_simulator_interfaces/lib/libmy_simulator_interfaces__rosidl_typesupport_introspection_c.so
[0.297s] -- Up-to-date: /home/ian/Documents/ARUS/proyect_academy/install/my_simulator_interfaces/lib/libmy_simulator_interfaces__rosidl_typesupport_c.so
[0.297s] -- Up-to-date: /home/ian/Documents/ARUS/proyect_academy/install/my_simulator_interfaces/include/my_simulator_interfaces/my_simulator_interfaces
[0.297s] -- Up-to-date: /home/ian/Documents/ARUS/proyect_academy/install/my_simulator_interfaces/include/my_simulator_interfaces/my_simulator_interfaces/msg
[0.297s] -- Up-to-date: /home/ian/Documents/ARUS/proyect_academy/install/my_simulator_interfaces/include/my_simulator_interfaces/my_simulator_interfaces/msg/detail
[0.297s] -- Up-to-date: /home/ian/Documents/ARUS/proyect_academy/install/my_simulator_interfaces/include/my_simulator_interfaces/my_simulator_interfaces/msg/detail/comando__type_support.hpp
[0.297s] -- Up-to-date: /home/ian/Documents/ARUS/proyect_academy/install/my_simulator_interfaces/include/my_simulator_interfaces/my_simulator_interfaces/msg/detail/comando__traits.hpp
[0.297s] -- Up-to-date: /home/ian/Documents/ARUS/proyect_academy/install/my_simulator_interfaces/include/my_simulator_interfaces/my_simulator_interfaces/msg/detail/comando__builder.hpp
[0.297s] -- Up-to-date: /home/ian/Documents/ARUS/proyect_academy/install/my_simulator_interfaces/include/my_simulator_interfaces/my_simulator_interfaces/msg/detail/comando__struct.hpp
[0.297s] -- Up-to-date: /home/ian/Documents/ARUS/proyect_academy/install/my_simulator_interfaces/include/my_simulator_interfaces/my_simulator_interfaces/msg/comando.hpp
[0.297s] -- Up-to-date: /home/ian/Documents/ARUS/proyect_academy/install/my_simulator_interfaces/include/my_simulator_interfaces/my_simulator_interfaces/msg/rosidl_generator_cpp__visibility_control.hpp
[0.298s] -- Up-to-date: /home/ian/Documents/ARUS/proyect_academy/install/my_simulator_interfaces/include/my_simulator_interfaces/my_simulator_interfaces
[0.298s] -- Up-to-date: /home/ian/Documents/ARUS/proyect_academy/install/my_simulator_interfaces/include/my_simulator_interfaces/my_simulator_interfaces/msg
[0.298s] -- Up-to-date: /home/ian/Documents/ARUS/proyect_academy/install/my_simulator_interfaces/include/my_simulator_interfaces/my_simulator_interfaces/msg/detail
[0.298s] -- Up-to-date: /home/ian/Documents/ARUS/proyect_academy/install/my_simulator_interfaces/include/my_simulator_interfaces/my_simulator_interfaces/msg/detail/comando__rosidl_typesupport_fastrtps_cpp.hpp
[0.298s] -- Up-to-date: /home/ian/Documents/ARUS/proyect_academy/install/my_simulator_interfaces/include/my_simulator_interfaces/my_simulator_interfaces/msg/detail/dds_fastrtps
[0.298s] -- Up-to-date: /home/ian/Documents/ARUS/proyect_academy/install/my_simulator_interfaces/include/my_simulator_interfaces/my_simulator_interfaces/msg/rosidl_typesupport_fastrtps_cpp__visibility_control.h
[0.298s] -- Up-to-date: /home/ian/Documents/ARUS/proyect_academy/install/my_simulator_interfaces/lib/libmy_simulator_interfaces__rosidl_typesupport_fastrtps_cpp.so
[0.299s] -- Up-to-date: /home/ian/Documents/ARUS/proyect_academy/install/my_simulator_interfaces/include/my_simulator_interfaces/my_simulator_interfaces
[0.299s] -- Up-to-date: /home/ian/Documents/ARUS/proyect_academy/install/my_simulator_interfaces/include/my_simulator_interfaces/my_simulator_interfaces/msg
[0.299s] -- Up-to-date: /home/ian/Documents/ARUS/proyect_academy/install/my_simulator_interfaces/include/my_simulator_interfaces/my_simulator_interfaces/msg/detail
[0.299s] -- Up-to-date: /home/ian/Documents/ARUS/proyect_academy/install/my_simulator_interfaces/include/my_simulator_interfaces/my_simulator_interfaces/msg/detail/comando__rosidl_typesupport_introspection_cpp.hpp
[0.299s] -- Up-to-date: /home/ian/Documents/ARUS/proyect_academy/install/my_simulator_interfaces/include/my_simulator_interfaces/my_simulator_interfaces/msg/detail/comando__type_support.cpp
[0.299s] -- Up-to-date: /home/ian/Documents/ARUS/proyect_academy/install/my_simulator_interfaces/lib/libmy_simulator_interfaces__rosidl_typesupport_introspection_cpp.so
[0.300s] -- Up-to-date: /home/ian/Documents/ARUS/proyect_academy/install/my_simulator_interfaces/lib/libmy_simulator_interfaces__rosidl_typesupport_cpp.so
[0.300s] -- Up-to-date: /home/ian/Documents/ARUS/proyect_academy/install/my_simulator_interfaces/share/my_simulator_interfaces/environment/pythonpath.sh
[0.300s] -- Up-to-date: /home/ian/Documents/ARUS/proyect_academy/install/my_simulator_interfaces/share/my_simulator_interfaces/environment/pythonpath.dsv
[0.300s] -- Up-to-date: /home/ian/Documents/ARUS/proyect_academy/install/my_simulator_interfaces/local/lib/python3.10/dist-packages/my_simulator_interfaces-0.0.0-py3.10.egg-info
[0.300s] -- Installing: /home/ian/Documents/ARUS/proyect_academy/install/my_simulator_interfaces/local/lib/python3.10/dist-packages/my_simulator_interfaces-0.0.0-py3.10.egg-info/dependency_links.txt
[0.300s] -- Installing: /home/ian/Documents/ARUS/proyect_academy/install/my_simulator_interfaces/local/lib/python3.10/dist-packages/my_simulator_interfaces-0.0.0-py3.10.egg-info/PKG-INFO
[0.300s] -- Installing: /home/ian/Documents/ARUS/proyect_academy/install/my_simulator_interfaces/local/lib/python3.10/dist-packages/my_simulator_interfaces-0.0.0-py3.10.egg-info/SOURCES.txt
[0.300s] -- Installing: /home/ian/Documents/ARUS/proyect_academy/install/my_simulator_interfaces/local/lib/python3.10/dist-packages/my_simulator_interfaces-0.0.0-py3.10.egg-info/top_level.txt
[0.300s] -- Up-to-date: /home/ian/Documents/ARUS/proyect_academy/install/my_simulator_interfaces/local/lib/python3.10/dist-packages/my_simulator_interfaces
[0.300s] -- Up-to-date: /home/ian/Documents/ARUS/proyect_academy/install/my_simulator_interfaces/local/lib/python3.10/dist-packages/my_simulator_interfaces/__init__.py
[0.300s] -- Up-to-date: /home/ian/Documents/ARUS/proyect_academy/install/my_simulator_interfaces/local/lib/python3.10/dist-packages/my_simulator_interfaces/_my_simulator_interfaces_s.ep.rosidl_typesupport_fastrtps_c.c
[0.300s] -- Up-to-date: /home/ian/Documents/ARUS/proyect_academy/install/my_simulator_interfaces/local/lib/python3.10/dist-packages/my_simulator_interfaces/my_simulator_interfaces_s__rosidl_typesupport_c.cpython-310-x86_64-linux-gnu.so
[0.300s] -- Up-to-date: /home/ian/Documents/ARUS/proyect_academy/install/my_simulator_interfaces/local/lib/python3.10/dist-packages/my_simulator_interfaces/msg
[0.301s] -- Up-to-date: /home/ian/Documents/ARUS/proyect_academy/install/my_simulator_interfaces/local/lib/python3.10/dist-packages/my_simulator_interfaces/msg/__init__.py
[0.301s] -- Up-to-date: /home/ian/Documents/ARUS/proyect_academy/install/my_simulator_interfaces/local/lib/python3.10/dist-packages/my_simulator_interfaces/msg/_comando_s.c
[0.301s] -- Up-to-date: /home/ian/Documents/ARUS/proyect_academy/install/my_simulator_interfaces/local/lib/python3.10/dist-packages/my_simulator_interfaces/msg/_comando.py
[0.301s] -- Up-to-date: /home/ian/Documents/ARUS/proyect_academy/install/my_simulator_interfaces/local/lib/python3.10/dist-packages/my_simulator_interfaces/my_simulator_interfaces_s__rosidl_typesupport_introspection_c.cpython-310-x86_64-linux-gnu.so
[0.301s] -- Up-to-date: /home/ian/Documents/ARUS/proyect_academy/install/my_simulator_interfaces/local/lib/python3.10/dist-packages/my_simulator_interfaces/_my_simulator_interfaces_s.ep.rosidl_typesupport_introspection_c.c
[0.301s] -- Up-to-date: /home/ian/Documents/ARUS/proyect_academy/install/my_simulator_interfaces/local/lib/python3.10/dist-packages/my_simulator_interfaces/my_simulator_interfaces_s__rosidl_typesupport_fastrtps_c.cpython-310-x86_64-linux-gnu.so
[0.301s] -- Up-to-date: /home/ian/Documents/ARUS/proyect_academy/install/my_simulator_interfaces/local/lib/python3.10/dist-packages/my_simulator_interfaces/libmy_simulator_interfaces__rosidl_generator_py.so
[0.301s] -- Up-to-date: /home/ian/Documents/ARUS/proyect_academy/install/my_simulator_interfaces/local/lib/python3.10/dist-packages/my_simulator_interfaces/_my_simulator_interfaces_s.ep.rosidl_typesupport_c.c
[0.321s] Listing '/home/ian/Documents/ARUS/proyect_academy/install/my_simulator_interfaces/local/lib/python3.10/dist-packages/my_simulator_interfaces'...
[0.321s] Listing '/home/ian/Documents/ARUS/proyect_academy/install/my_simulator_interfaces/local/lib/python3.10/dist-packages/my_simulator_interfaces/msg'...
[0.324s] -- Up-to-date: /home/ian/Documents/ARUS/proyect_academy/install/my_simulator_interfaces/local/lib/python3.10/dist-packages/my_simulator_interfaces/my_simulator_interfaces_s__rosidl_typesupport_fastrtps_c.cpython-310-x86_64-linux-gnu.so
[0.324s] -- Up-to-date: /home/ian/Documents/ARUS/proyect_academy/install/my_simulator_interfaces/local/lib/python3.10/dist-packages/my_simulator_interfaces/my_simulator_interfaces_s__rosidl_typesupport_introspection_c.cpython-310-x86_64-linux-gnu.so
[0.324s] -- Up-to-date: /home/ian/Documents/ARUS/proyect_academy/install/my_simulator_interfaces/local/lib/python3.10/dist-packages/my_simulator_interfaces/my_simulator_interfaces_s__rosidl_typesupport_c.cpython-310-x86_64-linux-gnu.so
[0.325s] -- Up-to-date: /home/ian/Documents/ARUS/proyect_academy/install/my_simulator_interfaces/lib/libmy_simulator_interfaces__rosidl_generator_py.so
[0.325s] -- Up-to-date: /home/ian/Documents/ARUS/proyect_academy/install/my_simulator_interfaces/share/my_simulator_interfaces/msg/Comando.idl
[0.325s] -- Up-to-date: /home/ian/Documents/ARUS/proyect_academy/install/my_simulator_interfaces/share/my_simulator_interfaces/msg/Comando.msg
[0.325s] -- Up-to-date: /home/ian/Documents/ARUS/proyect_academy/install/my_simulator_interfaces/share/ament_index/resource_index/package_run_dependencies/my_simulator_interfaces
[0.325s] -- Up-to-date: /home/ian/Documents/ARUS/proyect_academy/install/my_simulator_interfaces/share/ament_index/resource_index/parent_prefix_path/my_simulator_interfaces
[0.325s] -- Up-to-date: /home/ian/Documents/ARUS/proyect_academy/install/my_simulator_interfaces/share/my_simulator_interfaces/environment/ament_prefix_path.sh
[0.325s] -- Up-to-date: /home/ian/Documents/ARUS/proyect_academy/install/my_simulator_interfaces/share/my_simulator_interfaces/environment/ament_prefix_path.dsv
[0.325s] -- Up-to-date: /home/ian/Documents/ARUS/proyect_academy/install/my_simulator_interfaces/share/my_simulator_interfaces/environment/path.sh
[0.326s] -- Up-to-date: /home/ian/Documents/ARUS/proyect_academy/install/my_simulator_interfaces/share/my_simulator_interfaces/environment/path.dsv
[0.326s] -- Up-to-date: /home/ian/Documents/ARUS/proyect_academy/install/my_simulator_interfaces/share/my_simulator_interfaces/local_setup.bash
[0.326s] -- Up-to-date: /home/ian/Documents/ARUS/proyect_academy/install/my_simulator_interfaces/share/my_simulator_interfaces/local_setup.sh
[0.326s] -- Up-to-date: /home/ian/Documents/ARUS/proyect_academy/install/my_simulator_interfaces/share/my_simulator_interfaces/local_setup.zsh
[0.326s] -- Up-to-date: /home/ian/Documents/ARUS/proyect_academy/install/my_simulator_interfaces/share/my_simulator_interfaces/local_setup.dsv
[0.326s] -- Installing: /home/ian/Documents/ARUS/proyect_academy/install/my_simulator_interfaces/share/my_simulator_interfaces/package.dsv
[0.326s] -- Up-to-date: /home/ian/Documents/ARUS/proyect_academy/install/my_simulator_interfaces/share/ament_index/resource_index/packages/my_simulator_interfaces
[0.327s] -- Up-to-date: /home/ian/Documents/ARUS/proyect_academy/install/my_simulator_interfaces/share/my_simulator_interfaces/cmake/export_my_simulator_interfaces__rosidl_generator_cExport.cmake
[0.327s] -- Up-to-date: /home/ian/Documents/ARUS/proyect_academy/install/my_simulator_interfaces/share/my_simulator_interfaces/cmake/export_my_simulator_interfaces__rosidl_generator_cExport-noconfig.cmake
[0.327s] -- Up-to-date: /home/ian/Documents/ARUS/proyect_academy/install/my_simulator_interfaces/share/my_simulator_interfaces/cmake/export_my_simulator_interfaces__rosidl_typesupport_fastrtps_cExport.cmake
[0.327s] -- Up-to-date: /home/ian/Documents/ARUS/proyect_academy/install/my_simulator_interfaces/share/my_simulator_interfaces/cmake/export_my_simulator_interfaces__rosidl_typesupport_fastrtps_cExport-noconfig.cmake
[0.328s] -- Up-to-date: /home/ian/Documents/ARUS/proyect_academy/install/my_simulator_interfaces/share/my_simulator_interfaces/cmake/my_simulator_interfaces__rosidl_typesupport_introspection_cExport.cmake
[0.328s] -- Up-to-date: /home/ian/Documents/ARUS/proyect_academy/install/my_simulator_interfaces/share/my_simulator_interfaces/cmake/my_simulator_interfaces__rosidl_typesupport_introspection_cExport-noconfig.cmake
[0.328s] -- Up-to-date: /home/ian/Documents/ARUS/proyect_academy/install/my_simulator_interfaces/share/my_simulator_interfaces/cmake/my_simulator_interfaces__rosidl_typesupport_cExport.cmake
[0.328s] -- Up-to-date: /home/ian/Documents/ARUS/proyect_academy/install/my_simulator_interfaces/share/my_simulator_interfaces/cmake/my_simulator_interfaces__rosidl_typesupport_cExport-noconfig.cmake
[0.329s] -- Up-to-date: /home/ian/Documents/ARUS/proyect_academy/install/my_simulator_interfaces/share/my_simulator_interfaces/cmake/export_my_simulator_interfaces__rosidl_generator_cppExport.cmake
[0.329s] -- Up-to-date: /home/ian/Documents/ARUS/proyect_academy/install/my_simulator_interfaces/share/my_simulator_interfaces/cmake/export_my_simulator_interfaces__rosidl_typesupport_fastrtps_cppExport.cmake
[0.330s] -- Up-to-date: /home/ian/Documents/ARUS/proyect_academy/install/my_simulator_interfaces/share/my_simulator_interfaces/cmake/export_my_simulator_interfaces__rosidl_typesupport_fastrtps_cppExport-noconfig.cmake
[0.330s] -- Up-to-date: /home/ian/Documents/ARUS/proyect_academy/install/my_simulator_interfaces/share/my_simulator_interfaces/cmake/my_simulator_interfaces__rosidl_typesupport_introspection_cppExport.cmake
[0.330s] -- Up-to-date: /home/ian/Documents/ARUS/proyect_academy/install/my_simulator_interfaces/share/my_simulator_interfaces/cmake/my_simulator_interfaces__rosidl_typesupport_introspection_cppExport-noconfig.cmake
[0.331s] -- Up-to-date: /home/ian/Documents/ARUS/proyect_academy/install/my_simulator_interfaces/share/my_simulator_interfaces/cmake/my_simulator_interfaces__rosidl_typesupport_cppExport.cmake
[0.331s] -- Up-to-date: /home/ian/Documents/ARUS/proyect_academy/install/my_simulator_interfaces/share/my_simulator_interfaces/cmake/my_simulator_interfaces__rosidl_typesupport_cppExport-noconfig.cmake
[0.331s] -- Up-to-date: /home/ian/Documents/ARUS/proyect_academy/install/my_simulator_interfaces/share/my_simulator_interfaces/cmake/export_my_simulator_interfaces__rosidl_generator_pyExport.cmake
[0.331s] -- Up-to-date: /home/ian/Documents/ARUS/proyect_academy/install/my_simulator_interfaces/share/my_simulator_interfaces/cmake/export_my_simulator_interfaces__rosidl_generator_pyExport-noconfig.cmake
[0.331s] -- Up-to-date: /home/ian/Documents/ARUS/proyect_academy/install/my_simulator_interfaces/share/my_simulator_interfaces/cmake/rosidl_cmake-extras.cmake
[0.331s] -- Up-to-date: /home/ian/Documents/ARUS/proyect_academy/install/my_simulator_interfaces/share/my_simulator_interfaces/cmake/ament_cmake_export_include_directories-extras.cmake
[0.332s] -- Up-to-date: /home/ian/Documents/ARUS/proyect_academy/install/my_simulator_interfaces/share/my_simulator_interfaces/cmake/ament_cmake_export_libraries-extras.cmake
[0.332s] -- Up-to-date: /home/ian/Documents/ARUS/proyect_academy/install/my_simulator_interfaces/share/my_simulator_interfaces/cmake/ament_cmake_export_targets-extras.cmake
[0.332s] -- Up-to-date: /home/ian/Documents/ARUS/proyect_academy/install/my_simulator_interfaces/share/my_simulator_interfaces/cmake/rosidl_cmake_export_typesupport_targets-extras.cmake
[0.332s] -- Up-to-date: /home/ian/Documents/ARUS/proyect_academy/install/my_simulator_interfaces/share/my_simulator_interfaces/cmake/ament_cmake_export_dependencies-extras.cmake
[0.332s] -- Up-to-date: /home/ian/Documents/ARUS/proyect_academy/install/my_simulator_interfaces/share/my_simulator_interfaces/cmake/rosidl_cmake_export_typesupport_libraries-extras.cmake
[0.332s] -- Up-to-date: /home/ian/Documents/ARUS/proyect_academy/install/my_simulator_interfaces/share/my_simulator_interfaces/cmake/my_simulator_interfacesConfig.cmake
[0.332s] -- Up-to-date: /home/ian/Documents/ARUS/proyect_academy/install/my_simulator_interfaces/share/my_simulator_interfaces/cmake/my_simulator_interfacesConfig-version.cmake
[0.332s] -- Up-to-date: /home/ian/Documents/ARUS/proyect_academy/install/my_simulator_interfaces/share/my_simulator_interfaces/package.xml
[0.335s] Invoked command in '/home/ian/Documents/ARUS/proyect_academy/build/my_simulator_interfaces' returned '0': CMAKE_PREFIX_PATH=/opt/ros/humble /usr/bin/cmake --install /home/ian/Documents/ARUS/proyect_academy/build/my_simulator_interfaces
