[0.006s] Invoking command in '/home/ian/Documents/ARUS/proyect_academy/build/my_simulator': AMENT_PREFIX_PATH=/home/ian/Documents/ARUS/proyect_academy/install/my_simulator_interfaces:${AMENT_PREFIX_PATH} CMAKE_PREFIX_PATH=/home/ian/Documents/ARUS/proyect_academy/install/my_simulator_interfaces:/opt/ros/humble LD_LIBRARY_PATH=/home/ian/Documents/ARUS/proyect_academy/install/my_simulator_interfaces/lib:${LD_LIBRARY_PATH} PYTHONPATH=/home/ian/Documents/ARUS/proyect_academy/install/my_simulator_interfaces/local/lib/python3.10/dist-packages:${PYTHONPATH} /usr/bin/cmake --build /home/ian/Documents/ARUS/proyect_academy/build/my_simulator -- -j4 -l4
[0.023s] -- Found ament_cmake: 1.3.12 (/opt/ros/humble/share/ament_cmake/cmake)
[0.107s] -- Found rclcpp: 16.0.15 (/opt/ros/humble/share/rclcpp/cmake)
[0.124s] -- Found rosidl_generator_c: 3.1.7 (/opt/ros/humble/share/rosidl_generator_c/cmake)
[0.128s] -- Found rosidl_adapter: 3.1.7 (/opt/ros/humble/share/rosidl_adapter/cmake)
[0.129s] -- Found rosidl_generator_cpp: 3.1.7 (/opt/ros/humble/share/rosidl_generator_cpp/cmake)
[0.136s] -- Using all available rosidl_typesupport_c: rosidl_typesupport_fastrtps_c;rosidl_typesupport_introspection_c
[0.142s] -- Using all available rosidl_typesupport_cpp: rosidl_typesupport_fastrtps_cpp;rosidl_typesupport_introspection_cpp
[0.163s] -- Found rmw_implementation_cmake: 6.1.2 (/opt/ros/humble/share/rmw_implementation_cmake/cmake)
[0.163s] -- Found rmw_fastrtps_cpp: 6.2.8 (/opt/ros/humble/share/rmw_fastrtps_cpp/cmake)
[0.221s] -- Using RMW implementation 'rmw_fastrtps_cpp' as default
[0.247s] -- Found my_simulator_interfaces: 0.0.0 (/home/ian/Documents/ARUS/proyect_academy/install/my_simulator_interfaces/share/my_simulator_interfaces/cmake)
[0.253s] -- Found tf2_ros: 0.25.16 (/opt/ros/humble/share/tf2_ros/cmake)
[0.310s] [31mCMake Error at /opt/ros/humble/share/ament_cmake_target_dependencies/cmake/ament_target_dependencies.cmake:42 (message):
[0.310s]   ament_target_dependencies() the first argument must be a valid target name
[0.311s] Call Stack (most recent call first):
[0.311s]   CMakeLists.txt:39 (ament_target_dependencies)
[0.311s] 
[0.311s] [0m
[0.312s] -- Configuring incomplete, errors occurred!
[0.312s] See also "/home/ian/Documents/ARUS/proyect_academy/build/my_simulator/CMakeFiles/CMakeOutput.log".
[0.315s] gmake: *** [Makefile:294: cmake_check_build_system] Error 1
[0.317s] Invoked command in '/home/ian/Documents/ARUS/proyect_academy/build/my_simulator' returned '2': AMENT_PREFIX_PATH=/home/ian/Documents/ARUS/proyect_academy/install/my_simulator_interfaces:${AMENT_PREFIX_PATH} CMAKE_PREFIX_PATH=/home/ian/Documents/ARUS/proyect_academy/install/my_simulator_interfaces:/opt/ros/humble LD_LIBRARY_PATH=/home/ian/Documents/ARUS/proyect_academy/install/my_simulator_interfaces/lib:${LD_LIBRARY_PATH} PYTHONPATH=/home/ian/Documents/ARUS/proyect_academy/install/my_simulator_interfaces/local/lib/python3.10/dist-packages:${PYTHONPATH} /usr/bin/cmake --build /home/ian/Documents/ARUS/proyect_academy/build/my_simulator -- -j4 -l4
