[0.254s] DEBUG:colcon:Command line arguments: ['/usr/bin/colcon', 'build']
[0.255s] DEBUG:colcon:Parsed command line arguments: Namespace(log_base=None, log_level=None, verb_name='build', build_base='build', install_base='install', merge_install=False, symlink_install=False, test_result_base=None, continue_on_error=False, executor='parallel', parallel_workers=4, event_handlers=None, ignore_user_meta=False, metas=['./colcon.meta'], base_paths=['.'], packages_ignore=None, packages_ignore_regex=None, paths=None, packages_up_to=None, packages_up_to_regex=None, packages_above=None, packages_above_and_dependencies=None, packages_above_depth=None, packages_select_by_dep=None, packages_skip_by_dep=None, packages_skip_up_to=None, packages_select_build_failed=False, packages_skip_build_finished=False, packages_select_test_failures=False, packages_skip_test_passed=False, packages_select=None, packages_skip=None, packages_select_regex=None, packages_skip_regex=None, packages_start=None, packages_end=None, allow_overriding=[], cmake_args=None, cmake_target=None, cmake_target_skip_unavailable=False, cmake_clean_cache=False, cmake_clean_first=False, cmake_force_configure=False, ament_cmake_args=None, catkin_cmake_args=None, catkin_skip_building_tests=False, mixin_files=None, mixin=None, verb_parser=<colcon_mixin.mixin.mixin_argument.MixinArgumentDecorator object at 0x7ed538e6d270>, verb_extension=<colcon_core.verb.build.BuildVerb object at 0x7ed538f76170>, main=<bound method BuildVerb.main of <colcon_core.verb.build.BuildVerb object at 0x7ed538f76170>>, mixin_verb=('build',))
[0.472s] Level 1:colcon.colcon_core.package_discovery:discover_packages(colcon_meta) check parameters
[0.472s] Level 1:colcon.colcon_core.package_discovery:discover_packages(recursive) check parameters
[0.472s] Level 1:colcon.colcon_core.package_discovery:discover_packages(ignore) check parameters
[0.472s] Level 1:colcon.colcon_core.package_discovery:discover_packages(path) check parameters
[0.472s] Level 1:colcon.colcon_core.package_discovery:discover_packages(colcon_meta) discover
[0.472s] Level 1:colcon.colcon_core.package_discovery:discover_packages(recursive) discover
[0.472s] INFO:colcon.colcon_core.package_discovery:Crawling recursively for packages in '/home/ian/Documents/ARUS/proyect_academy'
[0.472s] Level 1:colcon.colcon_core.package_identification:_identify(.) by extensions ['ignore', 'ignore_ament_install']
[0.472s] Level 1:colcon.colcon_core.package_identification:_identify(.) by extension 'ignore'
[0.472s] Level 1:colcon.colcon_core.package_identification:_identify(.) by extension 'ignore_ament_install'
[0.472s] Level 1:colcon.colcon_core.package_identification:_identify(.) by extensions ['colcon_pkg']
[0.472s] Level 1:colcon.colcon_core.package_identification:_identify(.) by extension 'colcon_pkg'
[0.472s] Level 1:colcon.colcon_core.package_identification:_identify(.) by extensions ['colcon_meta']
[0.472s] Level 1:colcon.colcon_core.package_identification:_identify(.) by extension 'colcon_meta'
[0.472s] Level 1:colcon.colcon_core.package_identification:_identify(.) by extensions ['ros']
[0.472s] Level 1:colcon.colcon_core.package_identification:_identify(.) by extension 'ros'
[0.479s] Level 1:colcon.colcon_core.package_identification:_identify(.) by extensions ['cmake', 'python']
[0.479s] Level 1:colcon.colcon_core.package_identification:_identify(.) by extension 'cmake'
[0.479s] Level 1:colcon.colcon_core.package_identification:_identify(.) by extension 'python'
[0.479s] Level 1:colcon.colcon_core.package_identification:_identify(.) by extensions ['python_setup_py']
[0.479s] Level 1:colcon.colcon_core.package_identification:_identify(.) by extension 'python_setup_py'
[0.480s] Level 1:colcon.colcon_core.package_identification:_identify(build) by extensions ['ignore', 'ignore_ament_install']
[0.480s] Level 1:colcon.colcon_core.package_identification:_identify(build) by extension 'ignore'
[0.480s] Level 1:colcon.colcon_core.package_identification:_identify(build) ignored
[0.480s] Level 1:colcon.colcon_core.package_identification:_identify(install) by extensions ['ignore', 'ignore_ament_install']
[0.480s] Level 1:colcon.colcon_core.package_identification:_identify(install) by extension 'ignore'
[0.480s] Level 1:colcon.colcon_core.package_identification:_identify(install) ignored
[0.480s] Level 1:colcon.colcon_core.package_identification:_identify(log) by extensions ['ignore', 'ignore_ament_install']
[0.480s] Level 1:colcon.colcon_core.package_identification:_identify(log) by extension 'ignore'
[0.480s] Level 1:colcon.colcon_core.package_identification:_identify(log) ignored
[0.480s] Level 1:colcon.colcon_core.package_identification:_identify(src) by extensions ['ignore', 'ignore_ament_install']
[0.480s] Level 1:colcon.colcon_core.package_identification:_identify(src) by extension 'ignore'
[0.480s] Level 1:colcon.colcon_core.package_identification:_identify(src) by extension 'ignore_ament_install'
[0.480s] Level 1:colcon.colcon_core.package_identification:_identify(src) by extensions ['colcon_pkg']
[0.480s] Level 1:colcon.colcon_core.package_identification:_identify(src) by extension 'colcon_pkg'
[0.480s] Level 1:colcon.colcon_core.package_identification:_identify(src) by extensions ['colcon_meta']
[0.480s] Level 1:colcon.colcon_core.package_identification:_identify(src) by extension 'colcon_meta'
[0.480s] Level 1:colcon.colcon_core.package_identification:_identify(src) by extensions ['ros']
[0.480s] Level 1:colcon.colcon_core.package_identification:_identify(src) by extension 'ros'
[0.480s] Level 1:colcon.colcon_core.package_identification:_identify(src) by extensions ['cmake', 'python']
[0.480s] Level 1:colcon.colcon_core.package_identification:_identify(src) by extension 'cmake'
[0.481s] Level 1:colcon.colcon_core.package_identification:_identify(src) by extension 'python'
[0.481s] Level 1:colcon.colcon_core.package_identification:_identify(src) by extensions ['python_setup_py']
[0.481s] Level 1:colcon.colcon_core.package_identification:_identify(src) by extension 'python_setup_py'
[0.481s] Level 1:colcon.colcon_core.package_identification:_identify(src/my_simulator) by extensions ['ignore', 'ignore_ament_install']
[0.481s] Level 1:colcon.colcon_core.package_identification:_identify(src/my_simulator) by extension 'ignore'
[0.481s] Level 1:colcon.colcon_core.package_identification:_identify(src/my_simulator) by extension 'ignore_ament_install'
[0.481s] Level 1:colcon.colcon_core.package_identification:_identify(src/my_simulator) by extensions ['colcon_pkg']
[0.481s] Level 1:colcon.colcon_core.package_identification:_identify(src/my_simulator) by extension 'colcon_pkg'
[0.481s] Level 1:colcon.colcon_core.package_identification:_identify(src/my_simulator) by extensions ['colcon_meta']
[0.481s] Level 1:colcon.colcon_core.package_identification:_identify(src/my_simulator) by extension 'colcon_meta'
[0.481s] Level 1:colcon.colcon_core.package_identification:_identify(src/my_simulator) by extensions ['ros']
[0.481s] Level 1:colcon.colcon_core.package_identification:_identify(src/my_simulator) by extension 'ros'
[0.482s] DEBUG:colcon.colcon_core.package_identification:Package 'src/my_simulator' with type 'ros.ament_cmake' and name 'my_simulator'
[0.482s] Level 1:colcon.colcon_core.package_discovery:discover_packages(recursive) using defaults
[0.482s] Level 1:colcon.colcon_core.package_discovery:discover_packages(ignore) discover
[0.482s] Level 1:colcon.colcon_core.package_discovery:discover_packages(ignore) using defaults
[0.482s] Level 1:colcon.colcon_core.package_discovery:discover_packages(path) discover
[0.482s] Level 1:colcon.colcon_core.package_discovery:discover_packages(path) using defaults
[0.506s] Level 1:colcon.colcon_core.package_discovery:discover_packages(prefix_path) check parameters
[0.506s] Level 1:colcon.colcon_core.package_discovery:discover_packages(prefix_path) discover
[0.515s] DEBUG:colcon.colcon_installed_package_information.package_discovery:Found 273 installed packages in /opt/ros/humble
[0.516s] Level 1:colcon.colcon_core.package_discovery:discover_packages(prefix_path) using defaults
[0.537s] Level 5:colcon.colcon_core.verb:set package 'my_simulator' build argument 'cmake_args' from command line to 'None'
[0.537s] Level 5:colcon.colcon_core.verb:set package 'my_simulator' build argument 'cmake_target' from command line to 'None'
[0.537s] Level 5:colcon.colcon_core.verb:set package 'my_simulator' build argument 'cmake_target_skip_unavailable' from command line to 'False'
[0.537s] Level 5:colcon.colcon_core.verb:set package 'my_simulator' build argument 'cmake_clean_cache' from command line to 'False'
[0.537s] Level 5:colcon.colcon_core.verb:set package 'my_simulator' build argument 'cmake_clean_first' from command line to 'False'
[0.537s] Level 5:colcon.colcon_core.verb:set package 'my_simulator' build argument 'cmake_force_configure' from command line to 'False'
[0.537s] Level 5:colcon.colcon_core.verb:set package 'my_simulator' build argument 'ament_cmake_args' from command line to 'None'
[0.537s] Level 5:colcon.colcon_core.verb:set package 'my_simulator' build argument 'catkin_cmake_args' from command line to 'None'
[0.537s] Level 5:colcon.colcon_core.verb:set package 'my_simulator' build argument 'catkin_skip_building_tests' from command line to 'False'
[0.537s] DEBUG:colcon.colcon_core.verb:Building package 'my_simulator' with the following arguments: {'ament_cmake_args': None, 'build_base': '/home/ian/Documents/ARUS/proyect_academy/build/my_simulator', 'catkin_cmake_args': None, 'catkin_skip_building_tests': False, 'cmake_args': None, 'cmake_clean_cache': False, 'cmake_clean_first': False, 'cmake_force_configure': False, 'cmake_target': None, 'cmake_target_skip_unavailable': False, 'install_base': '/home/ian/Documents/ARUS/proyect_academy/install/my_simulator', 'merge_install': False, 'path': '/home/ian/Documents/ARUS/proyect_academy/src/my_simulator', 'symlink_install': False, 'test_result_base': None}
[0.537s] INFO:colcon.colcon_core.executor:Executing jobs using 'parallel' executor
[0.538s] DEBUG:colcon.colcon_parallel_executor.executor.parallel:run_until_complete
[0.538s] INFO:colcon.colcon_ros.task.ament_cmake.build:Building ROS package in '/home/ian/Documents/ARUS/proyect_academy/src/my_simulator' with build type 'ament_cmake'
[0.538s] INFO:colcon.colcon_cmake.task.cmake.build:Building CMake package in '/home/ian/Documents/ARUS/proyect_academy/src/my_simulator'
[0.544s] INFO:colcon.colcon_core.plugin_system:Skipping extension 'colcon_core.shell.bat': Not used on non-Windows systems
[0.544s] INFO:colcon.colcon_core.shell:Skip shell extension 'powershell' for command environment: Not usable outside of PowerShell
[0.544s] DEBUG:colcon.colcon_core.shell:Skip shell extension 'dsv' for command environment
[0.549s] DEBUG:colcon.colcon_core.event_handler.log_command:Invoking command in '/home/ian/Documents/ARUS/proyect_academy/build/my_simulator': CMAKE_PREFIX_PATH=/opt/ros/humble /usr/bin/cmake --build /home/ian/Documents/ARUS/proyect_academy/build/my_simulator -- -j4 -l4
[1.005s] DEBUG:colcon.colcon_core.event_handler.log_command:Invoked command in '/home/ian/Documents/ARUS/proyect_academy/build/my_simulator' returned '2': CMAKE_PREFIX_PATH=/opt/ros/humble /usr/bin/cmake --build /home/ian/Documents/ARUS/proyect_academy/build/my_simulator -- -j4 -l4
[1.005s] Level 1:colcon.colcon_core.environment:create_environment_scripts_only(my_simulator)
[1.012s] Level 1:colcon.colcon_core.environment:checking '/home/ian/Documents/ARUS/proyect_academy/install/my_simulator' for CMake module files
[1.012s] Level 1:colcon.colcon_core.environment:checking '/home/ian/Documents/ARUS/proyect_academy/install/my_simulator' for CMake config files
[1.013s] Level 1:colcon.colcon_core.shell:create_environment_hook('my_simulator', 'cmake_prefix_path')
[1.013s] INFO:colcon.colcon_core.shell:Creating environment hook '/home/ian/Documents/ARUS/proyect_academy/install/my_simulator/share/my_simulator/hook/cmake_prefix_path.ps1'
[1.014s] INFO:colcon.colcon_core.shell:Creating environment descriptor '/home/ian/Documents/ARUS/proyect_academy/install/my_simulator/share/my_simulator/hook/cmake_prefix_path.dsv'
[1.015s] INFO:colcon.colcon_core.shell:Creating environment hook '/home/ian/Documents/ARUS/proyect_academy/install/my_simulator/share/my_simulator/hook/cmake_prefix_path.sh'
[1.016s] Level 1:colcon.colcon_core.environment:checking '/home/ian/Documents/ARUS/proyect_academy/install/my_simulator/bin'
[1.016s] Level 1:colcon.colcon_core.environment:checking '/home/ian/Documents/ARUS/proyect_academy/install/my_simulator/lib/pkgconfig/my_simulator.pc'
[1.016s] Level 1:colcon.colcon_core.environment:checking '/home/ian/Documents/ARUS/proyect_academy/install/my_simulator/lib/python3.10/site-packages'
[1.016s] Level 1:colcon.colcon_core.environment:checking '/home/ian/Documents/ARUS/proyect_academy/install/my_simulator/bin'
[1.016s] INFO:colcon.colcon_core.shell:Creating package script '/home/ian/Documents/ARUS/proyect_academy/install/my_simulator/share/my_simulator/package.ps1'
[1.017s] INFO:colcon.colcon_core.shell:Creating package descriptor '/home/ian/Documents/ARUS/proyect_academy/install/my_simulator/share/my_simulator/package.dsv'
[1.018s] INFO:colcon.colcon_core.shell:Creating package script '/home/ian/Documents/ARUS/proyect_academy/install/my_simulator/share/my_simulator/package.sh'
[1.019s] INFO:colcon.colcon_core.shell:Creating package script '/home/ian/Documents/ARUS/proyect_academy/install/my_simulator/share/my_simulator/package.bash'
[1.020s] INFO:colcon.colcon_core.shell:Creating package script '/home/ian/Documents/ARUS/proyect_academy/install/my_simulator/share/my_simulator/package.zsh'
[1.021s] Level 1:colcon.colcon_core.environment:create_file_with_runtime_dependencies(/home/ian/Documents/ARUS/proyect_academy/install/my_simulator/share/colcon-core/packages/my_simulator)
[1.033s] DEBUG:colcon.colcon_parallel_executor.executor.parallel:closing loop
[1.033s] DEBUG:colcon.colcon_parallel_executor.executor.parallel:loop closed
[1.033s] DEBUG:colcon.colcon_parallel_executor.executor.parallel:run_until_complete finished with '2'
[1.033s] DEBUG:colcon.colcon_core.event_reactor:joining thread
[1.039s] INFO:colcon.colcon_core.plugin_system:Skipping extension 'colcon_notification.desktop_notification.terminal_notifier': Not used on non-Darwin systems
[1.039s] INFO:colcon.colcon_core.plugin_system:Skipping extension 'colcon_notification.desktop_notification.win32': Not used on non-Windows systems
[1.039s] INFO:colcon.colcon_notification.desktop_notification:Sending desktop notification using 'notify2'
[1.057s] DEBUG:colcon.colcon_core.event_reactor:joined thread
[1.057s] INFO:colcon.colcon_core.shell:Creating prefix script '/home/ian/Documents/ARUS/proyect_academy/install/local_setup.ps1'
[1.058s] INFO:colcon.colcon_core.shell:Creating prefix util module '/home/ian/Documents/ARUS/proyect_academy/install/_local_setup_util_ps1.py'
[1.059s] INFO:colcon.colcon_core.shell:Creating prefix chain script '/home/ian/Documents/ARUS/proyect_academy/install/setup.ps1'
[1.060s] INFO:colcon.colcon_core.shell:Creating prefix script '/home/ian/Documents/ARUS/proyect_academy/install/local_setup.sh'
[1.061s] INFO:colcon.colcon_core.shell:Creating prefix util module '/home/ian/Documents/ARUS/proyect_academy/install/_local_setup_util_sh.py'
[1.061s] INFO:colcon.colcon_core.shell:Creating prefix chain script '/home/ian/Documents/ARUS/proyect_academy/install/setup.sh'
[1.062s] INFO:colcon.colcon_core.shell:Creating prefix script '/home/ian/Documents/ARUS/proyect_academy/install/local_setup.bash'
[1.062s] INFO:colcon.colcon_core.shell:Creating prefix chain script '/home/ian/Documents/ARUS/proyect_academy/install/setup.bash'
[1.063s] INFO:colcon.colcon_core.shell:Creating prefix script '/home/ian/Documents/ARUS/proyect_academy/install/local_setup.zsh'
[1.064s] INFO:colcon.colcon_core.shell:Creating prefix chain script '/home/ian/Documents/ARUS/proyect_academy/install/setup.zsh'
