[  3%] Built target my_simulator_interfaces__cpp
[ 12%] Built target my_simulator_interfaces__rosidl_generator_c
[ 12%] Built target ament_cmake_python_copy_my_simulator_interfaces
[ 25%] Built target my_simulator_interfaces__rosidl_typesupport_fastrtps_c
[ 32%] Built target my_simulator_interfaces__rosidl_typesupport_cpp
[ 41%] Built target my_simulator_interfaces__rosidl_typesupport_introspection_c
[ 51%] Built target my_simulator_interfaces__rosidl_typesupport_c
[ 61%] Built target my_simulator_interfaces__rosidl_typesupport_fastrtps_cpp
[ 70%] Built target my_simulator_interfaces__rosidl_typesupport_introspection_cpp
[ 70%] Built target my_simulator_interfaces
[ 74%] Built target my_simulator_interfaces__py
[ 80%] Built target my_simulator_interfaces__rosidl_generator_py
[ 93%] Built target my_simulator_interfaces__rosidl_typesupport_fastrtps_c__pyext
[ 93%] Built target my_simulator_interfaces__rosidl_typesupport_introspection_c__pyext
[100%] Built target my_simulator_interfaces__rosidl_typesupport_c__pyext
running egg_info
writing my_simulator_interfaces.egg-info/PKG-INFO
writing dependency_links to my_simulator_interfaces.egg-info/dependency_links.txt
writing top-level names to my_simulator_interfaces.egg-info/top_level.txt
reading manifest file 'my_simulator_interfaces.egg-info/SOURCES.txt'
writing manifest file 'my_simulator_interfaces.egg-info/SOURCES.txt'
[100%] Built target ament_cmake_python_build_my_simulator_interfaces_egg
-- Install configuration: ""
-- Up-to-date: /home/ian/Documents/ARUS/proyect_academy/install/my_simulator_interfaces/share/ament_index/resource_index/rosidl_interfaces/my_simulator_interfaces
-- Up-to-date: /home/ian/Documents/ARUS/proyect_academy/install/my_simulator_interfaces/include/my_simulator_interfaces/my_simulator_interfaces
-- Up-to-date: /home/ian/Documents/ARUS/proyect_academy/install/my_simulator_interfaces/include/my_simulator_interfaces/my_simulator_interfaces/msg
-- Up-to-date: /home/ian/Documents/ARUS/proyect_academy/install/my_simulator_interfaces/include/my_simulator_interfaces/my_simulator_interfaces/msg/rosidl_generator_c__visibility_control.h
-- Up-to-date: /home/ian/Documents/ARUS/proyect_academy/install/my_simulator_interfaces/include/my_simulator_interfaces/my_simulator_interfaces/msg/detail
-- Up-to-date: /home/ian/Documents/ARUS/proyect_academy/install/my_simulator_interfaces/include/my_simulator_interfaces/my_simulator_interfaces/msg/detail/comando__type_support.h
-- Up-to-date: /home/ian/Documents/ARUS/proyect_academy/install/my_simulator_interfaces/include/my_simulator_interfaces/my_simulator_interfaces/msg/detail/comando__functions.h
-- Up-to-date: /home/ian/Documents/ARUS/proyect_academy/install/my_simulator_interfaces/include/my_simulator_interfaces/my_simulator_interfaces/msg/detail/comando__struct.h
-- Up-to-date: /home/ian/Documents/ARUS/proyect_academy/install/my_simulator_interfaces/include/my_simulator_interfaces/my_simulator_interfaces/msg/detail/comando__functions.c
-- Up-to-date: /home/ian/Documents/ARUS/proyect_academy/install/my_simulator_interfaces/include/my_simulator_interfaces/my_simulator_interfaces/msg/comando.h
-- Up-to-date: /home/ian/Documents/ARUS/proyect_academy/install/my_simulator_interfaces/share/my_simulator_interfaces/environment/library_path.sh
-- Up-to-date: /home/ian/Documents/ARUS/proyect_academy/install/my_simulator_interfaces/share/my_simulator_interfaces/environment/library_path.dsv
-- Up-to-date: /home/ian/Documents/ARUS/proyect_academy/install/my_simulator_interfaces/lib/libmy_simulator_interfaces__rosidl_generator_c.so
-- Up-to-date: /home/ian/Documents/ARUS/proyect_academy/install/my_simulator_interfaces/include/my_simulator_interfaces/my_simulator_interfaces
-- Up-to-date: /home/ian/Documents/ARUS/proyect_academy/install/my_simulator_interfaces/include/my_simulator_interfaces/my_simulator_interfaces/msg
-- Up-to-date: /home/ian/Documents/ARUS/proyect_academy/install/my_simulator_interfaces/include/my_simulator_interfaces/my_simulator_interfaces/msg/detail
-- Up-to-date: /home/ian/Documents/ARUS/proyect_academy/install/my_simulator_interfaces/include/my_simulator_interfaces/my_simulator_interfaces/msg/detail/comando__rosidl_typesupport_fastrtps_c.h
-- Up-to-date: /home/ian/Documents/ARUS/proyect_academy/install/my_simulator_interfaces/include/my_simulator_interfaces/my_simulator_interfaces/msg/rosidl_typesupport_fastrtps_c__visibility_control.h
-- Up-to-date: /home/ian/Documents/ARUS/proyect_academy/install/my_simulator_interfaces/lib/libmy_simulator_interfaces__rosidl_typesupport_fastrtps_c.so
-- Up-to-date: /home/ian/Documents/ARUS/proyect_academy/install/my_simulator_interfaces/include/my_simulator_interfaces/my_simulator_interfaces
-- Up-to-date: /home/ian/Documents/ARUS/proyect_academy/install/my_simulator_interfaces/include/my_simulator_interfaces/my_simulator_interfaces/msg
-- Up-to-date: /home/ian/Documents/ARUS/proyect_academy/install/my_simulator_interfaces/include/my_simulator_interfaces/my_simulator_interfaces/msg/detail
-- Up-to-date: /home/ian/Documents/ARUS/proyect_academy/install/my_simulator_interfaces/include/my_simulator_interfaces/my_simulator_interfaces/msg/detail/comando__rosidl_typesupport_introspection_c.h
-- Up-to-date: /home/ian/Documents/ARUS/proyect_academy/install/my_simulator_interfaces/include/my_simulator_interfaces/my_simulator_interfaces/msg/detail/comando__type_support.c
-- Up-to-date: /home/ian/Documents/ARUS/proyect_academy/install/my_simulator_interfaces/include/my_simulator_interfaces/my_simulator_interfaces/msg/rosidl_typesupport_introspection_c__visibility_control.h
-- Up-to-date: /home/ian/Documents/ARUS/proyect_academy/install/my_simulator_interfaces/lib/libmy_simulator_interfaces__rosidl_typesupport_introspection_c.so
-- Up-to-date: /home/ian/Documents/ARUS/proyect_academy/install/my_simulator_interfaces/lib/libmy_simulator_interfaces__rosidl_typesupport_c.so
-- Up-to-date: /home/ian/Documents/ARUS/proyect_academy/install/my_simulator_interfaces/include/my_simulator_interfaces/my_simulator_interfaces
-- Up-to-date: /home/ian/Documents/ARUS/proyect_academy/install/my_simulator_interfaces/include/my_simulator_interfaces/my_simulator_interfaces/msg
-- Up-to-date: /home/ian/Documents/ARUS/proyect_academy/install/my_simulator_interfaces/include/my_simulator_interfaces/my_simulator_interfaces/msg/detail
-- Up-to-date: /home/ian/Documents/ARUS/proyect_academy/install/my_simulator_interfaces/include/my_simulator_interfaces/my_simulator_interfaces/msg/detail/comando__type_support.hpp
-- Up-to-date: /home/ian/Documents/ARUS/proyect_academy/install/my_simulator_interfaces/include/my_simulator_interfaces/my_simulator_interfaces/msg/detail/comando__traits.hpp
-- Up-to-date: /home/ian/Documents/ARUS/proyect_academy/install/my_simulator_interfaces/include/my_simulator_interfaces/my_simulator_interfaces/msg/detail/comando__builder.hpp
-- Up-to-date: /home/ian/Documents/ARUS/proyect_academy/install/my_simulator_interfaces/include/my_simulator_interfaces/my_simulator_interfaces/msg/detail/comando__struct.hpp
-- Up-to-date: /home/ian/Documents/ARUS/proyect_academy/install/my_simulator_interfaces/include/my_simulator_interfaces/my_simulator_interfaces/msg/comando.hpp
-- Up-to-date: /home/ian/Documents/ARUS/proyect_academy/install/my_simulator_interfaces/include/my_simulator_interfaces/my_simulator_interfaces/msg/rosidl_generator_cpp__visibility_control.hpp
-- Up-to-date: /home/ian/Documents/ARUS/proyect_academy/install/my_simulator_interfaces/include/my_simulator_interfaces/my_simulator_interfaces
-- Up-to-date: /home/ian/Documents/ARUS/proyect_academy/install/my_simulator_interfaces/include/my_simulator_interfaces/my_simulator_interfaces/msg
-- Up-to-date: /home/ian/Documents/ARUS/proyect_academy/install/my_simulator_interfaces/include/my_simulator_interfaces/my_simulator_interfaces/msg/detail
-- Up-to-date: /home/ian/Documents/ARUS/proyect_academy/install/my_simulator_interfaces/include/my_simulator_interfaces/my_simulator_interfaces/msg/detail/comando__rosidl_typesupport_fastrtps_cpp.hpp
-- Up-to-date: /home/ian/Documents/ARUS/proyect_academy/install/my_simulator_interfaces/include/my_simulator_interfaces/my_simulator_interfaces/msg/detail/dds_fastrtps
-- Up-to-date: /home/ian/Documents/ARUS/proyect_academy/install/my_simulator_interfaces/include/my_simulator_interfaces/my_simulator_interfaces/msg/rosidl_typesupport_fastrtps_cpp__visibility_control.h
-- Up-to-date: /home/ian/Documents/ARUS/proyect_academy/install/my_simulator_interfaces/lib/libmy_simulator_interfaces__rosidl_typesupport_fastrtps_cpp.so
-- Up-to-date: /home/ian/Documents/ARUS/proyect_academy/install/my_simulator_interfaces/include/my_simulator_interfaces/my_simulator_interfaces
-- Up-to-date: /home/ian/Documents/ARUS/proyect_academy/install/my_simulator_interfaces/include/my_simulator_interfaces/my_simulator_interfaces/msg
-- Up-to-date: /home/ian/Documents/ARUS/proyect_academy/install/my_simulator_interfaces/include/my_simulator_interfaces/my_simulator_interfaces/msg/detail
-- Up-to-date: /home/ian/Documents/ARUS/proyect_academy/install/my_simulator_interfaces/include/my_simulator_interfaces/my_simulator_interfaces/msg/detail/comando__rosidl_typesupport_introspection_cpp.hpp
-- Up-to-date: /home/ian/Documents/ARUS/proyect_academy/install/my_simulator_interfaces/include/my_simulator_interfaces/my_simulator_interfaces/msg/detail/comando__type_support.cpp
-- Up-to-date: /home/ian/Documents/ARUS/proyect_academy/install/my_simulator_interfaces/lib/libmy_simulator_interfaces__rosidl_typesupport_introspection_cpp.so
-- Up-to-date: /home/ian/Documents/ARUS/proyect_academy/install/my_simulator_interfaces/lib/libmy_simulator_interfaces__rosidl_typesupport_cpp.so
-- Up-to-date: /home/ian/Documents/ARUS/proyect_academy/install/my_simulator_interfaces/share/my_simulator_interfaces/environment/pythonpath.sh
-- Up-to-date: /home/ian/Documents/ARUS/proyect_academy/install/my_simulator_interfaces/share/my_simulator_interfaces/environment/pythonpath.dsv
-- Up-to-date: /home/ian/Documents/ARUS/proyect_academy/install/my_simulator_interfaces/local/lib/python3.10/dist-packages/my_simulator_interfaces-0.0.0-py3.10.egg-info
-- Installing: /home/ian/Documents/ARUS/proyect_academy/install/my_simulator_interfaces/local/lib/python3.10/dist-packages/my_simulator_interfaces-0.0.0-py3.10.egg-info/dependency_links.txt
-- Installing: /home/ian/Documents/ARUS/proyect_academy/install/my_simulator_interfaces/local/lib/python3.10/dist-packages/my_simulator_interfaces-0.0.0-py3.10.egg-info/PKG-INFO
-- Installing: /home/ian/Documents/ARUS/proyect_academy/install/my_simulator_interfaces/local/lib/python3.10/dist-packages/my_simulator_interfaces-0.0.0-py3.10.egg-info/SOURCES.txt
-- Installing: /home/ian/Documents/ARUS/proyect_academy/install/my_simulator_interfaces/local/lib/python3.10/dist-packages/my_simulator_interfaces-0.0.0-py3.10.egg-info/top_level.txt
-- Up-to-date: /home/ian/Documents/ARUS/proyect_academy/install/my_simulator_interfaces/local/lib/python3.10/dist-packages/my_simulator_interfaces
-- Up-to-date: /home/ian/Documents/ARUS/proyect_academy/install/my_simulator_interfaces/local/lib/python3.10/dist-packages/my_simulator_interfaces/__init__.py
-- Up-to-date: /home/ian/Documents/ARUS/proyect_academy/install/my_simulator_interfaces/local/lib/python3.10/dist-packages/my_simulator_interfaces/_my_simulator_interfaces_s.ep.rosidl_typesupport_fastrtps_c.c
-- Up-to-date: /home/ian/Documents/ARUS/proyect_academy/install/my_simulator_interfaces/local/lib/python3.10/dist-packages/my_simulator_interfaces/my_simulator_interfaces_s__rosidl_typesupport_c.cpython-310-x86_64-linux-gnu.so
-- Up-to-date: /home/ian/Documents/ARUS/proyect_academy/install/my_simulator_interfaces/local/lib/python3.10/dist-packages/my_simulator_interfaces/msg
-- Up-to-date: /home/ian/Documents/ARUS/proyect_academy/install/my_simulator_interfaces/local/lib/python3.10/dist-packages/my_simulator_interfaces/msg/__init__.py
-- Up-to-date: /home/ian/Documents/ARUS/proyect_academy/install/my_simulator_interfaces/local/lib/python3.10/dist-packages/my_simulator_interfaces/msg/_comando_s.c
-- Up-to-date: /home/ian/Documents/ARUS/proyect_academy/install/my_simulator_interfaces/local/lib/python3.10/dist-packages/my_simulator_interfaces/msg/_comando.py
-- Up-to-date: /home/ian/Documents/ARUS/proyect_academy/install/my_simulator_interfaces/local/lib/python3.10/dist-packages/my_simulator_interfaces/my_simulator_interfaces_s__rosidl_typesupport_introspection_c.cpython-310-x86_64-linux-gnu.so
-- Up-to-date: /home/ian/Documents/ARUS/proyect_academy/install/my_simulator_interfaces/local/lib/python3.10/dist-packages/my_simulator_interfaces/_my_simulator_interfaces_s.ep.rosidl_typesupport_introspection_c.c
-- Up-to-date: /home/ian/Documents/ARUS/proyect_academy/install/my_simulator_interfaces/local/lib/python3.10/dist-packages/my_simulator_interfaces/my_simulator_interfaces_s__rosidl_typesupport_fastrtps_c.cpython-310-x86_64-linux-gnu.so
-- Up-to-date: /home/ian/Documents/ARUS/proyect_academy/install/my_simulator_interfaces/local/lib/python3.10/dist-packages/my_simulator_interfaces/libmy_simulator_interfaces__rosidl_generator_py.so
-- Up-to-date: /home/ian/Documents/ARUS/proyect_academy/install/my_simulator_interfaces/local/lib/python3.10/dist-packages/my_simulator_interfaces/_my_simulator_interfaces_s.ep.rosidl_typesupport_c.c
Listing '/home/ian/Documents/ARUS/proyect_academy/install/my_simulator_interfaces/local/lib/python3.10/dist-packages/my_simulator_interfaces'...
Listing '/home/ian/Documents/ARUS/proyect_academy/install/my_simulator_interfaces/local/lib/python3.10/dist-packages/my_simulator_interfaces/msg'...
-- Up-to-date: /home/ian/Documents/ARUS/proyect_academy/install/my_simulator_interfaces/local/lib/python3.10/dist-packages/my_simulator_interfaces/my_simulator_interfaces_s__rosidl_typesupport_fastrtps_c.cpython-310-x86_64-linux-gnu.so
-- Up-to-date: /home/ian/Documents/ARUS/proyect_academy/install/my_simulator_interfaces/local/lib/python3.10/dist-packages/my_simulator_interfaces/my_simulator_interfaces_s__rosidl_typesupport_introspection_c.cpython-310-x86_64-linux-gnu.so
-- Up-to-date: /home/ian/Documents/ARUS/proyect_academy/install/my_simulator_interfaces/local/lib/python3.10/dist-packages/my_simulator_interfaces/my_simulator_interfaces_s__rosidl_typesupport_c.cpython-310-x86_64-linux-gnu.so
-- Up-to-date: /home/ian/Documents/ARUS/proyect_academy/install/my_simulator_interfaces/lib/libmy_simulator_interfaces__rosidl_generator_py.so
-- Up-to-date: /home/ian/Documents/ARUS/proyect_academy/install/my_simulator_interfaces/share/my_simulator_interfaces/msg/Comando.idl
-- Up-to-date: /home/ian/Documents/ARUS/proyect_academy/install/my_simulator_interfaces/share/my_simulator_interfaces/msg/Comando.msg
-- Up-to-date: /home/ian/Documents/ARUS/proyect_academy/install/my_simulator_interfaces/share/ament_index/resource_index/package_run_dependencies/my_simulator_interfaces
-- Up-to-date: /home/ian/Documents/ARUS/proyect_academy/install/my_simulator_interfaces/share/ament_index/resource_index/parent_prefix_path/my_simulator_interfaces
-- Up-to-date: /home/ian/Documents/ARUS/proyect_academy/install/my_simulator_interfaces/share/my_simulator_interfaces/environment/ament_prefix_path.sh
-- Up-to-date: /home/ian/Documents/ARUS/proyect_academy/install/my_simulator_interfaces/share/my_simulator_interfaces/environment/ament_prefix_path.dsv
-- Up-to-date: /home/ian/Documents/ARUS/proyect_academy/install/my_simulator_interfaces/share/my_simulator_interfaces/environment/path.sh
-- Up-to-date: /home/ian/Documents/ARUS/proyect_academy/install/my_simulator_interfaces/share/my_simulator_interfaces/environment/path.dsv
-- Up-to-date: /home/ian/Documents/ARUS/proyect_academy/install/my_simulator_interfaces/share/my_simulator_interfaces/local_setup.bash
-- Up-to-date: /home/ian/Documents/ARUS/proyect_academy/install/my_simulator_interfaces/share/my_simulator_interfaces/local_setup.sh
-- Up-to-date: /home/ian/Documents/ARUS/proyect_academy/install/my_simulator_interfaces/share/my_simulator_interfaces/local_setup.zsh
-- Up-to-date: /home/ian/Documents/ARUS/proyect_academy/install/my_simulator_interfaces/share/my_simulator_interfaces/local_setup.dsv
-- Installing: /home/ian/Documents/ARUS/proyect_academy/install/my_simulator_interfaces/share/my_simulator_interfaces/package.dsv
-- Up-to-date: /home/ian/Documents/ARUS/proyect_academy/install/my_simulator_interfaces/share/ament_index/resource_index/packages/my_simulator_interfaces
-- Up-to-date: /home/ian/Documents/ARUS/proyect_academy/install/my_simulator_interfaces/share/my_simulator_interfaces/cmake/export_my_simulator_interfaces__rosidl_generator_cExport.cmake
-- Up-to-date: /home/ian/Documents/ARUS/proyect_academy/install/my_simulator_interfaces/share/my_simulator_interfaces/cmake/export_my_simulator_interfaces__rosidl_generator_cExport-noconfig.cmake
-- Up-to-date: /home/ian/Documents/ARUS/proyect_academy/install/my_simulator_interfaces/share/my_simulator_interfaces/cmake/export_my_simulator_interfaces__rosidl_typesupport_fastrtps_cExport.cmake
-- Up-to-date: /home/ian/Documents/ARUS/proyect_academy/install/my_simulator_interfaces/share/my_simulator_interfaces/cmake/export_my_simulator_interfaces__rosidl_typesupport_fastrtps_cExport-noconfig.cmake
-- Up-to-date: /home/ian/Documents/ARUS/proyect_academy/install/my_simulator_interfaces/share/my_simulator_interfaces/cmake/my_simulator_interfaces__rosidl_typesupport_introspection_cExport.cmake
-- Up-to-date: /home/ian/Documents/ARUS/proyect_academy/install/my_simulator_interfaces/share/my_simulator_interfaces/cmake/my_simulator_interfaces__rosidl_typesupport_introspection_cExport-noconfig.cmake
-- Up-to-date: /home/ian/Documents/ARUS/proyect_academy/install/my_simulator_interfaces/share/my_simulator_interfaces/cmake/my_simulator_interfaces__rosidl_typesupport_cExport.cmake
-- Up-to-date: /home/ian/Documents/ARUS/proyect_academy/install/my_simulator_interfaces/share/my_simulator_interfaces/cmake/my_simulator_interfaces__rosidl_typesupport_cExport-noconfig.cmake
-- Up-to-date: /home/ian/Documents/ARUS/proyect_academy/install/my_simulator_interfaces/share/my_simulator_interfaces/cmake/export_my_simulator_interfaces__rosidl_generator_cppExport.cmake
-- Up-to-date: /home/ian/Documents/ARUS/proyect_academy/install/my_simulator_interfaces/share/my_simulator_interfaces/cmake/export_my_simulator_interfaces__rosidl_typesupport_fastrtps_cppExport.cmake
-- Up-to-date: /home/ian/Documents/ARUS/proyect_academy/install/my_simulator_interfaces/share/my_simulator_interfaces/cmake/export_my_simulator_interfaces__rosidl_typesupport_fastrtps_cppExport-noconfig.cmake
-- Up-to-date: /home/ian/Documents/ARUS/proyect_academy/install/my_simulator_interfaces/share/my_simulator_interfaces/cmake/my_simulator_interfaces__rosidl_typesupport_introspection_cppExport.cmake
-- Up-to-date: /home/ian/Documents/ARUS/proyect_academy/install/my_simulator_interfaces/share/my_simulator_interfaces/cmake/my_simulator_interfaces__rosidl_typesupport_introspection_cppExport-noconfig.cmake
-- Up-to-date: /home/ian/Documents/ARUS/proyect_academy/install/my_simulator_interfaces/share/my_simulator_interfaces/cmake/my_simulator_interfaces__rosidl_typesupport_cppExport.cmake
-- Up-to-date: /home/ian/Documents/ARUS/proyect_academy/install/my_simulator_interfaces/share/my_simulator_interfaces/cmake/my_simulator_interfaces__rosidl_typesupport_cppExport-noconfig.cmake
-- Up-to-date: /home/ian/Documents/ARUS/proyect_academy/install/my_simulator_interfaces/share/my_simulator_interfaces/cmake/export_my_simulator_interfaces__rosidl_generator_pyExport.cmake
-- Up-to-date: /home/ian/Documents/ARUS/proyect_academy/install/my_simulator_interfaces/share/my_simulator_interfaces/cmake/export_my_simulator_interfaces__rosidl_generator_pyExport-noconfig.cmake
-- Up-to-date: /home/ian/Documents/ARUS/proyect_academy/install/my_simulator_interfaces/share/my_simulator_interfaces/cmake/rosidl_cmake-extras.cmake
-- Up-to-date: /home/ian/Documents/ARUS/proyect_academy/install/my_simulator_interfaces/share/my_simulator_interfaces/cmake/ament_cmake_export_include_directories-extras.cmake
-- Up-to-date: /home/ian/Documents/ARUS/proyect_academy/install/my_simulator_interfaces/share/my_simulator_interfaces/cmake/ament_cmake_export_libraries-extras.cmake
-- Up-to-date: /home/ian/Documents/ARUS/proyect_academy/install/my_simulator_interfaces/share/my_simulator_interfaces/cmake/ament_cmake_export_targets-extras.cmake
-- Up-to-date: /home/ian/Documents/ARUS/proyect_academy/install/my_simulator_interfaces/share/my_simulator_interfaces/cmake/rosidl_cmake_export_typesupport_targets-extras.cmake
-- Up-to-date: /home/ian/Documents/ARUS/proyect_academy/install/my_simulator_interfaces/share/my_simulator_interfaces/cmake/ament_cmake_export_dependencies-extras.cmake
-- Up-to-date: /home/ian/Documents/ARUS/proyect_academy/install/my_simulator_interfaces/share/my_simulator_interfaces/cmake/rosidl_cmake_export_typesupport_libraries-extras.cmake
-- Up-to-date: /home/ian/Documents/ARUS/proyect_academy/install/my_simulator_interfaces/share/my_simulator_interfaces/cmake/my_simulator_interfacesConfig.cmake
-- Up-to-date: /home/ian/Documents/ARUS/proyect_academy/install/my_simulator_interfaces/share/my_simulator_interfaces/cmake/my_simulator_interfacesConfig-version.cmake
-- Up-to-date: /home/ian/Documents/ARUS/proyect_academy/install/my_simulator_interfaces/share/my_simulator_interfaces/package.xml
