[0.008s] Invoking command in '/home/ian/Documents/ARUS/proyect_academy/build/interfaces': CMAKE_PREFIX_PATH=/opt/ros/humble /usr/bin/cmake /home/ian/Documents/ARUS/proyect_academy/src/interfaces -DCMAKE_INSTALL_PREFIX=/home/ian/Documents/ARUS/proyect_academy/install/interfaces
[0.108s] -- The C compiler identification is GNU 11.4.0
[0.179s] -- The CXX compiler identification is GNU 11.4.0
[0.187s] -- Detecting C compiler ABI info
[0.248s] -- Detecting C compiler ABI info - done
[0.252s] -- Check for working C compiler: /usr/bin/cc - skipped
[0.252s] -- Detecting C compile features
[0.253s] -- Detecting C compile features - done
[0.255s] -- Detecting CXX compiler ABI info
[0.312s] -- Detecting CXX compiler ABI info - done
[0.317s] -- Check for working CXX compiler: /usr/bin/c++ - skipped
[0.317s] -- Detecting CXX compile features
[0.317s] -- Detecting CXX compile features - done
[0.320s] -- Found ament_cmake: 1.3.12 (/opt/ros/humble/share/ament_cmake/cmake)
[0.425s] -- Found Python3: /usr/bin/python3 (found version "3.10.12") found components: Interpreter 
[0.480s] -- Found rosidl_default_generators: 1.2.0 (/opt/ros/humble/share/rosidl_default_generators/cmake)
[0.482s] -- Using all available rosidl_typesupport_c: rosidl_typesupport_fastrtps_c;rosidl_typesupport_introspection_c
[0.486s] -- Found rosidl_adapter: 3.1.7 (/opt/ros/humble/share/rosidl_adapter/cmake)
[0.510s] -- Using all available rosidl_typesupport_cpp: rosidl_typesupport_fastrtps_cpp;rosidl_typesupport_introspection_cpp
[0.532s] [31mCMake Error at CMakeLists.txt:15 (rosild_generate_interfaces):
[0.532s]   Unknown CMake command "rosild_generate_interfaces".
[0.532s] 
[0.532s] [0m
[0.532s] -- Configuring incomplete, errors occurred!
[0.532s] See also "/home/ian/Documents/ARUS/proyect_academy/build/interfaces/CMakeFiles/CMakeOutput.log".
[0.536s] Invoked command in '/home/ian/Documents/ARUS/proyect_academy/build/interfaces' returned '1': CMAKE_PREFIX_PATH=/opt/ros/humble /usr/bin/cmake /home/ian/Documents/ARUS/proyect_academy/src/interfaces -DCMAKE_INSTALL_PREFIX=/home/ian/Documents/ARUS/proyect_academy/install/interfaces
