[0.008s] Invoking command in '/home/ian/Documents/ARUS/proyect_academy/build/interfaces': CMAKE_PREFIX_PATH=/opt/ros/humble /usr/bin/cmake /home/ian/Documents/ARUS/proyect_academy/src/interfaces -DCMAKE_INSTALL_PREFIX=/home/ian/Documents/ARUS/proyect_academy/install/interfaces
[0.016s] -- Found ament_cmake: 1.3.12 (/opt/ros/humble/share/ament_cmake/cmake)
[0.109s] -- Found rosidl_default_runtime: 1.2.0 (/opt/ros/humble/share/rosidl_default_runtime/cmake)
[0.119s] -- Using all available rosidl_typesupport_c: rosidl_typesupport_fastrtps_c;rosidl_typesupport_introspection_c
[0.121s] -- Found rosidl_adapter: 3.1.7 (/opt/ros/humble/share/rosidl_adapter/cmake)
[0.130s] -- Using all available rosidl_typesupport_cpp: rosidl_typesupport_fastrtps_cpp;rosidl_typesupport_introspection_cpp
[0.142s] -- Found rosidl_default_generators: 1.2.0 (/opt/ros/humble/share/rosidl_default_generators/cmake)
[0.304s] -- Found ament_cmake_ros: 0.10.0 (/opt/ros/humble/share/ament_cmake_ros/cmake)
[0.435s] -- Using all available rosidl_typesupport_c: rosidl_typesupport_fastrtps_c;rosidl_typesupport_introspection_c
[0.605s] -- Using all available rosidl_typesupport_cpp: rosidl_typesupport_fastrtps_cpp;rosidl_typesupport_introspection_cpp
[0.620s] -- Found PythonInterp: /usr/bin/python3 (found suitable version "3.10.12", minimum required is "3.6") 
[0.622s] -- Found python_cmake_module: 0.10.0 (/opt/ros/humble/share/python_cmake_module/cmake)
[0.643s] -- Found PythonLibs: /usr/lib/x86_64-linux-gnu/libpython3.10.so (found suitable version "3.10.12", minimum required is "3.5") 
[0.643s] -- Using PYTHON_EXECUTABLE: /usr/bin/python3
[0.643s] -- Using PYTHON_INCLUDE_DIRS: /usr/include/python3.10
[0.643s] -- Using PYTHON_LIBRARIES: /usr/lib/x86_64-linux-gnu/libpython3.10.so
[0.657s] -- Found PythonExtra: .so  
[0.676s] -- Found ament_lint_auto: 0.12.14 (/opt/ros/humble/share/ament_lint_auto/cmake)
[0.689s] -- Added test 'lint_cmake' to check CMake code style
[0.689s] -- Added test 'xmllint' to check XML markup files
[0.691s] -- Configuring done
[0.707s] -- Generating done
[0.712s] -- Build files have been written to: /home/ian/Documents/ARUS/proyect_academy/build/interfaces
[0.717s] Invoked command in '/home/ian/Documents/ARUS/proyect_academy/build/interfaces' returned '0': CMAKE_PREFIX_PATH=/opt/ros/humble /usr/bin/cmake /home/ian/Documents/ARUS/proyect_academy/src/interfaces -DCMAKE_INSTALL_PREFIX=/home/ian/Documents/ARUS/proyect_academy/install/interfaces
[0.718s] Invoking command in '/home/ian/Documents/ARUS/proyect_academy/build/interfaces': CMAKE_PREFIX_PATH=/opt/ros/humble /usr/bin/cmake --build /home/ian/Documents/ARUS/proyect_academy/build/interfaces -- -j4 -l4
[0.743s] [  3%] [34m[1mGenerating C code for ROS interfaces[0m
[0.755s] [  6%] [34m[1mGenerating C++ code for ROS interfaces[0m
[0.756s] [  6%] Built target ament_cmake_python_copy_interfaces
[0.910s] running egg_info
[0.910s] creating interfaces.egg-info
[0.910s] writing interfaces.egg-info/PKG-INFO
[0.911s] writing dependency_links to interfaces.egg-info/dependency_links.txt
[0.911s] writing top-level names to interfaces.egg-info/top_level.txt
[0.911s] writing manifest file 'interfaces.egg-info/SOURCES.txt'
[0.913s] reading manifest file 'interfaces.egg-info/SOURCES.txt'
[0.913s] writing manifest file 'interfaces.egg-info/SOURCES.txt'
[0.931s] [  6%] Built target ament_cmake_python_build_interfaces_egg
[0.935s] [  6%] Built target interfaces__cpp
[0.951s] [  9%] [34m[1mGenerating C++ type support for eProsima Fast-RTPS[0m
[0.951s] [ 12%] [34m[1mGenerating C++ type support dispatch for ROS interfaces[0m
[0.958s] [ 16%] [32mBuilding C object CMakeFiles/interfaces__rosidl_generator_c.dir/rosidl_generator_c/interfaces/msg/detail/comando__functions.c.o[0m
[0.958s] [ 19%] [34m[1mGenerating C++ introspection for ROS interfaces[0m
[1.058s] [ 22%] [32m[1mLinking C shared library libinterfaces__rosidl_generator_c.so[0m
[1.094s] [ 22%] Built target interfaces__rosidl_generator_c
[1.100s] [ 25%] [34m[1mGenerating C introspection for ROS interfaces[0m
[1.108s] [ 29%] [32mBuilding CXX object CMakeFiles/interfaces__rosidl_typesupport_cpp.dir/rosidl_typesupport_cpp/interfaces/msg/comando__type_support.cpp.o[0m
[1.113s] [ 32%] [32mBuilding CXX object CMakeFiles/interfaces__rosidl_typesupport_introspection_cpp.dir/rosidl_typesupport_introspection_cpp/interfaces/msg/detail/comando__type_support.cpp.o[0m
[1.117s] [ 35%] [32mBuilding CXX object CMakeFiles/interfaces__rosidl_typesupport_fastrtps_cpp.dir/rosidl_typesupport_fastrtps_cpp/interfaces/msg/detail/dds_fastrtps/comando__type_support.cpp.o[0m
[1.259s] [ 38%] [32mBuilding C object CMakeFiles/interfaces__rosidl_typesupport_introspection_c.dir/rosidl_typesupport_introspection_c/interfaces/msg/detail/comando__type_support.c.o[0m
[1.290s] [ 41%] [32m[1mLinking C shared library libinterfaces__rosidl_typesupport_introspection_c.so[0m
[1.312s] [ 41%] Built target interfaces__rosidl_typesupport_introspection_c
[1.316s] [ 45%] [32m[1mLinking CXX shared library libinterfaces__rosidl_typesupport_cpp.so[0m
[1.322s] [ 48%] [34m[1mGenerating C type support dispatch for ROS interfaces[0m
[1.352s] [ 48%] Built target interfaces__rosidl_typesupport_cpp
[1.360s] [ 51%] [34m[1mGenerating C type support for eProsima Fast-RTPS[0m
[1.405s] [ 54%] [32m[1mLinking CXX shared library libinterfaces__rosidl_typesupport_introspection_cpp.so[0m
[1.407s] [ 58%] [32m[1mLinking CXX shared library libinterfaces__rosidl_typesupport_fastrtps_cpp.so[0m
[1.437s] [ 58%] Built target interfaces__rosidl_typesupport_introspection_cpp
[1.467s] [ 58%] Built target interfaces__rosidl_typesupport_fastrtps_cpp
[1.475s] [ 61%] [32mBuilding CXX object CMakeFiles/interfaces__rosidl_typesupport_c.dir/rosidl_typesupport_c/interfaces/msg/comando__type_support.cpp.o[0m
[1.495s] [ 64%] [32m[1mLinking CXX shared library libinterfaces__rosidl_typesupport_c.so[0m
[1.521s] [ 64%] Built target interfaces__rosidl_typesupport_c
[1.530s] [ 67%] [32mBuilding CXX object CMakeFiles/interfaces__rosidl_typesupport_fastrtps_c.dir/rosidl_typesupport_fastrtps_c/interfaces/msg/detail/comando__type_support_c.cpp.o[0m
[1.722s] [ 70%] [32m[1mLinking CXX shared library libinterfaces__rosidl_typesupport_fastrtps_c.so[0m
[1.772s] [ 70%] Built target interfaces__rosidl_typesupport_fastrtps_c
[1.787s] [ 70%] Built target interfaces
[1.799s] [ 74%] [34m[1mGenerating Python code for ROS interfaces[0m
[1.969s] [ 74%] Built target interfaces__py
[1.984s] [ 77%] [32mBuilding C object CMakeFiles/interfaces__rosidl_generator_py.dir/rosidl_generator_py/interfaces/msg/_comando_s.c.o[0m
[2.086s] [ 80%] [32m[1mLinking C shared library rosidl_generator_py/interfaces/libinterfaces__rosidl_generator_py.so[0m
[2.111s] [ 80%] Built target interfaces__rosidl_generator_py
[2.124s] [ 90%] [32mBuilding C object CMakeFiles/interfaces__rosidl_typesupport_introspection_c__pyext.dir/rosidl_generator_py/interfaces/_interfaces_s.ep.rosidl_typesupport_introspection_c.c.o[0m
[2.125s] [ 90%] [32mBuilding C object CMakeFiles/interfaces__rosidl_typesupport_c__pyext.dir/rosidl_generator_py/interfaces/_interfaces_s.ep.rosidl_typesupport_c.c.o[0m
[2.125s] [ 90%] [32mBuilding C object CMakeFiles/interfaces__rosidl_typesupport_fastrtps_c__pyext.dir/rosidl_generator_py/interfaces/_interfaces_s.ep.rosidl_typesupport_fastrtps_c.c.o[0m
[2.178s] [ 93%] [32m[1mLinking C shared library rosidl_generator_py/interfaces/interfaces_s__rosidl_typesupport_introspection_c.cpython-310-x86_64-linux-gnu.so[0m
[2.179s] [ 96%] [32m[1mLinking C shared library rosidl_generator_py/interfaces/interfaces_s__rosidl_typesupport_c.cpython-310-x86_64-linux-gnu.so[0m
[2.185s] [100%] [32m[1mLinking C shared library rosidl_generator_py/interfaces/interfaces_s__rosidl_typesupport_fastrtps_c.cpython-310-x86_64-linux-gnu.so[0m
[2.206s] [100%] Built target interfaces__rosidl_typesupport_introspection_c__pyext
[2.210s] [100%] Built target interfaces__rosidl_typesupport_fastrtps_c__pyext
[2.210s] [100%] Built target interfaces__rosidl_typesupport_c__pyext
[2.220s] Invoked command in '/home/ian/Documents/ARUS/proyect_academy/build/interfaces' returned '0': CMAKE_PREFIX_PATH=/opt/ros/humble /usr/bin/cmake --build /home/ian/Documents/ARUS/proyect_academy/build/interfaces -- -j4 -l4
[2.220s] Invoking command in '/home/ian/Documents/ARUS/proyect_academy/build/interfaces': CMAKE_PREFIX_PATH=/opt/ros/humble /usr/bin/cmake --install /home/ian/Documents/ARUS/proyect_academy/build/interfaces
[2.224s] -- Install configuration: ""
[2.224s] -- Installing: /home/ian/Documents/ARUS/proyect_academy/install/interfaces/share/ament_index/resource_index/rosidl_interfaces/interfaces
[2.224s] -- Installing: /home/ian/Documents/ARUS/proyect_academy/install/interfaces/include/interfaces/interfaces
[2.225s] -- Installing: /home/ian/Documents/ARUS/proyect_academy/install/interfaces/include/interfaces/interfaces/msg
[2.225s] -- Installing: /home/ian/Documents/ARUS/proyect_academy/install/interfaces/include/interfaces/interfaces/msg/rosidl_generator_c__visibility_control.h
[2.225s] -- Installing: /home/ian/Documents/ARUS/proyect_academy/install/interfaces/include/interfaces/interfaces/msg/detail
[2.225s] -- Installing: /home/ian/Documents/ARUS/proyect_academy/install/interfaces/include/interfaces/interfaces/msg/detail/comando__type_support.h
[2.225s] -- Installing: /home/ian/Documents/ARUS/proyect_academy/install/interfaces/include/interfaces/interfaces/msg/detail/comando__functions.h
[2.225s] -- Installing: /home/ian/Documents/ARUS/proyect_academy/install/interfaces/include/interfaces/interfaces/msg/detail/comando__struct.h
[2.225s] -- Installing: /home/ian/Documents/ARUS/proyect_academy/install/interfaces/include/interfaces/interfaces/msg/detail/comando__functions.c
[2.225s] -- Installing: /home/ian/Documents/ARUS/proyect_academy/install/interfaces/include/interfaces/interfaces/msg/comando.h
[2.225s] -- Installing: /home/ian/Documents/ARUS/proyect_academy/install/interfaces/share/interfaces/environment/library_path.sh
[2.225s] -- Installing: /home/ian/Documents/ARUS/proyect_academy/install/interfaces/share/interfaces/environment/library_path.dsv
[2.226s] -- Installing: /home/ian/Documents/ARUS/proyect_academy/install/interfaces/lib/libinterfaces__rosidl_generator_c.so
[2.226s] -- Set runtime path of "/home/ian/Documents/ARUS/proyect_academy/install/interfaces/lib/libinterfaces__rosidl_generator_c.so" to ""
[2.227s] -- Up-to-date: /home/ian/Documents/ARUS/proyect_academy/install/interfaces/include/interfaces/interfaces
[2.227s] -- Up-to-date: /home/ian/Documents/ARUS/proyect_academy/install/interfaces/include/interfaces/interfaces/msg
[2.227s] -- Up-to-date: /home/ian/Documents/ARUS/proyect_academy/install/interfaces/include/interfaces/interfaces/msg/detail
[2.227s] -- Installing: /home/ian/Documents/ARUS/proyect_academy/install/interfaces/include/interfaces/interfaces/msg/detail/comando__rosidl_typesupport_fastrtps_c.h
[2.227s] -- Installing: /home/ian/Documents/ARUS/proyect_academy/install/interfaces/include/interfaces/interfaces/msg/rosidl_typesupport_fastrtps_c__visibility_control.h
[2.227s] -- Installing: /home/ian/Documents/ARUS/proyect_academy/install/interfaces/lib/libinterfaces__rosidl_typesupport_fastrtps_c.so
[2.227s] -- Set runtime path of "/home/ian/Documents/ARUS/proyect_academy/install/interfaces/lib/libinterfaces__rosidl_typesupport_fastrtps_c.so" to ""
[2.227s] -- Up-to-date: /home/ian/Documents/ARUS/proyect_academy/install/interfaces/include/interfaces/interfaces
[2.227s] -- Up-to-date: /home/ian/Documents/ARUS/proyect_academy/install/interfaces/include/interfaces/interfaces/msg
[2.227s] -- Up-to-date: /home/ian/Documents/ARUS/proyect_academy/install/interfaces/include/interfaces/interfaces/msg/detail
[2.227s] -- Installing: /home/ian/Documents/ARUS/proyect_academy/install/interfaces/include/interfaces/interfaces/msg/detail/comando__rosidl_typesupport_introspection_c.h
[2.227s] -- Installing: /home/ian/Documents/ARUS/proyect_academy/install/interfaces/include/interfaces/interfaces/msg/detail/comando__type_support.c
[2.227s] -- Installing: /home/ian/Documents/ARUS/proyect_academy/install/interfaces/include/interfaces/interfaces/msg/rosidl_typesupport_introspection_c__visibility_control.h
[2.227s] -- Installing: /home/ian/Documents/ARUS/proyect_academy/install/interfaces/lib/libinterfaces__rosidl_typesupport_introspection_c.so
[2.227s] -- Set runtime path of "/home/ian/Documents/ARUS/proyect_academy/install/interfaces/lib/libinterfaces__rosidl_typesupport_introspection_c.so" to ""
[2.227s] -- Installing: /home/ian/Documents/ARUS/proyect_academy/install/interfaces/lib/libinterfaces__rosidl_typesupport_c.so
[2.227s] -- Set runtime path of "/home/ian/Documents/ARUS/proyect_academy/install/interfaces/lib/libinterfaces__rosidl_typesupport_c.so" to ""
[2.227s] -- Up-to-date: /home/ian/Documents/ARUS/proyect_academy/install/interfaces/include/interfaces/interfaces
[2.227s] -- Up-to-date: /home/ian/Documents/ARUS/proyect_academy/install/interfaces/include/interfaces/interfaces/msg
[2.227s] -- Up-to-date: /home/ian/Documents/ARUS/proyect_academy/install/interfaces/include/interfaces/interfaces/msg/detail
[2.227s] -- Installing: /home/ian/Documents/ARUS/proyect_academy/install/interfaces/include/interfaces/interfaces/msg/detail/comando__type_support.hpp
[2.227s] -- Installing: /home/ian/Documents/ARUS/proyect_academy/install/interfaces/include/interfaces/interfaces/msg/detail/comando__traits.hpp
[2.228s] -- Installing: /home/ian/Documents/ARUS/proyect_academy/install/interfaces/include/interfaces/interfaces/msg/detail/comando__builder.hpp
[2.228s] -- Installing: /home/ian/Documents/ARUS/proyect_academy/install/interfaces/include/interfaces/interfaces/msg/detail/comando__struct.hpp
[2.228s] -- Installing: /home/ian/Documents/ARUS/proyect_academy/install/interfaces/include/interfaces/interfaces/msg/comando.hpp
[2.228s] -- Installing: /home/ian/Documents/ARUS/proyect_academy/install/interfaces/include/interfaces/interfaces/msg/rosidl_generator_cpp__visibility_control.hpp
[2.228s] -- Up-to-date: /home/ian/Documents/ARUS/proyect_academy/install/interfaces/include/interfaces/interfaces
[2.228s] -- Up-to-date: /home/ian/Documents/ARUS/proyect_academy/install/interfaces/include/interfaces/interfaces/msg
[2.228s] -- Up-to-date: /home/ian/Documents/ARUS/proyect_academy/install/interfaces/include/interfaces/interfaces/msg/detail
[2.228s] -- Installing: /home/ian/Documents/ARUS/proyect_academy/install/interfaces/include/interfaces/interfaces/msg/detail/comando__rosidl_typesupport_fastrtps_cpp.hpp
[2.228s] -- Installing: /home/ian/Documents/ARUS/proyect_academy/install/interfaces/include/interfaces/interfaces/msg/detail/dds_fastrtps
[2.228s] -- Installing: /home/ian/Documents/ARUS/proyect_academy/install/interfaces/include/interfaces/interfaces/msg/rosidl_typesupport_fastrtps_cpp__visibility_control.h
[2.228s] -- Installing: /home/ian/Documents/ARUS/proyect_academy/install/interfaces/lib/libinterfaces__rosidl_typesupport_fastrtps_cpp.so
[2.228s] -- Set runtime path of "/home/ian/Documents/ARUS/proyect_academy/install/interfaces/lib/libinterfaces__rosidl_typesupport_fastrtps_cpp.so" to ""
[2.229s] -- Up-to-date: /home/ian/Documents/ARUS/proyect_academy/install/interfaces/include/interfaces/interfaces
[2.229s] -- Up-to-date: /home/ian/Documents/ARUS/proyect_academy/install/interfaces/include/interfaces/interfaces/msg
[2.229s] -- Up-to-date: /home/ian/Documents/ARUS/proyect_academy/install/interfaces/include/interfaces/interfaces/msg/detail
[2.229s] -- Installing: /home/ian/Documents/ARUS/proyect_academy/install/interfaces/include/interfaces/interfaces/msg/detail/comando__rosidl_typesupport_introspection_cpp.hpp
[2.229s] -- Installing: /home/ian/Documents/ARUS/proyect_academy/install/interfaces/include/interfaces/interfaces/msg/detail/comando__type_support.cpp
[2.229s] -- Installing: /home/ian/Documents/ARUS/proyect_academy/install/interfaces/lib/libinterfaces__rosidl_typesupport_introspection_cpp.so
[2.229s] -- Set runtime path of "/home/ian/Documents/ARUS/proyect_academy/install/interfaces/lib/libinterfaces__rosidl_typesupport_introspection_cpp.so" to ""
[2.229s] -- Installing: /home/ian/Documents/ARUS/proyect_academy/install/interfaces/lib/libinterfaces__rosidl_typesupport_cpp.so
[2.229s] -- Set runtime path of "/home/ian/Documents/ARUS/proyect_academy/install/interfaces/lib/libinterfaces__rosidl_typesupport_cpp.so" to ""
[2.229s] -- Installing: /home/ian/Documents/ARUS/proyect_academy/install/interfaces/share/interfaces/environment/pythonpath.sh
[2.229s] -- Installing: /home/ian/Documents/ARUS/proyect_academy/install/interfaces/share/interfaces/environment/pythonpath.dsv
[2.229s] -- Installing: /home/ian/Documents/ARUS/proyect_academy/install/interfaces/local/lib/python3.10/dist-packages/interfaces-0.0.0-py3.10.egg-info
[2.229s] -- Installing: /home/ian/Documents/ARUS/proyect_academy/install/interfaces/local/lib/python3.10/dist-packages/interfaces-0.0.0-py3.10.egg-info/dependency_links.txt
[2.229s] -- Installing: /home/ian/Documents/ARUS/proyect_academy/install/interfaces/local/lib/python3.10/dist-packages/interfaces-0.0.0-py3.10.egg-info/PKG-INFO
[2.229s] -- Installing: /home/ian/Documents/ARUS/proyect_academy/install/interfaces/local/lib/python3.10/dist-packages/interfaces-0.0.0-py3.10.egg-info/SOURCES.txt
[2.229s] -- Installing: /home/ian/Documents/ARUS/proyect_academy/install/interfaces/local/lib/python3.10/dist-packages/interfaces-0.0.0-py3.10.egg-info/top_level.txt
[2.229s] -- Installing: /home/ian/Documents/ARUS/proyect_academy/install/interfaces/local/lib/python3.10/dist-packages/interfaces
[2.229s] -- Installing: /home/ian/Documents/ARUS/proyect_academy/install/interfaces/local/lib/python3.10/dist-packages/interfaces/__init__.py
[2.229s] -- Installing: /home/ian/Documents/ARUS/proyect_academy/install/interfaces/local/lib/python3.10/dist-packages/interfaces/msg
[2.229s] -- Installing: /home/ian/Documents/ARUS/proyect_academy/install/interfaces/local/lib/python3.10/dist-packages/interfaces/msg/__init__.py
[2.229s] -- Installing: /home/ian/Documents/ARUS/proyect_academy/install/interfaces/local/lib/python3.10/dist-packages/interfaces/msg/_comando_s.c
[2.229s] -- Installing: /home/ian/Documents/ARUS/proyect_academy/install/interfaces/local/lib/python3.10/dist-packages/interfaces/msg/_comando.py
[2.229s] -- Installing: /home/ian/Documents/ARUS/proyect_academy/install/interfaces/local/lib/python3.10/dist-packages/interfaces/libinterfaces__rosidl_generator_py.so
[2.229s] -- Installing: /home/ian/Documents/ARUS/proyect_academy/install/interfaces/local/lib/python3.10/dist-packages/interfaces/interfaces_s__rosidl_typesupport_fastrtps_c.cpython-310-x86_64-linux-gnu.so
[2.229s] -- Installing: /home/ian/Documents/ARUS/proyect_academy/install/interfaces/local/lib/python3.10/dist-packages/interfaces/interfaces_s__rosidl_typesupport_introspection_c.cpython-310-x86_64-linux-gnu.so
[2.229s] -- Installing: /home/ian/Documents/ARUS/proyect_academy/install/interfaces/local/lib/python3.10/dist-packages/interfaces/interfaces_s__rosidl_typesupport_c.cpython-310-x86_64-linux-gnu.so
[2.229s] -- Installing: /home/ian/Documents/ARUS/proyect_academy/install/interfaces/local/lib/python3.10/dist-packages/interfaces/_interfaces_s.ep.rosidl_typesupport_c.c
[2.229s] -- Installing: /home/ian/Documents/ARUS/proyect_academy/install/interfaces/local/lib/python3.10/dist-packages/interfaces/_interfaces_s.ep.rosidl_typesupport_fastrtps_c.c
[2.229s] -- Installing: /home/ian/Documents/ARUS/proyect_academy/install/interfaces/local/lib/python3.10/dist-packages/interfaces/_interfaces_s.ep.rosidl_typesupport_introspection_c.c
[2.253s] Listing '/home/ian/Documents/ARUS/proyect_academy/install/interfaces/local/lib/python3.10/dist-packages/interfaces'...
[2.253s] Compiling '/home/ian/Documents/ARUS/proyect_academy/install/interfaces/local/lib/python3.10/dist-packages/interfaces/__init__.py'...
[2.253s] Listing '/home/ian/Documents/ARUS/proyect_academy/install/interfaces/local/lib/python3.10/dist-packages/interfaces/msg'...
[2.253s] Compiling '/home/ian/Documents/ARUS/proyect_academy/install/interfaces/local/lib/python3.10/dist-packages/interfaces/msg/__init__.py'...
[2.253s] Compiling '/home/ian/Documents/ARUS/proyect_academy/install/interfaces/local/lib/python3.10/dist-packages/interfaces/msg/_comando.py'...
[2.254s] -- Installing: /home/ian/Documents/ARUS/proyect_academy/install/interfaces/local/lib/python3.10/dist-packages/interfaces/interfaces_s__rosidl_typesupport_fastrtps_c.cpython-310-x86_64-linux-gnu.so
[2.254s] -- Set runtime path of "/home/ian/Documents/ARUS/proyect_academy/install/interfaces/local/lib/python3.10/dist-packages/interfaces/interfaces_s__rosidl_typesupport_fastrtps_c.cpython-310-x86_64-linux-gnu.so" to ""
[2.254s] -- Installing: /home/ian/Documents/ARUS/proyect_academy/install/interfaces/local/lib/python3.10/dist-packages/interfaces/interfaces_s__rosidl_typesupport_introspection_c.cpython-310-x86_64-linux-gnu.so
[2.254s] -- Set runtime path of "/home/ian/Documents/ARUS/proyect_academy/install/interfaces/local/lib/python3.10/dist-packages/interfaces/interfaces_s__rosidl_typesupport_introspection_c.cpython-310-x86_64-linux-gnu.so" to ""
[2.254s] -- Installing: /home/ian/Documents/ARUS/proyect_academy/install/interfaces/local/lib/python3.10/dist-packages/interfaces/interfaces_s__rosidl_typesupport_c.cpython-310-x86_64-linux-gnu.so
[2.255s] -- Set runtime path of "/home/ian/Documents/ARUS/proyect_academy/install/interfaces/local/lib/python3.10/dist-packages/interfaces/interfaces_s__rosidl_typesupport_c.cpython-310-x86_64-linux-gnu.so" to ""
[2.255s] -- Installing: /home/ian/Documents/ARUS/proyect_academy/install/interfaces/lib/libinterfaces__rosidl_generator_py.so
[2.255s] -- Set runtime path of "/home/ian/Documents/ARUS/proyect_academy/install/interfaces/lib/libinterfaces__rosidl_generator_py.so" to ""
[2.255s] -- Installing: /home/ian/Documents/ARUS/proyect_academy/install/interfaces/share/interfaces/msg/Comando.idl
[2.255s] -- Installing: /home/ian/Documents/ARUS/proyect_academy/install/interfaces/share/interfaces/msg/Comando.msg
[2.255s] -- Up-to-date: /home/ian/Documents/ARUS/proyect_academy/install/interfaces/share/interfaces/msg
[2.255s] -- Up-to-date: /home/ian/Documents/ARUS/proyect_academy/install/interfaces/share/interfaces/msg/Comando.msg
[2.255s] -- Installing: /home/ian/Documents/ARUS/proyect_academy/install/interfaces/share/ament_index/resource_index/package_run_dependencies/interfaces
[2.255s] -- Installing: /home/ian/Documents/ARUS/proyect_academy/install/interfaces/share/ament_index/resource_index/parent_prefix_path/interfaces
[2.255s] -- Installing: /home/ian/Documents/ARUS/proyect_academy/install/interfaces/share/interfaces/environment/ament_prefix_path.sh
[2.256s] -- Installing: /home/ian/Documents/ARUS/proyect_academy/install/interfaces/share/interfaces/environment/ament_prefix_path.dsv
[2.256s] -- Installing: /home/ian/Documents/ARUS/proyect_academy/install/interfaces/share/interfaces/environment/path.sh
[2.256s] -- Installing: /home/ian/Documents/ARUS/proyect_academy/install/interfaces/share/interfaces/environment/path.dsv
[2.256s] -- Installing: /home/ian/Documents/ARUS/proyect_academy/install/interfaces/share/interfaces/local_setup.bash
[2.256s] -- Installing: /home/ian/Documents/ARUS/proyect_academy/install/interfaces/share/interfaces/local_setup.sh
[2.256s] -- Installing: /home/ian/Documents/ARUS/proyect_academy/install/interfaces/share/interfaces/local_setup.zsh
[2.256s] -- Installing: /home/ian/Documents/ARUS/proyect_academy/install/interfaces/share/interfaces/local_setup.dsv
[2.256s] -- Installing: /home/ian/Documents/ARUS/proyect_academy/install/interfaces/share/interfaces/package.dsv
[2.256s] -- Installing: /home/ian/Documents/ARUS/proyect_academy/install/interfaces/share/ament_index/resource_index/packages/interfaces
[2.256s] -- Installing: /home/ian/Documents/ARUS/proyect_academy/install/interfaces/share/interfaces/cmake/export_interfaces__rosidl_generator_cExport.cmake
[2.257s] -- Installing: /home/ian/Documents/ARUS/proyect_academy/install/interfaces/share/interfaces/cmake/export_interfaces__rosidl_generator_cExport-noconfig.cmake
[2.257s] -- Installing: /home/ian/Documents/ARUS/proyect_academy/install/interfaces/share/interfaces/cmake/export_interfaces__rosidl_typesupport_fastrtps_cExport.cmake
[2.257s] -- Installing: /home/ian/Documents/ARUS/proyect_academy/install/interfaces/share/interfaces/cmake/export_interfaces__rosidl_typesupport_fastrtps_cExport-noconfig.cmake
[2.257s] -- Installing: /home/ian/Documents/ARUS/proyect_academy/install/interfaces/share/interfaces/cmake/interfaces__rosidl_typesupport_introspection_cExport.cmake
[2.257s] -- Installing: /home/ian/Documents/ARUS/proyect_academy/install/interfaces/share/interfaces/cmake/interfaces__rosidl_typesupport_introspection_cExport-noconfig.cmake
[2.257s] -- Installing: /home/ian/Documents/ARUS/proyect_academy/install/interfaces/share/interfaces/cmake/interfaces__rosidl_typesupport_cExport.cmake
[2.257s] -- Installing: /home/ian/Documents/ARUS/proyect_academy/install/interfaces/share/interfaces/cmake/interfaces__rosidl_typesupport_cExport-noconfig.cmake
[2.257s] -- Installing: /home/ian/Documents/ARUS/proyect_academy/install/interfaces/share/interfaces/cmake/export_interfaces__rosidl_generator_cppExport.cmake
[2.257s] -- Installing: /home/ian/Documents/ARUS/proyect_academy/install/interfaces/share/interfaces/cmake/export_interfaces__rosidl_typesupport_fastrtps_cppExport.cmake
[2.258s] -- Installing: /home/ian/Documents/ARUS/proyect_academy/install/interfaces/share/interfaces/cmake/export_interfaces__rosidl_typesupport_fastrtps_cppExport-noconfig.cmake
[2.258s] -- Installing: /home/ian/Documents/ARUS/proyect_academy/install/interfaces/share/interfaces/cmake/interfaces__rosidl_typesupport_introspection_cppExport.cmake
[2.258s] -- Installing: /home/ian/Documents/ARUS/proyect_academy/install/interfaces/share/interfaces/cmake/interfaces__rosidl_typesupport_introspection_cppExport-noconfig.cmake
[2.259s] -- Installing: /home/ian/Documents/ARUS/proyect_academy/install/interfaces/share/interfaces/cmake/interfaces__rosidl_typesupport_cppExport.cmake
[2.259s] -- Installing: /home/ian/Documents/ARUS/proyect_academy/install/interfaces/share/interfaces/cmake/interfaces__rosidl_typesupport_cppExport-noconfig.cmake
[2.259s] -- Installing: /home/ian/Documents/ARUS/proyect_academy/install/interfaces/share/interfaces/cmake/export_interfaces__rosidl_generator_pyExport.cmake
[2.259s] -- Installing: /home/ian/Documents/ARUS/proyect_academy/install/interfaces/share/interfaces/cmake/export_interfaces__rosidl_generator_pyExport-noconfig.cmake
[2.259s] -- Installing: /home/ian/Documents/ARUS/proyect_academy/install/interfaces/share/interfaces/cmake/rosidl_cmake-extras.cmake
[2.259s] -- Installing: /home/ian/Documents/ARUS/proyect_academy/install/interfaces/share/interfaces/cmake/ament_cmake_export_include_directories-extras.cmake
[2.259s] -- Installing: /home/ian/Documents/ARUS/proyect_academy/install/interfaces/share/interfaces/cmake/ament_cmake_export_libraries-extras.cmake
[2.259s] -- Installing: /home/ian/Documents/ARUS/proyect_academy/install/interfaces/share/interfaces/cmake/ament_cmake_export_targets-extras.cmake
[2.259s] -- Installing: /home/ian/Documents/ARUS/proyect_academy/install/interfaces/share/interfaces/cmake/rosidl_cmake_export_typesupport_targets-extras.cmake
[2.259s] -- Installing: /home/ian/Documents/ARUS/proyect_academy/install/interfaces/share/interfaces/cmake/ament_cmake_export_dependencies-extras.cmake
[2.259s] -- Installing: /home/ian/Documents/ARUS/proyect_academy/install/interfaces/share/interfaces/cmake/rosidl_cmake_export_typesupport_libraries-extras.cmake
[2.259s] -- Installing: /home/ian/Documents/ARUS/proyect_academy/install/interfaces/share/interfaces/cmake/interfacesConfig.cmake
[2.259s] -- Installing: /home/ian/Documents/ARUS/proyect_academy/install/interfaces/share/interfaces/cmake/interfacesConfig-version.cmake
[2.259s] -- Installing: /home/ian/Documents/ARUS/proyect_academy/install/interfaces/share/interfaces/package.xml
[2.261s] Invoked command in '/home/ian/Documents/ARUS/proyect_academy/build/interfaces' returned '0': CMAKE_PREFIX_PATH=/opt/ros/humble /usr/bin/cmake --install /home/ian/Documents/ARUS/proyect_academy/build/interfaces
